<?xml version="1.0" encoding="UTF-8"?>
<coverage generated="1558081103593" clover="3.2.0">
  <project timestamp="1558081103593" name="All files">
    <metrics statements="2482" coveredstatements="1678" conditionals="805" coveredconditionals="547" methods="776" coveredmethods="520" elements="4063" coveredelements="2745" complexity="0" loc="2482" ncloc="2482" packages="35" files="113" classes="113">
      <package name="app">
        <metrics statements="18" coveredstatements="0" conditionals="0" coveredconditionals="0" methods="6" coveredmethods="0"/>
        <file name="app.ts" path="/home/travis/build/MaibornWolff/codecharta/visualization/app/app.ts">
          <metrics statements="18" coveredstatements="0" conditionals="0" coveredconditionals="0" methods="6" coveredmethods="0"/>
          <line num="2" count="0" type="stmt"/>
          <line num="3" count="0" type="stmt"/>
          <line num="4" count="0" type="stmt"/>
          <line num="5" count="0" type="stmt"/>
          <line num="6" count="0" type="stmt"/>
          <line num="7" count="0" type="stmt"/>
          <line num="8" count="0" type="stmt"/>
          <line num="11" count="0" type="stmt"/>
          <line num="13" count="0" type="stmt"/>
          <line num="18" count="0" type="stmt"/>
          <line num="19" count="0" type="stmt"/>
          <line num="26" count="0" type="stmt"/>
          <line num="33" count="0" type="stmt"/>
          <line num="36" count="0" type="stmt"/>
          <line num="41" count="0" type="stmt"/>
          <line num="49" count="0" type="stmt"/>
          <line num="50" count="0" type="stmt"/>
          <line num="54" count="0" type="stmt"/>
        </file>
      </package>
      <package name="app.codeCharta">
        <metrics statements="70" coveredstatements="63" conditionals="24" coveredconditionals="21" methods="21" coveredmethods="18"/>
        <file name="codeCharta.component.ts" path="/home/travis/build/MaibornWolff/codecharta/visualization/app/codeCharta/codeCharta.component.ts">
          <metrics statements="42" coveredstatements="35" conditionals="10" coveredconditionals="7" methods="13" coveredmethods="10"/>
          <line num="15" count="17" type="stmt"/>
          <line num="31" count="17" type="stmt"/>
          <line num="32" count="17" type="stmt"/>
          <line num="33" count="17" type="stmt"/>
          <line num="34" count="17" type="stmt"/>
          <line num="35" count="17" type="stmt"/>
          <line num="36" count="17" type="stmt"/>
          <line num="37" count="17" type="stmt"/>
          <line num="38" count="17" type="stmt"/>
          <line num="39" count="17" type="stmt"/>
          <line num="40" count="17" type="stmt"/>
          <line num="42" count="17" type="stmt"/>
          <line num="44" count="17" type="stmt"/>
          <line num="45" count="17" type="stmt"/>
          <line num="46" count="17" type="stmt"/>
          <line num="50" count="1" type="stmt"/>
          <line num="54" count="1" type="stmt"/>
          <line num="58" count="1" type="stmt"/>
          <line num="62" count="20" type="stmt"/>
          <line num="65" count="20" type="cond" truecount="2" falsecount="0"/>
          <line num="66" count="2" type="stmt"/>
          <line num="67" count="2" type="stmt"/>
          <line num="69" count="18" type="stmt"/>
          <line num="73" count="0" type="stmt"/>
          <line num="78" count="22" type="cond" truecount="2" falsecount="0"/>
          <line num="79" count="19" type="stmt"/>
          <line num="83" count="22" type="stmt"/>
          <line num="90" count="24" type="stmt"/>
          <line num="92" count="24" type="stmt"/>
          <line num="95" count="24" type="stmt"/>
          <line num="98" count="0" type="stmt"/>
          <line num="99" count="0" type="stmt"/>
          <line num="100" count="0" type="stmt"/>
          <line num="105" count="2" type="stmt"/>
          <line num="106" count="2" type="stmt"/>
          <line num="108" count="2" type="cond" truecount="2" falsecount="2"/>
          <line num="109" count="0" type="stmt"/>
          <line num="110" count="2" type="cond" truecount="1" falsecount="1"/>
          <line num="111" count="0" type="stmt"/>
          <line num="113" count="2" type="stmt"/>
          <line num="118" count="0" type="stmt"/>
          <line num="122" count="18" type="stmt"/>
        </file>
        <file name="codeCharta.model.ts" path="/home/travis/build/MaibornWolff/codecharta/visualization/app/codeCharta/codeCharta.model.ts">
          <metrics statements="12" coveredstatements="12" conditionals="6" coveredconditionals="6" methods="3" coveredmethods="3"/>
          <line num="13" count="39" type="cond" truecount="2" falsecount="0"/>
          <line num="14" count="39" type="stmt"/>
          <line num="15" count="39" type="stmt"/>
          <line num="16" count="39" type="stmt"/>
          <line num="17" count="39" type="stmt"/>
          <line num="18" count="39" type="stmt"/>
          <line num="123" count="39" type="cond" truecount="2" falsecount="0"/>
          <line num="124" count="39" type="stmt"/>
          <line num="125" count="39" type="stmt"/>
          <line num="140" count="39" type="cond" truecount="2" falsecount="0"/>
          <line num="141" count="39" type="stmt"/>
          <line num="142" count="39" type="stmt"/>
        </file>
        <file name="codeCharta.module.ts" path="/home/travis/build/MaibornWolff/codecharta/visualization/app/codeCharta/codeCharta.module.ts">
          <metrics statements="2" coveredstatements="2" conditionals="0" coveredconditionals="0" methods="0" coveredmethods="0"/>
          <line num="12" count="18" type="stmt"/>
          <line num="14" count="18" type="stmt"/>
        </file>
        <file name="codeCharta.service.ts" path="/home/travis/build/MaibornWolff/codecharta/visualization/app/codeCharta/codeCharta.service.ts">
          <metrics statements="14" coveredstatements="14" conditionals="8" coveredconditionals="8" methods="5" coveredmethods="5"/>
          <line num="6" count="37" type="stmt"/>
          <line num="7" count="37" type="stmt"/>
          <line num="8" count="37" type="stmt"/>
          <line num="10" count="30" type="stmt"/>
          <line num="13" count="5" type="stmt"/>
          <line num="14" count="5" type="stmt"/>
          <line num="15" count="5" type="stmt"/>
          <line num="16" count="4" type="cond" truecount="2" falsecount="0"/>
          <line num="17" count="2" type="stmt"/>
          <line num="18" count="2" type="stmt"/>
          <line num="20" count="2" type="stmt"/>
          <line num="24" count="4" type="stmt"/>
          <line num="25" count="4" type="stmt"/>
          <line num="30" count="2" type="stmt"/>
        </file>
      </package>
      <package name="app.codeCharta.e2e">
        <metrics statements="5" coveredstatements="0" conditionals="0" coveredconditionals="0" methods="7" coveredmethods="0"/>
        <file name="logo.po.ts" path="/home/travis/build/MaibornWolff/codecharta/visualization/app/codeCharta/e2e/logo.po.ts">
          <metrics statements="5" coveredstatements="0" conditionals="0" coveredconditionals="0" methods="7" coveredmethods="0"/>
          <line num="2" count="0" type="stmt"/>
          <line num="5" count="0" type="stmt"/>
          <line num="6" count="0" type="stmt"/>
          <line num="10" count="0" type="stmt"/>
          <line num="14" count="0" type="stmt"/>
        </file>
      </package>
      <package name="app.codeCharta.state">
        <metrics statements="136" coveredstatements="128" conditionals="49" coveredconditionals="44" methods="70" coveredmethods="60"/>
        <file name="fileState.service.ts" path="/home/travis/build/MaibornWolff/codecharta/visualization/app/codeCharta/state/fileState.service.ts">
          <metrics statements="33" coveredstatements="32" conditionals="6" coveredconditionals="6" methods="21" coveredmethods="20"/>
          <line num="11" count="33" type="stmt"/>
          <line num="12" count="33" type="stmt"/>
          <line num="14" count="151" type="stmt"/>
          <line num="17" count="151" type="stmt"/>
          <line num="20" count="2" type="stmt"/>
          <line num="24" count="5" type="stmt"/>
          <line num="25" count="5" type="stmt"/>
          <line num="29" count="8" type="stmt"/>
          <line num="33" count="24" type="stmt"/>
          <line num="37" count="6" type="stmt"/>
          <line num="38" count="6" type="stmt"/>
          <line num="39" count="6" type="cond" truecount="2" falsecount="0"/>
          <line num="40" count="1" type="stmt"/>
          <line num="42" count="6" type="stmt"/>
          <line num="46" count="4" type="stmt"/>
          <line num="47" count="4" type="stmt"/>
          <line num="48" count="6" type="stmt"/>
          <line num="50" count="4" type="cond" truecount="2" falsecount="0"/>
          <line num="51" count="2" type="stmt"/>
          <line num="54" count="4" type="cond" truecount="2" falsecount="0"/>
          <line num="55" count="2" type="stmt"/>
          <line num="57" count="4" type="stmt"/>
          <line num="61" count="3" type="stmt"/>
          <line num="62" count="4" type="stmt"/>
          <line num="63" count="3" type="stmt"/>
          <line num="67" count="13" type="stmt"/>
          <line num="71" count="13" type="stmt"/>
          <line num="72" count="13" type="stmt"/>
          <line num="76" count="5" type="stmt"/>
          <line num="80" count="330" type="stmt"/>
          <line num="81" count="2" type="stmt"/>
          <line num="83" count="330" type="stmt"/>
          <line num="84" count="0" type="stmt"/>
        </file>
        <file name="metric.service.ts" path="/home/travis/build/MaibornWolff/codecharta/visualization/app/codeCharta/state/metric.service.ts">
          <metrics statements="59" coveredstatements="54" conditionals="26" coveredconditionals="22" methods="33" coveredmethods="28"/>
          <line num="20" count="33" type="stmt"/>
          <line num="21" count="33" type="stmt"/>
          <line num="23" count="39" type="stmt"/>
          <line num="25" count="39" type="stmt"/>
          <line num="26" count="39" type="stmt"/>
          <line num="27" count="39" type="stmt"/>
          <line num="31" count="2" type="stmt"/>
          <line num="32" count="2" type="stmt"/>
          <line num="33" count="2" type="stmt"/>
          <line num="37" count="0" type="stmt"/>
          <line num="38" count="0" type="stmt"/>
          <line num="42" count="4" type="cond" truecount="4" falsecount="0"/>
          <line num="43" count="3" type="stmt"/>
          <line num="44" count="3" type="stmt"/>
          <line num="49" count="3" type="stmt"/>
          <line num="54" count="4" type="stmt"/>
          <line num="58" count="8" type="stmt"/>
          <line num="62" count="4" type="stmt"/>
          <line num="63" count="3" type="cond" truecount="2" falsecount="0"/>
          <line num="67" count="3" type="cond" truecount="2" falsecount="0"/>
          <line num="68" count="1" type="stmt"/>
          <line num="71" count="2" type="stmt"/>
          <line num="72" count="2" type="stmt"/>
          <line num="73" count="2" type="stmt"/>
          <line num="78" count="2" type="stmt"/>
          <line num="80" count="2" type="stmt"/>
          <line num="81" count="4" type="stmt"/>
          <line num="82" count="4" type="stmt"/>
          <line num="83" count="16" type="cond" truecount="3" falsecount="1"/>
          <line num="84" count="16" type="stmt"/>
          <line num="88" count="2" type="stmt"/>
          <line num="96" count="16" type="stmt"/>
          <line num="98" count="16" type="stmt"/>
          <line num="99" count="48" type="cond" truecount="4" falsecount="0"/>
          <line num="100" count="18" type="stmt"/>
          <line num="109" count="2" type="stmt"/>
          <line num="111" count="2" type="stmt"/>
          <line num="112" count="8" type="stmt"/>
          <line num="118" count="2" type="stmt"/>
          <line num="122" count="18" type="stmt"/>
          <line num="126" count="2" type="cond" truecount="2" falsecount="0"/>
          <line num="127" count="1" type="stmt"/>
          <line num="129" count="1" type="stmt"/>
          <line num="130" count="1" type="stmt"/>
          <line num="131" count="1" type="stmt"/>
          <line num="133" count="1" type="stmt"/>
          <line num="134" count="3" type="cond" truecount="1" falsecount="1"/>
          <line num="136" count="1" type="stmt"/>
          <line num="137" count="6" type="stmt"/>
          <line num="139" count="1" type="stmt"/>
          <line num="144" count="10" type="cond" truecount="3" falsecount="1"/>
          <line num="148" count="2" type="cond" truecount="1" falsecount="1"/>
          <line num="149" count="2" type="stmt"/>
          <line num="158" count="5" type="stmt"/>
          <line num="162" count="0" type="stmt"/>
          <line num="166" count="94" type="stmt"/>
          <line num="167" count="0" type="stmt"/>
          <line num="170" count="94" type="stmt"/>
          <line num="171" count="0" type="stmt"/>
        </file>
        <file name="settings.service.ts" path="/home/travis/build/MaibornWolff/codecharta/visualization/app/codeCharta/state/settings.service.ts">
          <metrics statements="43" coveredstatements="41" conditionals="17" coveredconditionals="16" methods="16" coveredmethods="12"/>
          <line num="15" count="33" type="stmt"/>
          <line num="20" count="306" type="stmt"/>
          <line num="21" count="306" type="stmt"/>
          <line num="22" count="306" type="stmt"/>
          <line num="24" count="0" type="stmt"/>
          <line num="27" count="306" type="stmt"/>
          <line num="31" count="6" type="stmt"/>
          <line num="34" count="6" type="stmt"/>
          <line num="42" count="53" type="stmt"/>
          <line num="47" count="10" type="stmt"/>
          <line num="48" count="10" type="cond" truecount="1" falsecount="1"/>
          <line num="49" count="10" type="stmt"/>
          <line num="50" count="10" type="stmt"/>
          <line num="52" count="10" type="stmt"/>
          <line num="56" count="313" type="stmt"/>
          <line num="71" count="313" type="stmt"/>
          <line num="72" count="313" type="stmt"/>
          <line num="73" count="313" type="stmt"/>
          <line num="75" count="313" type="stmt"/>
          <line num="111" count="313" type="stmt"/>
          <line num="115" count="6" type="stmt"/>
          <line num="116" count="6" type="stmt"/>
          <line num="126" count="6" type="stmt"/>
          <line num="127" count="8" type="stmt"/>
          <line num="128" count="6" type="stmt"/>
          <line num="132" count="15" type="stmt"/>
          <line num="133" count="68" type="cond" truecount="2" falsecount="0"/>
          <line num="134" count="29" type="cond" truecount="4" falsecount="0"/>
          <line num="135" count="14" type="cond" truecount="2" falsecount="0"/>
          <line num="136" count="5" type="stmt"/>
          <line num="138" count="9" type="stmt"/>
          <line num="141" count="15" type="stmt"/>
          <line num="145" count="15" type="stmt"/>
          <line num="149" count="18" type="cond" truecount="2" falsecount="0"/>
          <line num="150" count="16" type="stmt"/>
          <line num="151" count="18" type="cond" truecount="2" falsecount="0"/>
          <line num="152" count="9" type="cond" truecount="2" falsecount="0"/>
          <line num="153" count="5" type="stmt"/>
          <line num="155" count="4" type="stmt"/>
          <line num="160" count="9" type="stmt"/>
          <line num="164" count="10" type="stmt"/>
          <line num="168" count="121" type="stmt"/>
          <line num="169" count="0" type="stmt"/>
        </file>
        <file name="state.module.ts" path="/home/travis/build/MaibornWolff/codecharta/visualization/app/codeCharta/state/state.module.ts">
          <metrics statements="1" coveredstatements="1" conditionals="0" coveredconditionals="0" methods="0" coveredmethods="0"/>
          <line num="9" count="33" type="stmt"/>
        </file>
      </package>
      <package name="app.codeCharta.ui">
        <metrics statements="1" coveredstatements="1" conditionals="0" coveredconditionals="0" methods="0" coveredmethods="0"/>
        <file name="ui.ts" path="/home/travis/build/MaibornWolff/codecharta/visualization/app/codeCharta/ui/ui.ts">
          <metrics statements="1" coveredstatements="1" conditionals="0" coveredconditionals="0" methods="0" coveredmethods="0"/>
          <line num="33" count="18" type="stmt"/>
        </file>
      </package>
      <package name="app.codeCharta.ui.areaSettingsPanel">
        <metrics statements="34" coveredstatements="34" conditionals="11" coveredconditionals="11" methods="9" coveredmethods="9"/>
        <file name="areaSettingsPanel.component.ts" path="/home/travis/build/MaibornWolff/codecharta/visualization/app/codeCharta/ui/areaSettingsPanel/areaSettingsPanel.component.ts">
          <metrics statements="33" coveredstatements="33" conditionals="11" coveredconditionals="11" methods="9" coveredmethods="9"/>
          <line num="9" count="18" type="stmt"/>
          <line num="10" count="18" type="stmt"/>
          <line num="11" count="18" type="stmt"/>
          <line num="13" count="17" type="stmt"/>
          <line num="23" count="17" type="stmt"/>
          <line num="24" count="17" type="stmt"/>
          <line num="25" count="17" type="stmt"/>
          <line num="27" count="17" type="stmt"/>
          <line num="28" count="17" type="stmt"/>
          <line num="32" count="5" type="stmt"/>
          <line num="33" count="5" type="stmt"/>
          <line num="34" count="5" type="stmt"/>
          <line num="38" count="4" type="stmt"/>
          <line num="39" count="4" type="stmt"/>
          <line num="43" count="2" type="stmt"/>
          <line num="44" count="2" type="stmt"/>
          <line num="48" count="1" type="stmt"/>
          <line num="56" count="1" type="stmt"/>
          <line num="67" count="9" type="cond" truecount="5" falsecount="0"/>
          <line num="68" count="7" type="stmt"/>
          <line num="69" count="7" type="cond" truecount="2" falsecount="0"/>
          <line num="70" count="5" type="stmt"/>
          <line num="71" count="5" type="stmt"/>
          <line num="77" count="7" type="stmt"/>
          <line num="78" count="7" type="stmt"/>
          <line num="79" count="7" type="stmt"/>
          <line num="81" count="7" type="stmt"/>
          <line num="82" count="28" type="stmt"/>
          <line num="83" count="28" type="cond" truecount="4" falsecount="0"/>
          <line num="84" count="21" type="stmt"/>
          <line num="88" count="7" type="stmt"/>
          <line num="89" count="7" type="stmt"/>
          <line num="93" count="18" type="stmt"/>
        </file>
        <file name="areaSettingsPanel.module.ts" path="/home/travis/build/MaibornWolff/codecharta/visualization/app/codeCharta/ui/areaSettingsPanel/areaSettingsPanel.module.ts">
          <metrics statements="1" coveredstatements="1" conditionals="0" coveredconditionals="0" methods="0" coveredmethods="0"/>
          <line num="5" count="18" type="stmt"/>
        </file>
      </package>
      <package name="app.codeCharta.ui.blacklistPanel">
        <metrics statements="9" coveredstatements="8" conditionals="6" coveredconditionals="1" methods="4" coveredmethods="3"/>
        <file name="blacklistPanel.component.ts" path="/home/travis/build/MaibornWolff/codecharta/visualization/app/codeCharta/ui/blacklistPanel/blacklistPanel.component.ts">
          <metrics statements="8" coveredstatements="7" conditionals="6" coveredconditionals="1" methods="4" coveredmethods="3"/>
          <line num="8" count="2" type="stmt"/>
          <line num="14" count="2" type="stmt"/>
          <line num="15" count="2" type="stmt"/>
          <line num="19" count="1" type="cond" truecount="1" falsecount="1"/>
          <line num="20" count="1" type="stmt"/>
          <line num="25" count="1" type="stmt"/>
          <line num="29" count="0" type="cond" truecount="0" falsecount="4"/>
          <line num="33" count="18" type="stmt"/>
        </file>
        <file name="blacklistPanel.module.ts" path="/home/travis/build/MaibornWolff/codecharta/visualization/app/codeCharta/ui/blacklistPanel/blacklistPanel.module.ts">
          <metrics statements="1" coveredstatements="1" conditionals="0" coveredconditionals="0" methods="0" coveredmethods="0"/>
          <line num="8" count="18" type="stmt"/>
        </file>
      </package>
      <package name="app.codeCharta.ui.codeMap">
        <metrics statements="405" coveredstatements="309" conditionals="158" coveredconditionals="99" methods="121" coveredmethods="86"/>
        <file name="codeMap.actions.service.ts" path="/home/travis/build/MaibornWolff/codecharta/visualization/app/codeCharta/ui/codeMap/codeMap.actions.service.ts">
          <metrics statements="72" coveredstatements="72" conditionals="42" coveredconditionals="39" methods="41" coveredmethods="41"/>
          <line num="9" count="119" type="stmt"/>
          <line num="12" count="3" type="cond" truecount="2" falsecount="0"/>
          <line num="13" count="1" type="stmt"/>
          <line num="15" count="2" type="stmt"/>
          <line num="20" count="4" type="stmt"/>
          <line num="21" count="4" type="stmt"/>
          <line num="22" count="4" type="stmt"/>
          <line num="23" count="4" type="stmt"/>
          <line num="25" count="4" type="stmt"/>
          <line num="26" count="4" type="stmt"/>
          <line num="34" count="4" type="cond" truecount="4" falsecount="0"/>
          <line num="35" count="3" type="stmt"/>
          <line num="36" count="1" type="cond" truecount="1" falsecount="1"/>
          <line num="37" count="1" type="stmt"/>
          <line num="39" count="1" type="cond" truecount="1" falsecount="1"/>
          <line num="40" count="1" type="stmt"/>
          <line num="43" count="4" type="stmt"/>
          <line num="47" count="5" type="cond" truecount="3" falsecount="0"/>
          <line num="51" count="2" type="stmt"/>
          <line num="52" count="3" type="stmt"/>
          <line num="54" count="2" type="cond" truecount="2" falsecount="0"/>
          <line num="55" count="1" type="stmt"/>
          <line num="57" count="1" type="stmt"/>
          <line num="58" count="1" type="stmt"/>
          <line num="60" count="2" type="stmt"/>
          <line num="68" count="1" type="stmt"/>
          <line num="72" count="1" type="stmt"/>
          <line num="76" count="2" type="cond" truecount="2" falsecount="0"/>
          <line num="77" count="1" type="stmt"/>
          <line num="79" count="1" type="stmt"/>
          <line num="80" count="1" type="stmt"/>
          <line num="85" count="1" type="stmt"/>
          <line num="86" count="1" type="stmt"/>
          <line num="90" count="1" type="stmt"/>
          <line num="94" count="1" type="stmt"/>
          <line num="96" count="1" type="stmt"/>
          <line num="102" count="3" type="stmt"/>
          <line num="103" count="1" type="stmt"/>
          <line num="105" count="3" type="cond" truecount="2" falsecount="0"/>
          <line num="106" count="2" type="stmt"/>
          <line num="115" count="2" type="stmt"/>
          <line num="119" count="2" type="stmt"/>
          <line num="123" count="1" type="stmt"/>
          <line num="127" count="2" type="stmt"/>
          <line num="131" count="3" type="cond" truecount="2" falsecount="0"/>
          <line num="136" count="3" type="stmt"/>
          <line num="140" count="13" type="stmt"/>
          <line num="141" count="21" type="cond" truecount="2" falsecount="0"/>
          <line num="142" count="1" type="stmt"/>
          <line num="144" count="13" type="cond" truecount="2" falsecount="0"/>
          <line num="148" count="4" type="stmt"/>
          <line num="154" count="4" type="stmt"/>
          <line num="158" count="4" type="stmt"/>
          <line num="159" count="4" type="stmt"/>
          <line num="160" count="4" type="stmt"/>
          <line num="161" count="4" type="cond" truecount="4" falsecount="0"/>
          <line num="162" count="1" type="stmt"/>
          <line num="168" count="8" type="cond" truecount="2" falsecount="0"/>
          <line num="172" count="4" type="stmt"/>
          <line num="173" count="4" type="stmt"/>
          <line num="181" count="4" type="stmt"/>
          <line num="182" count="4" type="cond" truecount="2" falsecount="0"/>
          <line num="183" count="3" type="stmt"/>
          <line num="188" count="5" type="stmt"/>
          <line num="189" count="5" type="cond" truecount="1" falsecount="1"/>
          <line num="190" count="5" type="stmt"/>
          <line num="191" count="5" type="cond" truecount="4" falsecount="0"/>
          <line num="192" count="3" type="stmt"/>
          <line num="195" count="5" type="stmt"/>
          <line num="204" count="9" type="cond" truecount="2" falsecount="0"/>
          <line num="208" count="2" type="stmt"/>
          <line num="212" count="2" type="stmt"/>
        </file>
        <file name="codeMap.arrow.service.ts" path="/home/travis/build/MaibornWolff/codecharta/visualization/app/codeCharta/ui/codeMap/codeMap.arrow.service.ts">
          <metrics statements="59" coveredstatements="59" conditionals="16" coveredconditionals="16" methods="9" coveredmethods="9"/>
          <line num="9" count="117" type="stmt"/>
          <line num="10" count="117" type="stmt"/>
          <line num="14" count="2" type="stmt"/>
          <line num="15" count="2" type="stmt"/>
          <line num="16" count="4" type="stmt"/>
          <line num="21" count="2" type="stmt"/>
          <line num="22" count="2" type="stmt"/>
          <line num="23" count="2" type="stmt"/>
          <line num="24" count="4" type="cond" truecount="2" falsecount="0"/>
          <line num="25" count="1" type="stmt"/>
          <line num="28" count="2" type="stmt"/>
          <line num="32" count="1" type="stmt"/>
          <line num="34" count="1" type="stmt"/>
          <line num="35" count="2" type="stmt"/>
          <line num="36" count="2" type="stmt"/>
          <line num="38" count="2" type="cond" truecount="4" falsecount="0"/>
          <line num="39" count="1" type="stmt"/>
          <line num="45" count="2" type="cond" truecount="2" falsecount="0"/>
          <line num="51" count="1" type="stmt"/>
          <line num="52" count="1" type="stmt"/>
          <line num="53" count="1" type="stmt"/>
          <line num="55" count="1" type="stmt"/>
          <line num="56" count="1" type="stmt"/>
          <line num="57" count="1" type="stmt"/>
          <line num="59" count="1" type="stmt"/>
          <line num="60" count="1" type="stmt"/>
          <line num="61" count="1" type="stmt"/>
          <line num="63" count="1" type="stmt"/>
          <line num="64" count="1" type="stmt"/>
          <line num="65" count="1" type="stmt"/>
          <line num="67" count="1" type="stmt"/>
          <line num="82" count="1" type="stmt"/>
          <line num="84" count="1" type="stmt"/>
          <line num="85" count="1" type="stmt"/>
          <line num="90" count="1" type="stmt"/>
          <line num="91" count="2" type="stmt"/>
          <line num="92" count="2" type="stmt"/>
          <line num="93" count="2" type="stmt"/>
          <line num="98" count="1" type="stmt"/>
          <line num="100" count="1" type="stmt"/>
          <line num="101" count="2" type="stmt"/>
          <line num="104" count="1" type="stmt"/>
          <line num="108" count="4" type="stmt"/>
          <line num="109" count="4" type="stmt"/>
          <line num="110" count="4" type="stmt"/>
          <line num="111" count="4" type="stmt"/>
          <line num="112" count="4" type="stmt"/>
          <line num="114" count="4" type="stmt"/>
          <line num="124" count="1" type="stmt"/>
          <line num="127" count="1" type="stmt"/>
          <line num="128" count="1" type="stmt"/>
          <line num="129" count="1" type="stmt"/>
          <line num="130" count="1" type="stmt"/>
          <line num="133" count="1" type="stmt"/>
          <line num="134" count="1" type="stmt"/>
          <line num="135" count="1" type="stmt"/>
          <line num="136" count="1" type="stmt"/>
          <line num="139" count="1" type="stmt"/>
          <line num="140" count="1" type="stmt"/>
        </file>
        <file name="codeMap.component.ts" path="/home/travis/build/MaibornWolff/codecharta/visualization/app/codeCharta/ui/codeMap/codeMap.component.ts">
          <metrics statements="19" coveredstatements="12" conditionals="4" coveredconditionals="0" methods="9" coveredmethods="3"/>
          <line num="12" count="8" type="stmt"/>
          <line num="20" count="8" type="stmt"/>
          <line num="21" count="8" type="stmt"/>
          <line num="22" count="8" type="stmt"/>
          <line num="23" count="8" type="stmt"/>
          <line num="24" count="8" type="stmt"/>
          <line num="26" count="8" type="stmt"/>
          <line num="27" count="8" type="stmt"/>
          <line num="31" count="0" type="stmt"/>
          <line num="32" count="0" type="stmt"/>
          <line num="33" count="0" type="stmt"/>
          <line num="37" count="0" type="stmt"/>
          <line num="38" count="0" type="cond" truecount="0" falsecount="2"/>
          <line num="39" count="0" type="cond" truecount="0" falsecount="2"/>
          <line num="40" count="0" type="stmt"/>
          <line num="49" count="2" type="stmt"/>
          <line num="50" count="2" type="stmt"/>
          <line num="56" count="2" type="stmt"/>
          <line num="60" count="18" type="stmt"/>
        </file>
        <file name="codeMap.label.service.ts" path="/home/travis/build/MaibornWolff/codecharta/visualization/app/codeCharta/ui/codeMap/codeMap.label.service.ts">
          <metrics statements="68" coveredstatements="65" conditionals="7" coveredconditionals="5" methods="8" coveredmethods="7"/>
          <line num="19" count="114" type="stmt"/>
          <line num="20" count="114" type="stmt"/>
          <line num="23" count="114" type="stmt"/>
          <line num="24" count="114" type="stmt"/>
          <line num="25" count="114" type="stmt"/>
          <line num="26" count="114" type="stmt"/>
          <line num="28" count="114" type="stmt"/>
          <line num="29" count="114" type="stmt"/>
          <line num="33" count="5" type="cond" truecount="4" falsecount="0"/>
          <line num="34" count="4" type="stmt"/>
          <line num="35" count="4" type="stmt"/>
          <line num="36" count="4" type="stmt"/>
          <line num="38" count="4" type="stmt"/>
          <line num="39" count="4" type="stmt"/>
          <line num="40" count="4" type="stmt"/>
          <line num="42" count="4" type="stmt"/>
          <line num="43" count="4" type="stmt"/>
          <line num="44" count="4" type="stmt"/>
          <line num="46" count="4" type="stmt"/>
          <line num="47" count="4" type="stmt"/>
          <line num="49" count="4" type="stmt"/>
          <line num="54" count="1" type="stmt"/>
          <line num="55" count="1" type="stmt"/>
          <line num="56" count="0" type="stmt"/>
          <line num="61" count="1" type="stmt"/>
          <line num="62" count="2" type="stmt"/>
          <line num="63" count="2" type="stmt"/>
          <line num="64" count="2" type="stmt"/>
          <line num="68" count="2" type="stmt"/>
          <line num="69" count="2" type="stmt"/>
          <line num="70" count="2" type="stmt"/>
          <line num="71" count="2" type="stmt"/>
          <line num="72" count="2" type="stmt"/>
          <line num="73" count="2" type="stmt"/>
          <line num="78" count="0" type="stmt"/>
          <line num="79" count="0" type="stmt"/>
          <line num="84" count="4" type="stmt"/>
          <line num="85" count="4" type="stmt"/>
          <line num="86" count="4" type="stmt"/>
          <line num="88" count="4" type="stmt"/>
          <line num="91" count="4" type="stmt"/>
          <line num="92" count="4" type="stmt"/>
          <line num="95" count="4" type="stmt"/>
          <line num="96" count="4" type="stmt"/>
          <line num="97" count="4" type="stmt"/>
          <line num="98" count="4" type="stmt"/>
          <line num="99" count="4" type="stmt"/>
          <line num="100" count="4" type="stmt"/>
          <line num="101" count="4" type="stmt"/>
          <line num="104" count="4" type="stmt"/>
          <line num="105" count="4" type="stmt"/>
          <line num="106" count="4" type="stmt"/>
          <line num="107" count="4" type="stmt"/>
          <line num="108" count="4" type="stmt"/>
          <line num="110" count="4" type="stmt"/>
          <line num="111" count="4" type="stmt"/>
          <line num="112" count="4" type="stmt"/>
          <line num="114" count="4" type="stmt"/>
          <line num="115" count="4" type="stmt"/>
          <line num="116" count="4" type="stmt"/>
          <line num="118" count="4" type="stmt"/>
          <line num="126" count="4" type="stmt"/>
          <line num="127" count="4" type="cond" truecount="1" falsecount="1"/>
          <line num="128" count="4" type="stmt"/>
          <line num="132" count="4" type="stmt"/>
          <line num="137" count="4" type="stmt"/>
          <line num="138" count="4" type="stmt"/>
          <line num="140" count="4" type="stmt"/>
        </file>
        <file name="codeMap.module.ts" path="/home/travis/build/MaibornWolff/codecharta/visualization/app/codeCharta/ui/codeMap/codeMap.module.ts">
          <metrics statements="1" coveredstatements="1" conditionals="0" coveredconditionals="0" methods="0" coveredmethods="0"/>
          <line num="15" count="18" type="stmt"/>
        </file>
        <file name="codeMap.mouseEvent.service.ts" path="/home/travis/build/MaibornWolff/codecharta/visualization/app/codeCharta/ui/codeMap/codeMap.mouseEvent.service.ts">
          <metrics statements="83" coveredstatements="78" conditionals="40" coveredconditionals="35" methods="19" coveredmethods="18"/>
          <line num="30" count="43" type="stmt"/>
          <line num="31" count="43" type="stmt"/>
          <line num="32" count="43" type="stmt"/>
          <line num="33" count="43" type="stmt"/>
          <line num="37" count="43" type="stmt"/>
          <line num="38" count="43" type="stmt"/>
          <line num="39" count="43" type="stmt"/>
          <line num="40" count="43" type="stmt"/>
          <line num="41" count="43" type="stmt"/>
          <line num="42" count="43" type="stmt"/>
          <line num="43" count="43" type="stmt"/>
          <line num="45" count="43" type="stmt"/>
          <line num="46" count="43" type="stmt"/>
          <line num="50" count="2" type="stmt"/>
          <line num="51" count="2" type="stmt"/>
          <line num="52" count="2" type="stmt"/>
          <line num="53" count="2" type="stmt"/>
          <line num="54" count="2" type="stmt"/>
          <line num="58" count="4" type="stmt"/>
          <line num="60" count="1" type="stmt"/>
          <line num="61" count="1" type="stmt"/>
          <line num="63" count="1" type="stmt"/>
          <line num="64" count="1" type="stmt"/>
          <line num="66" count="1" type="stmt"/>
          <line num="67" count="1" type="stmt"/>
          <line num="69" count="1" type="stmt"/>
          <line num="70" count="1" type="stmt"/>
          <line num="75" count="5" type="stmt"/>
          <line num="77" count="5" type="cond" truecount="1" falsecount="1"/>
          <line num="78" count="5" type="stmt"/>
          <line num="82" count="5" type="stmt"/>
          <line num="83" count="5" type="stmt"/>
          <line num="85" count="5" type="cond" truecount="2" falsecount="0"/>
          <line num="86" count="1" type="stmt"/>
          <line num="88" count="4" type="stmt"/>
          <line num="91" count="5" type="cond" truecount="2" falsecount="0"/>
          <line num="92" count="4" type="stmt"/>
          <line num="93" count="4" type="stmt"/>
          <line num="99" count="0" type="stmt"/>
          <line num="100" count="0" type="stmt"/>
          <line num="101" count="0" type="stmt"/>
          <line num="102" count="0" type="stmt"/>
          <line num="106" count="2" type="cond" truecount="1" falsecount="1"/>
          <line num="107" count="2" type="stmt"/>
          <line num="109" count="2" type="cond" truecount="2" falsecount="0"/>
          <line num="110" count="1" type="stmt"/>
          <line num="111" count="1" type="stmt"/>
          <line num="114" count="2" type="cond" truecount="4" falsecount="0"/>
          <line num="115" count="1" type="stmt"/>
          <line num="116" count="1" type="stmt"/>
          <line num="122" count="2" type="cond" truecount="2" falsecount="0"/>
          <line num="123" count="1" type="stmt"/>
          <line num="124" count="1" type="cond" truecount="1" falsecount="1"/>
          <line num="125" count="1" type="stmt"/>
          <line num="130" count="1" type="stmt"/>
          <line num="139" count="1" type="stmt"/>
          <line num="143" count="3" type="cond" truecount="2" falsecount="0"/>
          <line num="144" count="1" type="stmt"/>
          <line num="146" count="2" type="stmt"/>
          <line num="148" count="2" type="cond" truecount="2" falsecount="0"/>
          <line num="149" count="1" type="stmt"/>
          <line num="160" count="4" type="cond" truecount="4" falsecount="0"/>
          <line num="161" count="1" type="cond" truecount="2" falsecount="2"/>
          <line num="162" count="0" type="stmt"/>
          <line num="166" count="4" type="stmt"/>
          <line num="168" count="4" type="cond" truecount="2" falsecount="0"/>
          <line num="169" count="3" type="stmt"/>
          <line num="171" count="1" type="stmt"/>
          <line num="176" count="3" type="stmt"/>
          <line num="178" count="3" type="cond" truecount="2" falsecount="0"/>
          <line num="179" count="2" type="stmt"/>
          <line num="181" count="1" type="stmt"/>
          <line num="186" count="2" type="stmt"/>
          <line num="187" count="2" type="stmt"/>
          <line num="188" count="2" type="cond" truecount="2" falsecount="0"/>
          <line num="189" count="1" type="stmt"/>
          <line num="195" count="1" type="stmt"/>
          <line num="199" count="63" type="stmt"/>
          <line num="200" count="2" type="stmt"/>
          <line num="203" count="63" type="stmt"/>
          <line num="204" count="2" type="stmt"/>
          <line num="207" count="63" type="stmt"/>
          <line num="208" count="2" type="stmt"/>
        </file>
        <file name="codeMap.preRender.service.ts" path="/home/travis/build/MaibornWolff/codecharta/visualization/app/codeCharta/ui/codeMap/codeMap.preRender.service.ts">
          <metrics statements="57" coveredstatements="17" conditionals="30" coveredconditionals="4" methods="23" coveredmethods="6"/>
          <line num="29" count="18" type="stmt"/>
          <line num="31" count="68" type="stmt"/>
          <line num="33" count="68" type="stmt"/>
          <line num="41" count="68" type="stmt"/>
          <line num="42" count="68" type="stmt"/>
          <line num="43" count="68" type="stmt"/>
          <line num="44" count="68" type="stmt"/>
          <line num="46" count="68" type="stmt"/>
          <line num="47" count="68" type="stmt"/>
          <line num="48" count="68" type="stmt"/>
          <line num="52" count="1" type="stmt"/>
          <line num="56" count="1" type="stmt"/>
          <line num="57" count="1" type="cond" truecount="2" falsecount="3"/>
          <line num="58" count="0" type="stmt"/>
          <line num="59" count="0" type="stmt"/>
          <line num="60" count="0" type="stmt"/>
          <line num="62" count="1" type="stmt"/>
          <line num="66" count="0" type="stmt"/>
          <line num="67" count="0" type="stmt"/>
          <line num="68" count="0" type="stmt"/>
          <line num="74" count="0" type="stmt"/>
          <line num="75" count="0" type="stmt"/>
          <line num="76" count="0" type="stmt"/>
          <line num="80" count="0" type="stmt"/>
          <line num="84" count="0" type="cond" truecount="0" falsecount="2"/>
          <line num="91" count="0" type="stmt"/>
          <line num="100" count="0" type="stmt"/>
          <line num="101" count="0" type="stmt"/>
          <line num="102" count="0" type="stmt"/>
          <line num="105" count="0" type="cond" truecount="0" falsecount="2"/>
          <line num="106" count="0" type="stmt"/>
          <line num="107" count="0" type="cond" truecount="0" falsecount="2"/>
          <line num="108" count="0" type="stmt"/>
          <line num="109" count="0" type="cond" truecount="0" falsecount="2"/>
          <line num="110" count="0" type="stmt"/>
          <line num="115" count="0" type="cond" truecount="0" falsecount="2"/>
          <line num="116" count="0" type="stmt"/>
          <line num="117" count="0" type="stmt"/>
          <line num="118" count="0" type="stmt"/>
          <line num="120" count="0" type="stmt"/>
          <line num="121" count="0" type="stmt"/>
          <line num="122" count="0" type="stmt"/>
          <line num="127" count="1" type="cond" truecount="1" falsecount="1"/>
          <line num="128" count="0" type="stmt"/>
          <line num="130" count="0" type="stmt"/>
          <line num="131" count="0" type="stmt"/>
          <line num="132" count="0" type="cond" truecount="0" falsecount="2"/>
          <line num="133" count="0" type="stmt"/>
          <line num="134" count="0" type="stmt"/>
          <line num="135" count="0" type="stmt"/>
          <line num="141" count="1" type="stmt"/>
          <line num="146" count="0" type="cond" truecount="0" falsecount="2"/>
          <line num="152" count="0" type="stmt"/>
          <line num="156" count="0" type="stmt"/>
          <line num="160" count="0" type="stmt"/>
          <line num="164" count="2" type="stmt"/>
          <line num="165" count="0" type="stmt"/>
        </file>
        <file name="codeMap.render.service.ts" path="/home/travis/build/MaibornWolff/codecharta/visualization/app/codeCharta/ui/codeMap/codeMap.render.service.ts">
          <metrics statements="46" coveredstatements="5" conditionals="19" coveredconditionals="0" methods="12" coveredmethods="2"/>
          <line num="14" count="108" type="stmt"/>
          <line num="17" count="108" type="stmt"/>
          <line num="18" count="108" type="stmt"/>
          <line num="19" count="108" type="stmt"/>
          <line num="23" count="1" type="stmt"/>
          <line num="27" count="0" type="stmt"/>
          <line num="29" count="0" type="stmt"/>
          <line num="30" count="0" type="stmt"/>
          <line num="31" count="0" type="cond" truecount="0" falsecount="3"/>
          <line num="32" count="0" type="stmt"/>
          <line num="34" count="0" type="stmt"/>
          <line num="35" count="0" type="stmt"/>
          <line num="37" count="0" type="stmt"/>
          <line num="38" count="0" type="stmt"/>
          <line num="39" count="0" type="stmt"/>
          <line num="40" count="0" type="stmt"/>
          <line num="44" count="0" type="stmt"/>
          <line num="45" count="0" type="stmt"/>
          <line num="46" count="0" type="stmt"/>
          <line num="47" count="0" type="stmt"/>
          <line num="48" count="0" type="stmt"/>
          <line num="51" count="0" type="stmt"/>
          <line num="55" count="0" type="stmt"/>
          <line num="56" count="0" type="stmt"/>
          <line num="58" count="0" type="cond" truecount="0" falsecount="2"/>
          <line num="59" count="0" type="stmt"/>
          <line num="61" count="0" type="stmt"/>
          <line num="62" count="0" type="stmt"/>
          <line num="66" count="0" type="stmt"/>
          <line num="67" count="0" type="cond" truecount="0" falsecount="2"/>
          <line num="68" count="0" type="cond" truecount="0" falsecount="2"/>
          <line num="69" count="0" type="stmt"/>
          <line num="70" count="0" type="stmt"/>
          <line num="76" count="0" type="stmt"/>
          <line num="77" count="0" type="stmt"/>
          <line num="78" count="0" type="cond" truecount="0" falsecount="4"/>
          <line num="79" count="0" type="stmt"/>
          <line num="84" count="0" type="cond" truecount="0" falsecount="2"/>
          <line num="85" count="0" type="stmt"/>
          <line num="86" count="0" type="stmt"/>
          <line num="87" count="0" type="stmt"/>
          <line num="89" count="0" type="stmt"/>
          <line num="94" count="0" type="stmt"/>
          <line num="96" count="0" type="cond" truecount="0" falsecount="4"/>
          <line num="97" count="0" type="stmt"/>
          <line num="98" count="0" type="stmt"/>
        </file>
      </package>
      <package name="app.codeCharta.ui.codeMap.rendering">
        <metrics statements="262" coveredstatements="86" conditionals="58" coveredconditionals="5" methods="45" coveredmethods="15"/>
        <file name="boxGeometryGenerationHelper.ts" path="/home/travis/build/MaibornWolff/codecharta/visualization/app/codeCharta/ui/codeMap/rendering/boxGeometryGenerationHelper.ts">
          <metrics statements="71" coveredstatements="15" conditionals="10" coveredconditionals="4" methods="6" coveredmethods="2"/>
          <line num="5" count="18" type="cond" truecount="2" falsecount="0"/>
          <line num="6" count="18" type="stmt"/>
          <line num="7" count="18" type="stmt"/>
          <line num="8" count="18" type="stmt"/>
          <line num="9" count="18" type="stmt"/>
          <line num="10" count="18" type="stmt"/>
          <line num="11" count="18" type="stmt"/>
          <line num="14" count="18" type="cond" truecount="2" falsecount="0"/>
          <line num="15" count="18" type="stmt"/>
          <line num="16" count="18" type="stmt"/>
          <line num="17" count="18" type="stmt"/>
          <line num="18" count="18" type="stmt"/>
          <line num="21" count="18" type="stmt"/>
          <line num="30" count="18" type="stmt"/>
          <line num="31" count="18" type="stmt"/>
          <line num="41" count="0" type="stmt"/>
          <line num="42" count="0" type="stmt"/>
          <line num="48" count="0" type="stmt"/>
          <line num="49" count="0" type="stmt"/>
          <line num="51" count="0" type="stmt"/>
          <line num="52" count="0" type="stmt"/>
          <line num="61" count="0" type="stmt"/>
          <line num="62" count="0" type="stmt"/>
          <line num="63" count="0" type="stmt"/>
          <line num="64" count="0" type="stmt"/>
          <line num="65" count="0" type="stmt"/>
          <line num="66" count="0" type="stmt"/>
          <line num="67" count="0" type="stmt"/>
          <line num="68" count="0" type="stmt"/>
          <line num="71" count="0" type="stmt"/>
          <line num="72" count="0" type="stmt"/>
          <line num="73" count="0" type="stmt"/>
          <line num="74" count="0" type="stmt"/>
          <line num="75" count="0" type="stmt"/>
          <line num="76" count="0" type="stmt"/>
          <line num="77" count="0" type="stmt"/>
          <line num="78" count="0" type="stmt"/>
          <line num="81" count="0" type="stmt"/>
          <line num="82" count="0" type="stmt"/>
          <line num="83" count="0" type="stmt"/>
          <line num="84" count="0" type="stmt"/>
          <line num="85" count="0" type="stmt"/>
          <line num="86" count="0" type="stmt"/>
          <line num="87" count="0" type="stmt"/>
          <line num="88" count="0" type="stmt"/>
          <line num="90" count="0" type="stmt"/>
          <line num="99" count="0" type="stmt"/>
          <line num="100" count="0" type="stmt"/>
          <line num="106" count="0" type="stmt"/>
          <line num="112" count="0" type="stmt"/>
          <line num="118" count="0" type="stmt"/>
          <line num="120" count="0" type="stmt"/>
          <line num="125" count="0" type="stmt"/>
          <line num="130" count="0" type="stmt"/>
          <line num="147" count="0" type="stmt"/>
          <line num="149" count="0" type="stmt"/>
          <line num="150" count="0" type="stmt"/>
          <line num="151" count="0" type="stmt"/>
          <line num="152" count="0" type="stmt"/>
          <line num="153" count="0" type="stmt"/>
          <line num="154" count="0" type="stmt"/>
          <line num="162" count="0" type="stmt"/>
          <line num="170" count="0" type="stmt"/>
          <line num="178" count="0" type="stmt"/>
          <line num="186" count="0" type="stmt"/>
          <line num="187" count="0" type="stmt"/>
          <line num="188" count="0" type="cond" truecount="0" falsecount="2"/>
          <line num="189" count="0" type="stmt"/>
          <line num="190" count="0" type="stmt"/>
          <line num="192" count="0" type="stmt"/>
          <line num="193" count="0" type="stmt"/>
        </file>
        <file name="codeMapBuilding.ts" path="/home/travis/build/MaibornWolff/codecharta/visualization/app/codeCharta/ui/codeMap/rendering/codeMapBuilding.ts">
          <metrics statements="4" coveredstatements="4" conditionals="0" coveredconditionals="0" methods="1" coveredmethods="1"/>
          <line num="13" count="70" type="stmt"/>
          <line num="14" count="70" type="stmt"/>
          <line num="15" count="70" type="stmt"/>
          <line num="16" count="70" type="stmt"/>
        </file>
        <file name="codeMapGeometricDescription.ts" path="/home/travis/build/MaibornWolff/codecharta/visualization/app/codeCharta/ui/codeMap/rendering/codeMapGeometricDescription.ts">
          <metrics statements="37" coveredstatements="3" conditionals="8" coveredconditionals="0" methods="6" coveredmethods="1"/>
          <line num="11" count="0" type="stmt"/>
          <line num="18" count="1" type="stmt"/>
          <line num="19" count="1" type="stmt"/>
          <line num="20" count="1" type="stmt"/>
          <line num="24" count="0" type="stmt"/>
          <line num="28" count="0" type="stmt"/>
          <line num="32" count="0" type="stmt"/>
          <line num="33" count="0" type="stmt"/>
          <line num="35" count="0" type="stmt"/>
          <line num="37" count="0" type="stmt"/>
          <line num="39" count="0" type="stmt"/>
          <line num="41" count="0" type="stmt"/>
          <line num="42" count="0" type="stmt"/>
          <line num="43" count="0" type="stmt"/>
          <line num="45" count="0" type="stmt"/>
          <line num="46" count="0" type="stmt"/>
          <line num="47" count="0" type="stmt"/>
          <line num="49" count="0" type="stmt"/>
          <line num="51" count="0" type="cond" truecount="0" falsecount="2"/>
          <line num="52" count="0" type="stmt"/>
          <line num="54" count="0" type="cond" truecount="0" falsecount="2"/>
          <line num="55" count="0" type="stmt"/>
          <line num="57" count="0" type="cond" truecount="0" falsecount="2"/>
          <line num="58" count="0" type="stmt"/>
          <line num="59" count="0" type="stmt"/>
          <line num="65" count="0" type="cond" truecount="0" falsecount="2"/>
          <line num="66" count="0" type="stmt"/>
          <line num="71" count="0" type="stmt"/>
          <line num="78" count="0" type="stmt"/>
          <line num="79" count="0" type="stmt"/>
          <line num="81" count="0" type="stmt"/>
          <line num="82" count="0" type="stmt"/>
          <line num="84" count="0" type="stmt"/>
          <line num="85" count="0" type="stmt"/>
          <line num="87" count="0" type="stmt"/>
          <line num="88" count="0" type="stmt"/>
          <line num="90" count="0" type="stmt"/>
        </file>
        <file name="codeMapMesh.ts" path="/home/travis/build/MaibornWolff/codecharta/visualization/app/codeCharta/ui/codeMap/rendering/codeMapMesh.ts">
          <metrics statements="47" coveredstatements="17" conditionals="6" coveredconditionals="1" methods="18" coveredmethods="4"/>
          <line num="44" count="1" type="stmt"/>
          <line num="47" count="1" type="stmt"/>
          <line num="48" count="1" type="stmt"/>
          <line num="49" count="1" type="stmt"/>
          <line num="51" count="1" type="stmt"/>
          <line num="52" count="1" type="stmt"/>
          <line num="54" count="1" type="stmt"/>
          <line num="55" count="1" type="stmt"/>
          <line num="56" count="1" type="stmt"/>
          <line num="60" count="0" type="stmt"/>
          <line num="65" count="0" type="stmt"/>
          <line num="66" count="0" type="stmt"/>
          <line num="69" count="0" type="stmt"/>
          <line num="71" count="0" type="cond" truecount="0" falsecount="2"/>
          <line num="72" count="0" type="stmt"/>
          <line num="75" count="0" type="stmt"/>
          <line num="80" count="0" type="stmt"/>
          <line num="81" count="0" type="stmt"/>
          <line num="84" count="0" type="stmt"/>
          <line num="86" count="0" type="cond" truecount="0" falsecount="2"/>
          <line num="87" count="0" type="stmt"/>
          <line num="90" count="0" type="stmt"/>
          <line num="94" count="0" type="stmt"/>
          <line num="98" count="0" type="stmt"/>
          <line num="103" count="0" type="stmt"/>
          <line num="104" count="0" type="stmt"/>
          <line num="109" count="0" type="stmt"/>
          <line num="110" count="0" type="stmt"/>
          <line num="114" count="0" type="stmt"/>
          <line num="118" count="0" type="stmt"/>
          <line num="119" count="0" type="stmt"/>
          <line num="123" count="0" type="stmt"/>
          <line num="127" count="1" type="stmt"/>
          <line num="144" count="1" type="cond" truecount="1" falsecount="1"/>
          <line num="145" count="0" type="stmt"/>
          <line num="147" count="1" type="stmt"/>
          <line num="150" count="1" type="stmt"/>
          <line num="152" count="1" type="stmt"/>
          <line num="154" count="1" type="stmt"/>
          <line num="163" count="0" type="stmt"/>
          <line num="167" count="0" type="stmt"/>
          <line num="174" count="1" type="stmt"/>
          <line num="178" count="1" type="stmt"/>
          <line num="185" count="0" type="stmt"/>
          <line num="186" count="0" type="stmt"/>
          <line num="187" count="0" type="stmt"/>
          <line num="193" count="0" type="stmt"/>
        </file>
        <file name="codeMapShaderStrings.ts" path="/home/travis/build/MaibornWolff/codecharta/visualization/app/codeCharta/ui/codeMap/rendering/codeMapShaderStrings.ts">
          <metrics statements="2" coveredstatements="2" conditionals="0" coveredconditionals="0" methods="1" coveredmethods="1"/>
          <line num="8" count="2" type="stmt"/>
          <line num="9" count="2" type="stmt"/>
        </file>
        <file name="geometryGenerator.ts" path="/home/travis/build/MaibornWolff/codecharta/visualization/app/codeCharta/ui/codeMap/rendering/geometryGenerator.ts">
          <metrics statements="86" coveredstatements="30" conditionals="34" coveredconditionals="0" methods="10" coveredmethods="3"/>
          <line num="24" count="18" type="stmt"/>
          <line num="29" count="1" type="stmt"/>
          <line num="30" count="1" type="stmt"/>
          <line num="32" count="1" type="stmt"/>
          <line num="34" count="1" type="stmt"/>
          <line num="35" count="0" type="stmt"/>
          <line num="37" count="0" type="cond" truecount="0" falsecount="2"/>
          <line num="38" count="0" type="stmt"/>
          <line num="40" count="0" type="stmt"/>
          <line num="44" count="1" type="stmt"/>
          <line num="51" count="1" type="stmt"/>
          <line num="52" count="1" type="stmt"/>
          <line num="53" count="0" type="stmt"/>
          <line num="55" count="1" type="stmt"/>
          <line num="59" count="0" type="stmt"/>
          <line num="70" count="0" type="cond" truecount="0" falsecount="2"/>
          <line num="74" count="0" type="stmt"/>
          <line num="75" count="0" type="stmt"/>
          <line num="77" count="0" type="stmt"/>
          <line num="89" count="0" type="stmt"/>
          <line num="93" count="0" type="cond" truecount="0" falsecount="2"/>
          <line num="94" count="0" type="stmt"/>
          <line num="95" count="0" type="cond" truecount="0" falsecount="2"/>
          <line num="96" count="0" type="stmt"/>
          <line num="98" count="0" type="stmt"/>
          <line num="110" count="0" type="stmt"/>
          <line num="111" count="0" type="stmt"/>
          <line num="113" count="0" type="stmt"/>
          <line num="115" count="0" type="stmt"/>
          <line num="117" count="0" type="cond" truecount="0" falsecount="6"/>
          <line num="118" count="0" type="stmt"/>
          <line num="120" count="0" type="cond" truecount="0" falsecount="2"/>
          <line num="121" count="0" type="stmt"/>
          <line num="125" count="0" type="stmt"/>
          <line num="137" count="0" type="stmt"/>
          <line num="141" count="0" type="stmt"/>
          <line num="143" count="0" type="cond" truecount="0" falsecount="2"/>
          <line num="144" count="0" type="cond" truecount="0" falsecount="2"/>
          <line num="145" count="0" type="stmt"/>
          <line num="147" count="0" type="cond" truecount="0" falsecount="4"/>
          <line num="148" count="0" type="stmt"/>
          <line num="149" count="0" type="cond" truecount="0" falsecount="2"/>
          <line num="150" count="0" type="stmt"/>
          <line num="151" count="0" type="cond" truecount="0" falsecount="2"/>
          <line num="152" count="0" type="cond" truecount="0" falsecount="2"/>
          <line num="153" count="0" type="cond" truecount="0" falsecount="2"/>
          <line num="154" count="0" type="cond" truecount="0" falsecount="2"/>
          <line num="156" count="0" type="stmt"/>
          <line num="159" count="0" type="stmt"/>
          <line num="162" count="0" type="stmt"/>
          <line num="166" count="1" type="stmt"/>
          <line num="167" count="1" type="stmt"/>
          <line num="168" count="1" type="stmt"/>
          <line num="170" count="1" type="stmt"/>
          <line num="171" count="1" type="stmt"/>
          <line num="172" count="1" type="stmt"/>
          <line num="173" count="1" type="stmt"/>
          <line num="174" count="1" type="stmt"/>
          <line num="175" count="1" type="stmt"/>
          <line num="177" count="1" type="stmt"/>
          <line num="178" count="0" type="stmt"/>
          <line num="179" count="0" type="stmt"/>
          <line num="180" count="0" type="stmt"/>
          <line num="182" count="0" type="stmt"/>
          <line num="183" count="0" type="stmt"/>
          <line num="184" count="0" type="stmt"/>
          <line num="186" count="0" type="stmt"/>
          <line num="187" count="0" type="stmt"/>
          <line num="189" count="0" type="stmt"/>
          <line num="191" count="0" type="stmt"/>
          <line num="192" count="0" type="stmt"/>
          <line num="193" count="0" type="stmt"/>
          <line num="195" count="0" type="stmt"/>
          <line num="196" count="0" type="stmt"/>
          <line num="199" count="1" type="stmt"/>
          <line num="201" count="1" type="stmt"/>
          <line num="202" count="0" type="stmt"/>
          <line num="205" count="1" type="stmt"/>
          <line num="207" count="1" type="stmt"/>
          <line num="208" count="1" type="stmt"/>
          <line num="209" count="1" type="stmt"/>
          <line num="210" count="1" type="stmt"/>
          <line num="211" count="1" type="stmt"/>
          <line num="212" count="1" type="stmt"/>
          <line num="214" count="1" type="stmt"/>
          <line num="216" count="1" type="stmt"/>
        </file>
        <file name="intermediateVertexData.ts" path="/home/travis/build/MaibornWolff/codecharta/visualization/app/codeCharta/ui/codeMap/rendering/intermediateVertexData.ts">
          <metrics statements="15" coveredstatements="15" conditionals="0" coveredconditionals="0" methods="3" coveredmethods="3"/>
          <line num="14" count="3" type="stmt"/>
          <line num="15" count="3" type="stmt"/>
          <line num="16" count="3" type="stmt"/>
          <line num="17" count="3" type="stmt"/>
          <line num="18" count="3" type="stmt"/>
          <line num="19" count="3" type="stmt"/>
          <line num="21" count="3" type="stmt"/>
          <line num="32" count="1" type="stmt"/>
          <line num="33" count="1" type="stmt"/>
          <line num="34" count="1" type="stmt"/>
          <line num="35" count="1" type="stmt"/>
          <line num="36" count="1" type="stmt"/>
          <line num="37" count="1" type="stmt"/>
          <line num="39" count="1" type="stmt"/>
          <line num="43" count="2" type="stmt"/>
        </file>
      </package>
      <package name="app.codeCharta.ui.codeMap.threeViewer">
        <metrics statements="141" coveredstatements="117" conditionals="9" coveredconditionals="6" methods="35" coveredmethods="26"/>
        <file name="threeCameraService.ts" path="/home/travis/build/MaibornWolff/codecharta/visualization/app/codeCharta/ui/codeMap/threeViewer/threeCameraService.ts">
          <metrics statements="17" coveredstatements="17" conditionals="2" coveredconditionals="2" methods="6" coveredmethods="6"/>
          <line num="12" count="24" type="stmt"/>
          <line num="13" count="24" type="stmt"/>
          <line num="14" count="24" type="stmt"/>
          <line num="17" count="221" type="stmt"/>
          <line num="19" count="221" type="stmt"/>
          <line num="20" count="1" type="stmt"/>
          <line num="26" count="221" type="stmt"/>
          <line num="29" count="3" type="cond" truecount="2" falsecount="0"/>
          <line num="30" count="2" type="stmt"/>
          <line num="31" count="2" type="stmt"/>
          <line num="36" count="1" type="stmt"/>
          <line num="40" count="4" type="stmt"/>
          <line num="41" count="4" type="stmt"/>
          <line num="42" count="4" type="stmt"/>
          <line num="43" count="4" type="stmt"/>
          <line num="44" count="4" type="stmt"/>
          <line num="48" count="1" type="stmt"/>
        </file>
        <file name="threeOrbitControlsService.ts" path="/home/travis/build/MaibornWolff/codecharta/visualization/app/codeCharta/ui/codeMap/threeViewer/threeOrbitControlsService.ts">
          <metrics statements="37" coveredstatements="31" conditionals="1" coveredconditionals="0" methods="11" coveredmethods="7"/>
          <line num="16" count="24" type="stmt"/>
          <line num="24" count="170" type="stmt"/>
          <line num="25" count="170" type="stmt"/>
          <line num="26" count="170" type="stmt"/>
          <line num="30" count="1" type="stmt"/>
          <line num="31" count="1" type="stmt"/>
          <line num="32" count="1" type="stmt"/>
          <line num="36" count="1" type="stmt"/>
          <line num="38" count="1" type="stmt"/>
          <line num="40" count="1" type="stmt"/>
          <line num="42" count="1" type="stmt"/>
          <line num="44" count="1" type="stmt"/>
          <line num="45" count="1" type="stmt"/>
          <line num="46" count="1" type="stmt"/>
          <line num="48" count="1" type="stmt"/>
          <line num="49" count="1" type="stmt"/>
          <line num="53" count="1" type="stmt"/>
          <line num="57" count="1" type="stmt"/>
          <line num="61" count="1" type="stmt"/>
          <line num="63" count="1" type="stmt"/>
          <line num="64" count="1" type="stmt"/>
          <line num="65" count="1" type="stmt"/>
          <line num="66" count="1" type="stmt"/>
          <line num="68" count="1" type="stmt"/>
          <line num="69" count="1" type="stmt"/>
          <line num="71" count="1" type="stmt"/>
          <line num="72" count="1" type="stmt"/>
          <line num="73" count="1" type="stmt"/>
          <line num="74" count="1" type="stmt"/>
          <line num="76" count="1" type="stmt"/>
          <line num="80" count="0" type="stmt"/>
          <line num="81" count="0" type="stmt"/>
          <line num="82" count="0" type="stmt"/>
          <line num="83" count="0" type="stmt"/>
          <line num="88" count="0" type="stmt"/>
          <line num="92" count="114" type="stmt"/>
          <line num="93" count="0" type="stmt"/>
        </file>
        <file name="threeRendererService.ts" path="/home/travis/build/MaibornWolff/codecharta/visualization/app/codeCharta/ui/codeMap/threeViewer/threeRendererService.ts">
          <metrics statements="15" coveredstatements="5" conditionals="2" coveredconditionals="0" methods="4" coveredmethods="1"/>
          <line num="8" count="24" type="stmt"/>
          <line num="13" count="24" type="stmt"/>
          <line num="15" count="24" type="stmt"/>
          <line num="17" count="24" type="stmt"/>
          <line num="24" count="60" type="stmt"/>
          <line num="27" count="0" type="stmt"/>
          <line num="28" count="0" type="stmt"/>
          <line num="29" count="0" type="stmt"/>
          <line num="30" count="0" type="stmt"/>
          <line num="31" count="0" type="stmt"/>
          <line num="35" count="0" type="cond" truecount="0" falsecount="2"/>
          <line num="36" count="0" type="stmt"/>
          <line num="38" count="0" type="stmt"/>
          <line num="43" count="0" type="stmt"/>
          <line num="44" count="0" type="stmt"/>
        </file>
        <file name="threeSceneService.ts" path="/home/travis/build/MaibornWolff/codecharta/visualization/app/codeCharta/ui/codeMap/threeViewer/threeSceneService.ts">
          <metrics statements="40" coveredstatements="32" conditionals="0" coveredconditionals="0" methods="4" coveredmethods="2"/>
          <line num="18" count="222" type="stmt"/>
          <line num="20" count="222" type="stmt"/>
          <line num="21" count="222" type="stmt"/>
          <line num="22" count="222" type="stmt"/>
          <line num="23" count="222" type="stmt"/>
          <line num="25" count="222" type="stmt"/>
          <line num="27" count="222" type="stmt"/>
          <line num="28" count="222" type="stmt"/>
          <line num="29" count="222" type="stmt"/>
          <line num="30" count="222" type="stmt"/>
          <line num="34" count="222" type="stmt"/>
          <line num="35" count="222" type="stmt"/>
          <line num="36" count="222" type="stmt"/>
          <line num="37" count="222" type="stmt"/>
          <line num="38" count="222" type="stmt"/>
          <line num="39" count="222" type="stmt"/>
          <line num="40" count="222" type="stmt"/>
          <line num="41" count="222" type="stmt"/>
          <line num="42" count="222" type="stmt"/>
          <line num="43" count="222" type="stmt"/>
          <line num="45" count="222" type="stmt"/>
          <line num="46" count="222" type="stmt"/>
          <line num="47" count="222" type="stmt"/>
          <line num="48" count="222" type="stmt"/>
          <line num="49" count="222" type="stmt"/>
          <line num="50" count="222" type="stmt"/>
          <line num="51" count="222" type="stmt"/>
          <line num="52" count="222" type="stmt"/>
          <line num="53" count="222" type="stmt"/>
          <line num="55" count="222" type="stmt"/>
          <line num="56" count="222" type="stmt"/>
          <line num="57" count="222" type="stmt"/>
          <line num="61" count="0" type="stmt"/>
          <line num="63" count="0" type="stmt"/>
          <line num="64" count="0" type="stmt"/>
          <line num="67" count="0" type="stmt"/>
          <line num="68" count="0" type="stmt"/>
          <line num="69" count="0" type="stmt"/>
          <line num="71" count="0" type="stmt"/>
          <line num="75" count="0" type="stmt"/>
        </file>
        <file name="threeUpdateCycleService.ts" path="/home/travis/build/MaibornWolff/codecharta/visualization/app/codeCharta/ui/codeMap/threeViewer/threeUpdateCycleService.ts">
          <metrics statements="4" coveredstatements="4" conditionals="0" coveredconditionals="0" methods="4" coveredmethods="4"/>
          <line num="5" count="62" type="stmt"/>
          <line num="8" count="41" type="stmt"/>
          <line num="15" count="1" type="stmt"/>
          <line num="16" count="2" type="stmt"/>
        </file>
        <file name="threeViewer.module.ts" path="/home/travis/build/MaibornWolff/codecharta/visualization/app/codeCharta/ui/codeMap/threeViewer/threeViewer.module.ts">
          <metrics statements="1" coveredstatements="1" conditionals="0" coveredconditionals="0" methods="0" coveredmethods="0"/>
          <line num="12" count="24" type="stmt"/>
        </file>
        <file name="threeViewerService.ts" path="/home/travis/build/MaibornWolff/codecharta/visualization/app/codeCharta/ui/codeMap/threeViewer/threeViewerService.ts">
          <metrics statements="27" coveredstatements="27" conditionals="4" coveredconditionals="4" methods="6" coveredmethods="6"/>
          <line num="15" count="24" type="stmt"/>
          <line num="16" count="24" type="stmt"/>
          <line num="17" count="24" type="stmt"/>
          <line num="18" count="24" type="stmt"/>
          <line num="19" count="24" type="stmt"/>
          <line num="20" count="24" type="stmt"/>
          <line num="28" count="8" type="stmt"/>
          <line num="36" count="8" type="stmt"/>
          <line num="38" count="8" type="stmt"/>
          <line num="41" count="8" type="stmt"/>
          <line num="44" count="8" type="stmt"/>
          <line num="47" count="8" type="stmt"/>
          <line num="50" count="8" type="stmt"/>
          <line num="51" count="8" type="stmt"/>
          <line num="52" count="8" type="stmt"/>
          <line num="59" count="4" type="stmt"/>
          <line num="61" count="4" type="stmt"/>
          <line num="62" count="4" type="stmt"/>
          <line num="63" count="4" type="stmt"/>
          <line num="67" count="2" type="cond" truecount="2" falsecount="0"/>
          <line num="68" count="1" type="stmt"/>
          <line num="73" count="2" type="cond" truecount="2" falsecount="0"/>
          <line num="74" count="1" type="stmt"/>
          <line num="82" count="3" type="stmt"/>
          <line num="83" count="3" type="stmt"/>
          <line num="84" count="3" type="stmt"/>
          <line num="85" count="3" type="stmt"/>
        </file>
      </package>
      <package name="app.codeCharta.ui.colorSettingsPanel">
        <metrics statements="28" coveredstatements="28" conditionals="11" coveredconditionals="10" methods="10" coveredmethods="8"/>
        <file name="colorSettingsPanel.component.ts" path="/home/travis/build/MaibornWolff/codecharta/visualization/app/codeCharta/ui/colorSettingsPanel/colorSettingsPanel.component.ts">
          <metrics statements="27" coveredstatements="27" conditionals="11" coveredconditionals="10" methods="10" coveredmethods="8"/>
          <line num="11" count="18" type="stmt"/>
          <line num="12" count="18" type="stmt"/>
          <line num="14" count="18" type="stmt"/>
          <line num="27" count="18" type="stmt"/>
          <line num="28" count="18" type="stmt"/>
          <line num="29" count="18" type="stmt"/>
          <line num="30" count="18" type="stmt"/>
          <line num="34" count="6" type="stmt"/>
          <line num="35" count="6" type="stmt"/>
          <line num="37" count="6" type="cond" truecount="2" falsecount="0"/>
          <line num="41" count="5" type="stmt"/>
          <line num="42" count="5" type="stmt"/>
          <line num="43" count="5" type="stmt"/>
          <line num="44" count="1" type="cond" truecount="1" falsecount="1"/>
          <line num="45" count="1" type="stmt"/>
          <line num="50" count="2" type="stmt"/>
          <line num="56" count="3" type="stmt"/>
          <line num="59" count="3" type="cond" truecount="2" falsecount="0"/>
          <line num="60" count="2" type="stmt"/>
          <line num="61" count="2" type="stmt"/>
          <line num="68" count="1" type="stmt"/>
          <line num="82" count="1" type="stmt"/>
          <line num="86" count="7" type="cond" truecount="2" falsecount="0"/>
          <line num="87" count="7" type="stmt"/>
          <line num="88" count="7" type="stmt"/>
          <line num="90" count="7" type="stmt"/>
          <line num="102" count="19" type="stmt"/>
        </file>
        <file name="colorSettingsPanel.module.ts" path="/home/travis/build/MaibornWolff/codecharta/visualization/app/codeCharta/ui/colorSettingsPanel/colorSettingsPanel.module.ts">
          <metrics statements="1" coveredstatements="1" conditionals="0" coveredconditionals="0" methods="0" coveredmethods="0"/>
          <line num="7" count="19" type="stmt"/>
        </file>
      </package>
      <package name="app.codeCharta.ui.detailPanel">
        <metrics statements="69" coveredstatements="33" conditionals="28" coveredconditionals="16" methods="21" coveredmethods="10"/>
        <file name="detailPanel.component.ts" path="/home/travis/build/MaibornWolff/codecharta/visualization/app/codeCharta/ui/detailPanel/detailPanel.component.ts">
          <metrics statements="67" coveredstatements="31" conditionals="28" coveredconditionals="16" methods="21" coveredmethods="10"/>
          <line num="43" count="14" type="stmt"/>
          <line num="89" count="14" type="stmt"/>
          <line num="90" count="14" type="stmt"/>
          <line num="91" count="14" type="stmt"/>
          <line num="92" count="14" type="stmt"/>
          <line num="94" count="14" type="stmt"/>
          <line num="95" count="14" type="stmt"/>
          <line num="96" count="14" type="stmt"/>
          <line num="100" count="0" type="stmt"/>
          <line num="106" count="1" type="stmt"/>
          <line num="110" count="1" type="stmt"/>
          <line num="116" count="1" type="stmt"/>
          <line num="117" count="1" type="stmt"/>
          <line num="118" count="1" type="stmt"/>
          <line num="119" count="1" type="stmt"/>
          <line num="123" count="4" type="cond" truecount="4" falsecount="0"/>
          <line num="124" count="2" type="stmt"/>
          <line num="126" count="2" type="stmt"/>
          <line num="131" count="4" type="cond" truecount="4" falsecount="0"/>
          <line num="132" count="2" type="stmt"/>
          <line num="134" count="2" type="stmt"/>
          <line num="139" count="3" type="cond" truecount="4" falsecount="0"/>
          <line num="140" count="1" type="stmt"/>
          <line num="142" count="2" type="stmt"/>
          <line num="147" count="3" type="cond" truecount="4" falsecount="0"/>
          <line num="148" count="1" type="stmt"/>
          <line num="150" count="2" type="stmt"/>
          <line num="155" count="1" type="stmt"/>
          <line num="156" count="1" type="stmt"/>
          <line num="157" count="0" type="stmt"/>
          <line num="158" count="0" type="cond" truecount="0" falsecount="2"/>
          <line num="159" count="0" type="stmt"/>
          <line num="160" count="0" type="stmt"/>
          <line num="161" count="0" type="stmt"/>
          <line num="162" count="0" type="stmt"/>
          <line num="165" count="0" type="cond" truecount="0" falsecount="4"/>
          <line num="166" count="0" type="stmt"/>
          <line num="167" count="0" type="stmt"/>
          <line num="168" count="0" type="stmt"/>
          <line num="169" count="0" type="stmt"/>
          <line num="172" count="0" type="stmt"/>
          <line num="173" count="0" type="stmt"/>
          <line num="174" count="0" type="stmt"/>
          <line num="179" count="1" type="stmt"/>
          <line num="180" count="1" type="stmt"/>
          <line num="181" count="0" type="stmt"/>
          <line num="182" count="0" type="cond" truecount="0" falsecount="2"/>
          <line num="183" count="0" type="stmt"/>
          <line num="184" count="0" type="stmt"/>
          <line num="185" count="0" type="stmt"/>
          <line num="186" count="0" type="stmt"/>
          <line num="188" count="0" type="cond" truecount="0" falsecount="4"/>
          <line num="189" count="0" type="stmt"/>
          <line num="190" count="0" type="stmt"/>
          <line num="191" count="0" type="stmt"/>
          <line num="192" count="0" type="stmt"/>
          <line num="194" count="0" type="stmt"/>
          <line num="195" count="0" type="stmt"/>
          <line num="196" count="0" type="stmt"/>
          <line num="201" count="0" type="stmt"/>
          <line num="202" count="0" type="stmt"/>
          <line num="203" count="0" type="stmt"/>
          <line num="209" count="0" type="stmt"/>
          <line num="210" count="0" type="stmt"/>
          <line num="211" count="0" type="stmt"/>
          <line num="217" count="0" type="stmt"/>
          <line num="225" count="18" type="stmt"/>
        </file>
        <file name="detailPanel.module.ts" path="/home/travis/build/MaibornWolff/codecharta/visualization/app/codeCharta/ui/detailPanel/detailPanel.module.ts">
          <metrics statements="2" coveredstatements="2" conditionals="0" coveredconditionals="0" methods="0" coveredmethods="0"/>
          <line num="8" count="18" type="stmt"/>
          <line num="10" count="18" type="stmt"/>
        </file>
      </package>
      <package name="app.codeCharta.ui.dialog">
        <metrics statements="15" coveredstatements="4" conditionals="6" coveredconditionals="0" methods="11" coveredmethods="1"/>
        <file name="dialog.module.ts" path="/home/travis/build/MaibornWolff/codecharta/visualization/app/codeCharta/ui/dialog/dialog.module.ts">
          <metrics statements="2" coveredstatements="2" conditionals="0" coveredconditionals="0" methods="0" coveredmethods="0"/>
          <line num="8" count="18" type="stmt"/>
          <line num="10" count="18" type="stmt"/>
        </file>
        <file name="dialog.service.ts" path="/home/travis/build/MaibornWolff/codecharta/visualization/app/codeCharta/ui/dialog/dialog.service.ts">
          <metrics statements="6" coveredstatements="1" conditionals="6" coveredconditionals="0" methods="5" coveredmethods="1"/>
          <line num="5" count="18" type="stmt"/>
          <line num="8" count="0" type="stmt"/>
          <line num="12" count="0" type="stmt"/>
          <line num="16" count="0" type="stmt"/>
          <line num="33" count="0" type="stmt"/>
          <line num="41" count="0" type="stmt"/>
        </file>
        <file name="errorDialog.po.ts" path="/home/travis/build/MaibornWolff/codecharta/visualization/app/codeCharta/ui/dialog/errorDialog.po.ts">
          <metrics statements="4" coveredstatements="0" conditionals="0" coveredconditionals="0" methods="4" coveredmethods="0"/>
          <line num="2" count="0" type="stmt"/>
          <line num="5" count="0" type="stmt"/>
          <line num="9" count="0" type="stmt"/>
          <line num="10" count="0" type="stmt"/>
        </file>
        <file name="queryParam.dialog.ts" path="/home/travis/build/MaibornWolff/codecharta/visualization/app/codeCharta/ui/dialog/queryParam.dialog.ts">
          <metrics statements="3" coveredstatements="1" conditionals="0" coveredconditionals="0" methods="2" coveredmethods="0"/>
          <line num="2" count="0" type="stmt"/>
          <line num="5" count="0" type="stmt"/>
          <line num="9" count="18" type="stmt"/>
        </file>
      </package>
      <package name="app.codeCharta.ui.experimentalSettingsPanel">
        <metrics statements="2" coveredstatements="2" conditionals="0" coveredconditionals="0" methods="0" coveredmethods="0"/>
[...]
          <line num="28" count="7" type="stmt"/>
          <line num="29" count="7" type="stmt"/>
          <line num="30" count="35" type="stmt"/>
          <line num="32" count="7" type="stmt"/>
          <line num="36" count="14" type="stmt"/>
          <line num="40" count="14" type="stmt"/>
          <line num="41" count="14" type="stmt"/>
          <line num="47" count="14" type="stmt"/>
          <line num="49" count="14" type="cond" truecount="2" falsecount="0"/>
          <line num="50" count="6" type="stmt"/>
          <line num="51" count="8" type="cond" truecount="2" falsecount="0"/>
          <line num="52" count="2" type="stmt"/>
          <line num="53" count="6" type="cond" truecount="2" falsecount="0"/>
          <line num="54" count="2" type="stmt"/>
          <line num="56" count="4" type="stmt"/>
          <line num="61" count="0" type="stmt"/>
          <line num="62" count="0" type="cond" truecount="0" falsecount="2"/>
          <line num="63" count="0" type="stmt"/>
          <line num="66" count="0" type="stmt"/>
          <line num="67" count="0" type="stmt"/>
          <line num="68" count="0" type="stmt"/>
          <line num="70" count="0" type="stmt"/>
          <line num="71" count="0" type="stmt"/>
          <line num="72" count="0" type="stmt"/>
          <line num="73" count="0" type="stmt"/>
          <line num="74" count="0" type="stmt"/>
        </file>
        <file name="fileStateHelper.ts" path="/home/travis/build/MaibornWolff/codecharta/visualization/app/codeCharta/util/fileStateHelper.ts">
          <metrics statements="11" coveredstatements="11" conditionals="6" coveredconditionals="6" methods="13" coveredmethods="13"/>
          <line num="5" count="6" type="stmt"/>
          <line num="9" count="16" type="stmt"/>
          <line num="13" count="4" type="stmt"/>
          <line num="14" count="3" type="cond" truecount="2" falsecount="0"/>
          <line num="18" count="3" type="stmt"/>
          <line num="19" count="3" type="stmt"/>
          <line num="23" count="9" type="stmt"/>
          <line num="24" count="9" type="cond" truecount="2" falsecount="0"/>
          <line num="28" count="6" type="stmt"/>
          <line num="29" count="6" type="cond" truecount="2" falsecount="0"/>
          <line num="33" count="40" type="stmt"/>
        </file>
        <file name="fileValidator.ts" path="/home/travis/build/MaibornWolff/codecharta/visualization/app/codeCharta/util/fileValidator.ts">
          <metrics statements="19" coveredstatements="18" conditionals="14" coveredconditionals="13" methods="2" coveredmethods="2"/>
          <line num="5" count="30" type="cond" truecount="4" falsecount="0"/>
          <line num="6" count="19" type="stmt"/>
          <line num="9" count="11" type="stmt"/>
          <line num="10" count="11" type="stmt"/>
          <line num="11" count="22" type="stmt"/>
          <line num="13" count="11" type="cond" truecount="2" falsecount="0"/>
          <line num="14" count="1" type="stmt"/>
          <line num="17" count="10" type="stmt"/>
          <line num="18" count="20" type="cond" truecount="1" falsecount="1"/>
          <line num="19" count="0" type="stmt"/>
          <line num="22" count="10" type="stmt"/>
          <line num="26" count="15" type="cond" truecount="2" falsecount="0"/>
          <line num="27" count="4" type="stmt"/>
          <line num="29" count="11" type="stmt"/>
          <line num="30" count="11" type="stmt"/>
          <line num="31" count="11" type="stmt"/>
          <line num="33" count="11" type="cond" truecount="2" falsecount="0"/>
          <line num="34" count="1" type="stmt"/>
          <line num="42" count="9" type="cond" truecount="2" falsecount="0"/>
        </file>
        <file name="mapBuilder.ts" path="/home/travis/build/MaibornWolff/codecharta/visualization/app/codeCharta/util/mapBuilder.ts">
          <metrics statements="20" coveredstatements="20" conditionals="14" coveredconditionals="14" methods="7" coveredmethods="7"/>
          <line num="6" count="4" type="stmt"/>
          <line num="8" count="4" type="stmt"/>
          <line num="9" count="31" type="stmt"/>
          <line num="10" count="31" type="stmt"/>
          <line num="11" count="31" type="cond" truecount="2" falsecount="0"/>
          <line num="12" count="4" type="stmt"/>
          <line num="14" count="27" type="stmt"/>
          <line num="17" count="4" type="stmt"/>
          <line num="21" count="4" type="stmt"/>
          <line num="31" count="51" type="stmt"/>
          <line num="35" count="33" type="stmt"/>
          <line num="36" count="33" type="stmt"/>
          <line num="37" count="33" type="cond" truecount="2" falsecount="0"/>
          <line num="41" count="79" type="cond" truecount="4" falsecount="0"/>
          <line num="42" count="33" type="stmt"/>
          <line num="44" count="46" type="cond" truecount="4" falsecount="0"/>
          <line num="45" count="26" type="stmt"/>
          <line num="46" count="46" type="stmt"/>
          <line num="47" count="46" type="cond" truecount="2" falsecount="0"/>
          <line num="48" count="20" type="stmt"/>
        </file>
        <file name="nodeDecorator.ts" path="/home/travis/build/MaibornWolff/codecharta/visualization/app/codeCharta/util/nodeDecorator.ts">
          <metrics statements="58" coveredstatements="57" conditionals="45" coveredconditionals="39" methods="21" coveredmethods="21"/>
          <line num="10" count="15" type="stmt"/>
          <line num="11" count="15" type="stmt"/>
          <line num="12" count="15" type="stmt"/>
          <line num="13" count="15" type="stmt"/>
          <line num="14" count="15" type="stmt"/>
          <line num="15" count="15" type="stmt"/>
          <line num="20" count="37" type="stmt"/>
          <line num="21" count="37" type="stmt"/>
          <line num="22" count="37" type="stmt"/>
          <line num="26" count="15" type="stmt"/>
          <line num="27" count="71" type="stmt"/>
          <line num="36" count="15" type="stmt"/>
          <line num="37" count="71" type="cond" truecount="2" falsecount="0"/>
          <line num="38" count="6" type="stmt"/>
          <line num="39" count="6" type="stmt"/>
          <line num="40" count="6" type="stmt"/>
          <line num="41" count="6" type="stmt"/>
          <line num="42" count="6" type="cond" truecount="2" falsecount="0"/>
          <line num="43" count="1" type="stmt"/>
          <line num="45" count="6" type="stmt"/>
          <line num="46" count="6" type="stmt"/>
          <line num="47" count="6" type="stmt"/>
          <line num="48" count="65" type="cond" truecount="5" falsecount="0"/>
          <line num="49" count="25" type="stmt"/>
          <line num="50" count="50" type="stmt"/>
          <line num="55" count="15" type="cond" truecount="3" falsecount="1"/>
          <line num="56" count="15" type="stmt"/>
          <line num="61" count="37" type="cond" truecount="3" falsecount="1"/>
          <line num="62" count="37" type="stmt"/>
          <line num="63" count="37" type="stmt"/>
          <line num="64" count="221" type="stmt"/>
          <line num="68" count="497" type="stmt"/>
          <line num="72" count="37" type="stmt"/>
          <line num="76" count="15" type="cond" truecount="3" falsecount="1"/>
          <line num="77" count="15" type="stmt"/>
          <line num="78" count="15" type="stmt"/>
          <line num="79" count="72" type="stmt"/>
          <line num="80" count="72" type="stmt"/>
          <line num="81" count="72" type="cond" truecount="2" falsecount="0"/>
          <line num="82" count="72" type="stmt"/>
          <line num="88" count="15" type="cond" truecount="4" falsecount="1"/>
          <line num="89" count="15" type="stmt"/>
          <line num="90" count="15" type="stmt"/>
          <line num="91" count="40" type="stmt"/>
          <line num="92" count="132" type="cond" truecount="2" falsecount="0"/>
          <line num="93" count="51" type="stmt"/>
          <line num="101" count="15" type="cond" truecount="3" falsecount="1"/>
          <line num="102" count="15" type="stmt"/>
          <line num="103" count="15" type="stmt"/>
          <line num="104" count="66" type="stmt"/>
          <line num="114" count="102" type="stmt"/>
          <line num="116" count="66" type="stmt"/>
          <line num="117" count="218" type="cond" truecount="4" falsecount="0"/>
          <line num="118" count="86" type="stmt"/>
          <line num="124" count="206" type="stmt"/>
          <line num="126" count="86" type="cond" truecount="1" falsecount="1"/>
          <line num="127" count="120" type="stmt"/>
          <line num="130" count="0" type="stmt"/>
        </file>
        <file name="scenarioHelper.ts" path="/home/travis/build/MaibornWolff/codecharta/visualization/app/codeCharta/util/scenarioHelper.ts">
          <metrics statements="6" coveredstatements="6" conditionals="3" coveredconditionals="3" methods="8" coveredmethods="8"/>
          <line num="10" count="20" type="stmt"/>
          <line num="13" count="8" type="stmt"/>
          <line num="17" count="6" type="stmt"/>
          <line num="18" count="2" type="stmt"/>
          <line num="26" count="1" type="stmt"/>
          <line num="30" count="1" type="stmt"/>
        </file>
        <file name="settingsMerger.ts" path="/home/travis/build/MaibornWolff/codecharta/visualization/app/codeCharta/util/settingsMerger.ts">
          <metrics statements="47" coveredstatements="38" conditionals="33" coveredconditionals="24" methods="11" coveredmethods="8"/>
          <line num="5" count="34" type="stmt"/>
          <line num="6" count="34" type="stmt"/>
          <line num="7" count="34" type="stmt"/>
          <line num="8" count="34" type="stmt"/>
          <line num="11" count="12" type="cond" truecount="1" falsecount="1"/>
          <line num="12" count="0" type="cond" truecount="0" falsecount="2"/>
          <line num="15" count="12" type="stmt"/>
          <line num="17" count="12" type="stmt"/>
          <line num="18" count="20" type="stmt"/>
          <line num="19" count="20" type="stmt"/>
          <line num="20" count="20" type="stmt"/>
          <line num="23" count="12" type="stmt"/>
          <line num="27" count="20" type="cond" truecount="2" falsecount="0"/>
          <line num="28" count="1" type="stmt"/>
          <line num="31" count="19" type="stmt"/>
          <line num="32" count="18" type="stmt"/>
          <line num="40" count="18" type="cond" truecount="2" falsecount="0"/>
          <line num="42" count="18" type="cond" truecount="2" falsecount="0"/>
          <line num="43" count="7" type="stmt"/>
          <line num="44" count="14" type="stmt"/>
          <line num="47" count="11" type="stmt"/>
          <line num="53" count="20" type="cond" truecount="1" falsecount="1"/>
          <line num="54" count="0" type="stmt"/>
          <line num="57" count="20" type="stmt"/>
          <line num="58" count="8" type="stmt"/>
          <line num="64" count="11" type="cond" truecount="2" falsecount="0"/>
          <line num="65" count="8" type="cond" truecount="2" falsecount="0"/>
          <line num="66" count="7" type="stmt"/>
          <line num="72" count="0" type="cond" truecount="0" falsecount="2"/>
          <line num="73" count="0" type="stmt"/>
          <line num="75" count="0" type="stmt"/>
          <line num="79" count="0" type="stmt"/>
          <line num="83" count="20" type="stmt"/>
          <line num="84" count="20" type="cond" truecount="4" falsecount="0"/>
          <line num="85" count="9" type="stmt"/>
          <line num="86" count="9" type="stmt"/>
          <line num="89" count="20" type="cond" truecount="4" falsecount="0"/>
          <line num="90" count="9" type="stmt"/>
          <line num="91" count="6" type="stmt"/>
          <line num="97" count="12" type="stmt"/>
          <line num="109" count="0" type="stmt"/>
          <line num="110" count="0" type="stmt"/>
          <line num="111" count="0" type="stmt"/>
          <line num="115" count="12" type="stmt"/>
          <line num="116" count="12" type="stmt"/>
          <line num="117" count="12" type="stmt"/>
          <line num="118" count="12" type="stmt"/>
        </file>
        <file name="treeMapGenerator.ts" path="/home/travis/build/MaibornWolff/codecharta/visualization/app/codeCharta/util/treeMapGenerator.ts">
          <metrics statements="51" coveredstatements="48" conditionals="44" coveredconditionals="36" methods="13" coveredmethods="13"/>
          <line num="19" count="19" type="stmt"/>
          <line num="20" count="19" type="stmt"/>
          <line num="21" count="19" type="stmt"/>
          <line num="22" count="19" type="stmt"/>
          <line num="23" count="19" type="stmt"/>
          <line num="26" count="9" type="stmt"/>
          <line num="27" count="9" type="stmt"/>
          <line num="31" count="2" type="stmt"/>
          <line num="32" count="2" type="stmt"/>
          <line num="35" count="12" type="stmt"/>
          <line num="37" count="2" type="stmt"/>
          <line num="41" count="9" type="stmt"/>
          <line num="42" count="36" type="stmt"/>
          <line num="43" count="9" type="stmt"/>
          <line num="44" count="9" type="stmt"/>
          <line num="53" count="36" type="stmt"/>
          <line num="61" count="11" type="stmt"/>
          <line num="62" count="9" type="stmt"/>
          <line num="63" count="9" type="stmt"/>
          <line num="74" count="36" type="cond" truecount="1" falsecount="1"/>
          <line num="75" count="36" type="stmt"/>
          <line num="77" count="36" type="cond" truecount="4" falsecount="0"/>
          <line num="78" count="29" type="stmt"/>
          <line num="81" count="36" type="cond" truecount="1" falsecount="1"/>
          <line num="82" count="0" type="stmt"/>
          <line num="85" count="36" type="stmt"/>
          <line num="97" count="36" type="cond" truecount="4" falsecount="0"/>
          <line num="98" count="11" type="stmt"/>
          <line num="99" count="11" type="stmt"/>
          <line num="100" count="27" type="stmt"/>
          <line num="104" count="11" type="stmt"/>
          <line num="106" count="36" type="stmt"/>
          <line num="110" count="36" type="cond" truecount="4" falsecount="0"/>
          <line num="114" count="36" type="stmt"/>
          <line num="116" count="36" type="cond" truecount="1" falsecount="1"/>
          <line num="117" count="0" type="stmt"/>
          <line num="120" count="36" type="cond" truecount="2" falsecount="0"/>
          <line num="121" count="1" type="stmt"/>
          <line num="124" count="35" type="cond" truecount="4" falsecount="0"/>
          <line num="125" count="25" type="cond" truecount="4" falsecount="0"/>
          <line num="126" count="5" type="cond" truecount="1" falsecount="1"/>
          <line num="128" count="20" type="stmt"/>
          <line num="131" count="35" type="stmt"/>
          <line num="135" count="20" type="stmt"/>
          <line num="137" count="20" type="cond" truecount="1" falsecount="1"/>
          <line num="138" count="20" type="stmt"/>
          <line num="139" count="16" type="cond" truecount="4" falsecount="0"/>
          <line num="140" count="6" type="stmt"/>
          <line num="145" count="20" type="cond" truecount="1" falsecount="1"/>
          <line num="146" count="20" type="stmt"/>
          <line num="148" count="0" type="stmt"/>
        </file>
        <file name="treeMapHelper.ts" path="/home/travis/build/MaibornWolff/codecharta/visualization/app/codeCharta/util/treeMapHelper.ts">
          <metrics statements="22" coveredstatements="22" conditionals="35" coveredconditionals="30" methods="9" coveredmethods="9"/>
          <line num="7" count="9" type="stmt"/>
          <line num="8" count="9" type="cond" truecount="4" falsecount="0"/>
          <line num="9" count="4" type="stmt"/>
          <line num="10" count="5" type="stmt"/>
          <line num="13" count="9" type="stmt"/>
          <line num="17" count="95" type="cond" truecount="2" falsecount="0"/>
          <line num="31" count="44" type="stmt"/>
          <line num="32" count="44" type="cond" truecount="2" falsecount="0"/>
          <line num="33" count="37" type="stmt"/>
          <line num="36" count="44" type="stmt"/>
          <line num="37" count="44" type="cond" truecount="2" falsecount="0"/>
          <line num="38" count="3" type="stmt"/>
          <line num="41" count="44" type="stmt"/>
          <line num="69" count="50" type="stmt"/>
          <line num="70" count="50" type="cond" truecount="4" falsecount="0"/>
          <line num="71" count="4" type="stmt"/>
          <line num="74" count="50" type="cond" truecount="5" falsecount="0"/>
          <line num="75" count="2" type="cond" truecount="1" falsecount="1"/>
          <line num="77" count="50" type="stmt"/>
          <line num="81" count="4" type="stmt"/>
          <line num="83" count="4" type="cond" truecount="3" falsecount="0"/>
          <line num="89" count="3" type="stmt"/>
        </file>
        <file name="urlExtractor.ts" path="/home/travis/build/MaibornWolff/codecharta/visualization/app/codeCharta/util/urlExtractor.ts">
          <metrics statements="28" coveredstatements="27" conditionals="14" coveredconditionals="13" methods="8" coveredmethods="8"/>
          <line num="6" count="19" type="stmt"/>
          <line num="8" count="27" type="stmt"/>
          <line num="11" count="5" type="stmt"/>
          <line num="12" count="5" type="stmt"/>
          <line num="13" count="5" type="stmt"/>
          <line num="15" count="5" type="cond" truecount="2" falsecount="0"/>
          <line num="16" count="3" type="stmt"/>
          <line num="18" count="2" type="cond" truecount="1" falsecount="1"/>
          <line num="19" count="0" type="stmt"/>
          <line num="21" count="2" type="stmt"/>
          <line num="25" count="21" type="stmt"/>
          <line num="27" count="21" type="cond" truecount="2" falsecount="0"/>
          <line num="28" count="18" type="stmt"/>
          <line num="31" count="21" type="cond" truecount="2" falsecount="0"/>
          <line num="32" count="1" type="stmt"/>
          <line num="35" count="21" type="stmt"/>
          <line num="37" count="21" type="stmt"/>
          <line num="38" count="5" type="stmt"/>
          <line num="40" count="5" type="stmt"/>
          <line num="45" count="21" type="stmt"/>
          <line num="49" count="4" type="stmt"/>
          <line num="50" count="4" type="cond" truecount="4" falsecount="0"/>
          <line num="51" count="2" type="stmt"/>
          <line num="52" count="2" type="cond" truecount="2" falsecount="0"/>
          <line num="53" count="1" type="stmt"/>
          <line num="54" count="1" type="stmt"/>
          <line num="56" count="1" type="stmt"/>
          <line num="60" count="2" type="stmt"/>
        </file>
      </package>
      <package name="app.testVille">
        <metrics statements="5" coveredstatements="0" conditionals="0" coveredconditionals="0" methods="0" coveredmethods="0"/>
        <file name="testVille.component.ts" path="/home/travis/build/MaibornWolff/codecharta/visualization/app/testVille/testVille.component.ts">
          <metrics statements="2" coveredstatements="0" conditionals="0" coveredconditionals="0" methods="0" coveredmethods="0"/>
          <line num="2" count="0" type="stmt"/>
          <line num="4" count="0" type="stmt"/>
        </file>
        <file name="testVille.ts" path="/home/travis/build/MaibornWolff/codecharta/visualization/app/testVille/testVille.ts">
          <metrics statements="3" coveredstatements="0" conditionals="0" coveredconditionals="0" methods="0" coveredmethods="0"/>
          <line num="2" count="0" type="stmt"/>
          <line num="3" count="0" type="stmt"/>
          <line num="6" count="0" type="stmt"/>
        </file>
      </package>
    </metrics>
  </project>
</coverage>
