{"/home/travis/build/MaibornWolff/codecharta/visualization/app/app.ts": {"path":"/home/travis/build/MaibornWolff/codecharta/visualization/app/app.ts","statementMap":{"0":{"start":{"line":2,"column":0},"end":{"line":null,"column":-1}},"1":{"start":{"line":3,"column":0},"end":{"line":null,"column":-1}},"2":{"start":{"line":4,"column":0},"end":{"line":null,"column":-1}},"3":{"start":{"line":5,"column":0},"end":{"line":null,"column":-1}},"4":{"start":{"line":6,"column":0},"end":{"line":null,"column":-1}},"5":{"start":{"line":7,"column":0},"end":{"line":null,"column":-1}},"6":{"start":{"line":8,"column":0},"end":{"line":null,"column":-1}},"7":{"start":{"line":11,"column":0},"end":{"line":null,"column":-1}},"8":{"start":{"line":13,"column":0},"end":{"line":null,"column":-1}},"9":{"start":{"line":18,"column":3},"end":{"line":null,"column":-1}},"10":{"start":{"line":19,"column":3},"end":{"line":null,"column":-1}},"11":{"start":{"line":26,"column":2},"end":{"line":null,"column":-1}},"12":{"start":{"line":33,"column":2},"end":{"line":null,"column":-1}},"13":{"start":{"line":36,"column":2},"end":{"line":null,"column":-1}},"14":{"start":{"line":41,"column":2},"end":{"line":null,"column":-1}},"15":{"start":{"line":49,"column":3},"end":{"line":null,"column":-1}},"16":{"start":{"line":50,"column":3},"end":{"line":null,"column":-1}},"17":{"start":{"line":54,"column":2},"end":{"line":null,"column":-1}}},"fnMap":{"0":{"name":"(anonymous_1)","decl":{"start":{"line":17,"column":2},"end":{"line":17,"column":21}},"loc":{"start":{"line":17,"column":22},"end":{"line":15,"column":9}}},"1":{"name":"(anonymous_2)","decl":{"start":{"line":25,"column":9},"end":{"line":25,"column":29}},"loc":{"start":{"line":25,"column":30},"end":{"line":13,"column":0}}},"2":{"name":"(anonymous_3)","decl":{"start":{"line":32,"column":9},"end":{"line":32,"column":26}},"loc":{"start":{"line":32,"column":27},"end":{"line":13,"column":0}}},"3":{"name":"(anonymous_4)","decl":{"start":{"line":35,"column":9},"end":{"line":35,"column":25}},"loc":{"start":{"line":35,"column":26},"end":{"line":13,"column":0}}},"4":{"name":"(anonymous_5)","decl":{"start":{"line":48,"column":2},"end":{"line":48,"column":20}},"loc":{"start":{"line":48,"column":21},"end":{"line":46,"column":9}}},"5":{"name":"(anonymous_6)","decl":{"start":{"line":53,"column":6},"end":{"line":53,"column":14}},"loc":{"start":{"line":53,"column":15},"end":{"line":13,"column":0}}}},"branchMap":{},"s":{"0":0,"1":0,"2":0,"3":0,"4":0,"5":0,"6":0,"7":0,"8":0,"9":0,"10":0,"11":0,"12":0,"13":0,"14":0,"15":0,"16":0,"17":0},"f":{"0":0,"1":0,"2":0,"3":0,"4":0,"5":0},"b":{}}
,"/home/travis/build/MaibornWolff/codecharta/visualization/app/codeCharta/codeCharta.component.ts": {"path":"/home/travis/build/MaibornWolff/codecharta/visualization/app/codeCharta/codeCharta.component.ts","statementMap":{"0":{"start":{"line":31,"column":10},"end":{"line":31,"column":62}},"1":{"start":{"line":32,"column":10},"end":{"line":32,"column":39}},"2":{"start":{"line":33,"column":10},"end":{"line":33,"column":38}},"3":{"start":{"line":34,"column":10},"end":{"line":34,"column":54}},"4":{"start":{"line":35,"column":10},"end":{"line":35,"column":42}},"5":{"start":{"line":36,"column":10},"end":{"line":36,"column":46}},"6":{"start":{"line":37,"column":10},"end":{"line":37,"column":44}},"7":{"start":{"line":38,"column":10},"end":{"line":38,"column":37}},"8":{"start":{"line":39,"column":10},"end":{"line":39,"column":29}},"9":{"start":{"line":40,"column":10},"end":{"line":40,"column":46}},"10":{"start":{"line":15,"column":9},"end":{"line":25,"column":2}},"11":{"start":{"line":42,"column":2},"end":{"line":42,"column":50}},"12":{"start":{"line":44,"column":2},"end":{"line":44,"column":62}},"13":{"start":{"line":45,"column":2},"end":{"line":45,"column":52}},"14":{"start":{"line":46,"column":2},"end":{"line":46,"column":25}},"15":{"start":{"line":50,"column":2},"end":{"line":50,"column":76}},"16":{"start":{"line":54,"column":2},"end":{"line":54,"column":44}},"17":{"start":{"line":58,"column":2},"end":{"line":58,"column":48}},"18":{"start":{"line":62,"column":2},"end":{"line":74,"column":5}},"19":{"start":{"line":65,"column":4},"end":{"line":70,"column":5}},"20":{"start":{"line":66,"column":5},"end":{"line":66,"column":31}},"21":{"start":{"line":67,"column":5},"end":{"line":67,"column":33}},"22":{"start":{"line":69,"column":5},"end":{"line":69,"column":33}},"23":{"start":{"line":73,"column":4},"end":{"line":73,"column":32}},"24":{"start":{"line":78,"column":2},"end":{"line":82,"column":3}},"25":{"start":{"line":79,"column":3},"end":{"line":81,"column":4}},"26":{"start":{"line":83,"column":2},"end":{"line":86,"column":4}},"27":{"start":{"line":90,"column":2},"end":{"line":90,"column":80}},"28":{"start":{"line":92,"column":2},"end":{"line":101,"column":5}},"29":{"start":{"line":95,"column":4},"end":{"line":95,"column":85}},"30":{"start":{"line":98,"column":4},"end":{"line":98,"column":55}},"31":{"start":{"line":99,"column":4},"end":{"line":99,"column":20}},"32":{"start":{"line":100,"column":4},"end":{"line":100,"column":23}},"33":{"start":{"line":105,"column":30},"end":{"line":105,"column":70}},"34":{"start":{"line":106,"column":16},"end":{"line":106,"column":50}},"35":{"start":{"line":108,"column":2},"end":{"line":114,"column":3}},"36":{"start":{"line":109,"column":3},"end":{"line":109,"column":53}},"37":{"start":{"line":110,"column":9},"end":{"line":114,"column":3}},"38":{"start":{"line":111,"column":3},"end":{"line":111,"column":43}},"39":{"start":{"line":113,"column":3},"end":{"line":113,"column":44}},"40":{"start":{"line":118,"column":2},"end":{"line":118,"column":72}},"41":{"start":{"line":122,"column":35},"end":{"line":126,"column":1}}},"fnMap":{"0":{"name":"(anonymous_0)","decl":{"start":{"line":30,"column":1},"end":{"line":31,"column":9}},"loc":{"start":{"line":40,"column":46},"end":{"line":47,"column":2}}},"1":{"name":"(anonymous_1)","decl":{"start":{"line":49,"column":8},"end":{"line":49,"column":24}},"loc":{"start":{"line":49,"column":110},"end":{"line":51,"column":2}}},"2":{"name":"(anonymous_2)","decl":{"start":{"line":53,"column":8},"end":{"line":53,"column":19}},"loc":{"start":{"line":53,"column":20},"end":{"line":55,"column":2}}},"3":{"name":"(anonymous_3)","decl":{"start":{"line":57,"column":8},"end":{"line":57,"column":24}},"loc":{"start":{"line":57,"column":25},"end":{"line":59,"column":2}}},"4":{"name":"(anonymous_4)","decl":{"start":{"line":61,"column":8},"end":{"line":61,"column":23}},"loc":{"start":{"line":61,"column":24},"end":{"line":75,"column":2}}},"5":{"name":"(anonymous_5)","decl":{"start":{"line":64,"column":9},"end":{"line":64,"column":10}},"loc":{"start":{"line":64,"column":34},"end":{"line":71,"column":4}}},"6":{"name":"(anonymous_6)","decl":{"start":{"line":72,"column":10},"end":{"line":72,"column":12}},"loc":{"start":{"line":72,"column":15},"end":{"line":74,"column":4}}},"7":{"name":"(anonymous_7)","decl":{"start":{"line":77,"column":8},"end":{"line":77,"column":28}},"loc":{"start":{"line":77,"column":29},"end":{"line":87,"column":2}}},"8":{"name":"(anonymous_8)","decl":{"start":{"line":89,"column":9},"end":{"line":89,"column":23}},"loc":{"start":{"line":89,"column":47},"end":{"line":102,"column":2}}},"9":{"name":"(anonymous_9)","decl":{"start":{"line":94,"column":9},"end":{"line":94,"column":11}},"loc":{"start":{"line":94,"column":14},"end":{"line":96,"column":4}}},"10":{"name":"(anonymous_10)","decl":{"start":{"line":97,"column":10},"end":{"line":97,"column":11}},"loc":{"start":{"line":97,"column":14},"end":{"line":101,"column":4}}},"11":{"name":"(anonymous_11)","decl":{"start":{"line":104,"column":9},"end":{"line":104,"column":29}},"loc":{"start":{"line":104,"column":30},"end":{"line":115,"column":2}}},"12":{"name":"(anonymous_12)","decl":{"start":{"line":117,"column":9},"end":{"line":117,"column":19}},"loc":{"start":{"line":117,"column":35},"end":{"line":119,"column":2}}}},"branchMap":{"0":{"loc":{"start":{"line":65,"column":4},"end":{"line":70,"column":5}},"type":"if","locations":[{"start":{"line":65,"column":4},"end":{"line":70,"column":5}},{"start":{"line":65,"column":4},"end":{"line":70,"column":5}}]},"1":{"loc":{"start":{"line":78,"column":2},"end":{"line":82,"column":3}},"type":"if","locations":[{"start":{"line":78,"column":2},"end":{"line":82,"column":3}},{"start":{"line":78,"column":2},"end":{"line":82,"column":3}}]},"2":{"loc":{"start":{"line":108,"column":2},"end":{"line":114,"column":3}},"type":"if","locations":[{"start":{"line":108,"column":2},"end":{"line":114,"column":3}},{"start":{"line":108,"column":2},"end":{"line":114,"column":3}}]},"3":{"loc":{"start":{"line":108,"column":6},"end":{"line":108,"column":29}},"type":"binary-expr","locations":[{"start":{"line":108,"column":6},"end":{"line":108,"column":29}},{"start":{"line":108,"column":33},"end":{"line":108,"column":50}}]},"4":{"loc":{"start":{"line":110,"column":9},"end":{"line":114,"column":3}},"type":"if","locations":[{"start":{"line":110,"column":9},"end":{"line":114,"column":3}},{"start":{"line":110,"column":9},"end":{"line":114,"column":3}}]}},"s":{"0":17,"1":17,"2":17,"3":17,"4":17,"5":17,"6":17,"7":17,"8":17,"9":17,"10":17,"11":17,"12":17,"13":17,"14":17,"15":1,"16":1,"17":1,"18":20,"19":20,"20":2,"21":2,"22":18,"23":0,"24":22,"25":19,"26":22,"27":24,"28":24,"29":24,"30":0,"31":0,"32":0,"33":2,"34":2,"35":2,"36":0,"37":2,"38":0,"39":2,"40":0,"41":18},"f":{"0":17,"1":1,"2":1,"3":1,"4":20,"5":20,"6":0,"7":22,"8":24,"9":24,"10":0,"11":2,"12":0},"b":{"0":[2,18],"1":[19,3],"2":[0,2],"3":[2,0],"4":[0,2]}}
,"/home/travis/build/MaibornWolff/codecharta/visualization/app/codeCharta/codeCharta.model.ts": {"path":"/home/travis/build/MaibornWolff/codecharta/visualization/app/codeCharta/codeCharta.model.ts","statementMap":{"0":{"start":{"line":13,"column":0},"end":{"line":19,"column":1}},"1":{"start":{"line":14,"column":1},"end":{"line":14,"column":18}},"2":{"start":{"line":15,"column":1},"end":{"line":15,"column":24}},"3":{"start":{"line":16,"column":1},"end":{"line":16,"column":26}},"4":{"start":{"line":17,"column":1},"end":{"line":17,"column":20}},"5":{"start":{"line":18,"column":1},"end":{"line":18,"column":14}},"6":{"start":{"line":123,"column":0},"end":{"line":126,"column":1}},"7":{"start":{"line":124,"column":1},"end":{"line":124,"column":9}},"8":{"start":{"line":125,"column":1},"end":{"line":125,"column":9}},"9":{"start":{"line":140,"column":0},"end":{"line":143,"column":1}},"10":{"start":{"line":141,"column":1},"end":{"line":141,"column":14}},"11":{"start":{"line":142,"column":1},"end":{"line":142,"column":20}}},"fnMap":{"0":{"name":"(anonymous_0)","decl":{"start":{"line":13,"column":0},"end":{"line":13,"column":11}},"loc":{"start":{"line":13,"column":30},"end":{"line":19,"column":1}}},"1":{"name":"(anonymous_1)","decl":{"start":{"line":123,"column":0},"end":{"line":123,"column":11}},"loc":{"start":{"line":123,"column":25},"end":{"line":126,"column":1}}},"2":{"name":"(anonymous_2)","decl":{"start":{"line":140,"column":0},"end":{"line":140,"column":11}},"loc":{"start":{"line":140,"column":25},"end":{"line":143,"column":1}}}},"branchMap":{"0":{"loc":{"start":{"line":13,"column":12},"end":{"line":13,"column":30}},"type":"binary-expr","locations":[{"start":{"line":13,"column":12},"end":{"line":13,"column":30}},{"start":{"line":13,"column":12},"end":{"line":13,"column":30}}]},"1":{"loc":{"start":{"line":123,"column":12},"end":{"line":123,"column":25}},"type":"binary-expr","locations":[{"start":{"line":123,"column":12},"end":{"line":123,"column":25}},{"start":{"line":123,"column":12},"end":{"line":123,"column":25}}]},"2":{"loc":{"start":{"line":140,"column":12},"end":{"line":140,"column":25}},"type":"binary-expr","locations":[{"start":{"line":140,"column":12},"end":{"line":140,"column":25}},{"start":{"line":140,"column":12},"end":{"line":140,"column":25}}]}},"s":{"0":39,"1":39,"2":39,"3":39,"4":39,"5":39,"6":39,"7":39,"8":39,"9":39,"10":39,"11":39},"f":{"0":39,"1":39,"2":39},"b":{"0":[39,39],"1":[39,39],"2":[39,39]}}
,"/home/travis/build/MaibornWolff/codecharta/visualization/app/codeCharta/codeCharta.module.ts": {"path":"/home/travis/build/MaibornWolff/codecharta/visualization/app/codeCharta/codeCharta.module.ts","statementMap":{"0":{"start":{"line":12,"column":0},"end":{"line":12,"column":79}},"1":{"start":{"line":14,"column":0},"end":{"line":17,"column":65}}},"fnMap":{},"branchMap":{},"s":{"0":18,"1":18},"f":{},"b":{}}
,"/home/travis/build/MaibornWolff/codecharta/visualization/app/codeCharta/codeCharta.service.ts": {"path":"/home/travis/build/MaibornWolff/codecharta/visualization/app/codeCharta/codeCharta.service.ts","statementMap":{"0":{"start":{"line":10,"column":21},"end":{"line":10,"column":55}},"1":{"start":{"line":13,"column":2},"end":{"line":26,"column":4}},"2":{"start":{"line":14,"column":3},"end":{"line":22,"column":5}},"3":{"start":{"line":15,"column":19},"end":{"line":15,"column":63}},"4":{"start":{"line":16,"column":4},"end":{"line":21,"column":5}},"5":{"start":{"line":17,"column":20},"end":{"line":17,"column":79}},"6":{"start":{"line":18,"column":5},"end":{"line":18,"column":42}},"7":{"start":{"line":20,"column":5},"end":{"line":20,"column":19}},"8":{"start":{"line":24,"column":3},"end":{"line":24,"column":73}},"9":{"start":{"line":25,"column":3},"end":{"line":25,"column":12}},"10":{"start":{"line":30,"column":2},"end":{"line":45,"column":3}},"11":{"start":{"line":6,"column":15},"end":{"line":6,"column":33}},"12":{"start":{"line":7,"column":15},"end":{"line":7,"column":60}},"13":{"start":{"line":8,"column":15},"end":{"line":8,"column":45}}},"fnMap":{"0":{"name":"(anonymous_0)","decl":{"start":{"line":10,"column":1},"end":{"line":10,"column":20}},"loc":{"start":{"line":10,"column":55},"end":{"line":10,"column":59}}},"1":{"name":"(anonymous_1)","decl":{"start":{"line":12,"column":8},"end":{"line":12,"column":16}},"loc":{"start":{"line":12,"column":47},"end":{"line":27,"column":2}}},"2":{"name":"(anonymous_2)","decl":{"start":{"line":13,"column":21},"end":{"line":13,"column":22}},"loc":{"start":{"line":13,"column":41},"end":{"line":26,"column":3}}},"3":{"name":"(anonymous_3)","decl":{"start":{"line":14,"column":25},"end":{"line":14,"column":26}},"loc":{"start":{"line":14,"column":56},"end":{"line":22,"column":4}}},"4":{"name":"(anonymous_4)","decl":{"start":{"line":29,"column":9},"end":{"line":29,"column":17}},"loc":{"start":{"line":29,"column":53},"end":{"line":46,"column":2}}}},"branchMap":{"0":{"loc":{"start":{"line":16,"column":4},"end":{"line":21,"column":5}},"type":"if","locations":[{"start":{"line":16,"column":4},"end":{"line":21,"column":5}},{"start":{"line":16,"column":4},"end":{"line":21,"column":5}}]},"1":{"loc":{"start":{"line":38,"column":12},"end":{"line":38,"column":29}},"type":"binary-expr","locations":[{"start":{"line":38,"column":12},"end":{"line":38,"column":29}},{"start":{"line":38,"column":33},"end":{"line":38,"column":35}}]},"2":{"loc":{"start":{"line":39,"column":21},"end":{"line":39,"column":47}},"type":"binary-expr","locations":[{"start":{"line":39,"column":21},"end":{"line":39,"column":47}},{"start":{"line":39,"column":51},"end":{"line":39,"column":53}}]},"3":{"loc":{"start":{"line":40,"column":16},"end":{"line":40,"column":37}},"type":"binary-expr","locations":[{"start":{"line":40,"column":16},"end":{"line":40,"column":37}},{"start":{"line":40,"column":41},"end":{"line":40,"column":43}}]}},"s":{"0":30,"1":5,"2":5,"3":5,"4":4,"5":2,"6":2,"7":2,"8":4,"9":4,"10":2,"11":37,"12":37,"13":37},"f":{"0":30,"1":5,"2":5,"3":5,"4":2},"b":{"0":[2,2],"1":[2,2],"2":[2,2],"3":[2,2]}}
,"/home/travis/build/MaibornWolff/codecharta/visualization/app/codeCharta/e2e/logo.po.ts": {"path":"/home/travis/build/MaibornWolff/codecharta/visualization/app/codeCharta/e2e/logo.po.ts","statementMap":{"0":{"start":{"line":2,"column":21},"end":{"line":null,"column":-1}},"1":{"start":{"line":5,"column":24},"end":{"line":5,"column":2}},"2":{"start":{"line":5,"column":55},"end":{"line":5,"column":30}},"3":{"start":{"line":6,"column":2},"end":{"line":null,"column":-1}},"4":{"start":{"line":10,"column":2},"end":{"line":null,"column":-1}},"5":{"start":{"line":10,"column":40},"end":{"line":10,"column":15}},"6":{"start":{"line":14,"column":2},"end":{"line":null,"column":-1}},"7":{"start":{"line":14,"column":40},"end":{"line":14,"column":15}}},"fnMap":{"0":{"name":"(anonymous_6)","decl":{"start":{"line":2,"column":1},"end":{"line":2,"column":20}},"loc":{"start":{"line":2,"column":25},"end":{"line":2,"column":29}}},"1":{"name":"(anonymous_7)","decl":{"start":{"line":4,"column":14},"end":{"line":4,"column":23}},"loc":{"start":{"line":4,"column":24},"end":{"line":7,"column":2}}},"2":{"name":"(anonymous_9)","decl":{"start":{"line":5,"column":49},"end":{"line":5,"column":54}},"loc":{"start":{"line":5,"column":55},"end":{"line":5,"column":30}}},"3":{"name":"(anonymous_10)","decl":{"start":{"line":9,"column":14},"end":{"line":9,"column":20}},"loc":{"start":{"line":9,"column":21},"end":{"line":11,"column":2}}},"4":{"name":"(anonymous_12)","decl":{"start":{"line":10,"column":34},"end":{"line":10,"column":39}},"loc":{"start":{"line":10,"column":40},"end":{"line":10,"column":15}}},"5":{"name":"(anonymous_13)","decl":{"start":{"line":13,"column":14},"end":{"line":13,"column":24}},"loc":{"start":{"line":13,"column":25},"end":{"line":1,"column":27}}},"6":{"name":"(anonymous_15)","decl":{"start":{"line":14,"column":34},"end":{"line":14,"column":39}},"loc":{"start":{"line":14,"column":40},"end":{"line":14,"column":15}}}},"branchMap":{},"s":{"0":0,"1":0,"2":0,"3":0,"4":0,"5":0,"6":0,"7":0},"f":{"0":0,"1":0,"2":0,"3":0,"4":0,"5":0,"6":0},"b":{}}
,"/home/travis/build/MaibornWolff/codecharta/visualization/app/codeCharta/state/fileState.service.ts": {"path":"/home/travis/build/MaibornWolff/codecharta/visualization/app/codeCharta/state/fileState.service.ts","statementMap":{"0":{"start":{"line":17,"column":21},"end":{"line":17,"column":50}},"1":{"start":{"line":17,"column":60},"end":{"line":17,"column":96}},"2":{"start":{"line":14,"column":9},"end":{"line":14,"column":42}},"3":{"start":{"line":20,"column":2},"end":{"line":20,"column":22}},"4":{"start":{"line":24,"column":2},"end":{"line":24,"column":75}},"5":{"start":{"line":25,"column":2},"end":{"line":25,"column":25}},"6":{"start":{"line":29,"column":2},"end":{"line":29,"column":41}},"7":{"start":{"line":29,"column":34},"end":{"line":29,"column":40}},"8":{"start":{"line":33,"column":2},"end":{"line":33,"column":24}},"9":{"start":{"line":37,"column":2},"end":{"line":37,"column":29}},"10":{"start":{"line":38,"column":22},"end":{"line":38,"column":64}},"11":{"start":{"line":38,"column":48},"end":{"line":38,"column":63}},"12":{"start":{"line":39,"column":2},"end":{"line":41,"column":3}},"13":{"start":{"line":40,"column":3},"end":{"line":40,"column":53}},"14":{"start":{"line":42,"column":2},"end":{"line":42,"column":30}},"15":{"start":{"line":46,"column":2},"end":{"line":46,"column":29}},"16":{"start":{"line":47,"column":31},"end":{"line":47,"column":78}},"17":{"start":{"line":47,"column":57},"end":{"line":47,"column":77}},"18":{"start":{"line":48,"column":32},"end":{"line":48,"column":80}},"19":{"start":{"line":48,"column":58},"end":{"line":48,"column":79}},"20":{"start":{"line":50,"column":2},"end":{"line":52,"column":3}},"21":{"start":{"line":51,"column":3},"end":{"line":51,"column":65}},"22":{"start":{"line":54,"column":2},"end":{"line":56,"column":3}},"23":{"start":{"line":55,"column":3},"end":{"line":55,"column":67}},"24":{"start":{"line":57,"column":2},"end":{"line":57,"column":30}},"25":{"start":{"line":61,"column":2},"end":{"line":61,"column":29}},"26":{"start":{"line":62,"column":2},"end":{"line":62,"column":125}},"27":{"start":{"line":62,"column":30},"end":{"line":62,"column":66}},"28":{"start":{"line":62,"column":82},"end":{"line":62,"column":123}},"29":{"start":{"line":63,"column":2},"end":{"line":63,"column":30}},"30":{"start":{"line":67,"column":2},"end":{"line":67,"column":78}},"31":{"start":{"line":67,"column":35},"end":{"line":67,"column":76}},"32":{"start":{"line":71,"column":2},"end":{"line":71,"column":51}},"33":{"start":{"line":72,"column":2},"end":{"line":72,"column":88}},"34":{"start":{"line":76,"column":2},"end":{"line":76,"column":92}},"35":{"start":{"line":80,"column":2},"end":{"line":82,"column":4}},"36":{"start":{"line":81,"column":3},"end":{"line":81,"column":55}},"37":{"start":{"line":83,"column":2},"end":{"line":85,"column":4}},"38":{"start":{"line":84,"column":3},"end":{"line":84,"column":49}},"39":{"start":{"line":11,"column":16},"end":{"line":11,"column":74}},"40":{"start":{"line":12,"column":16},"end":{"line":12,"column":71}}},"fnMap":{"0":{"name":"(anonymous_0)","decl":{"start":{"line":17,"column":1},"end":{"line":17,"column":20}},"loc":{"start":{"line":17,"column":96},"end":{"line":17,"column":100}}},"1":{"name":"(anonymous_1)","decl":{"start":{"line":19,"column":8},"end":{"line":19,"column":16}},"loc":{"start":{"line":19,"column":17},"end":{"line":21,"column":2}}},"2":{"name":"(anonymous_2)","decl":{"start":{"line":23,"column":8},"end":{"line":23,"column":14}},"loc":{"start":{"line":23,"column":28},"end":{"line":26,"column":2}}},"3":{"name":"(anonymous_3)","decl":{"start":{"line":28,"column":8},"end":{"line":28,"column":17}},"loc":{"start":{"line":28,"column":18},"end":{"line":30,"column":2}}},"4":{"name":"(anonymous_4)","decl":{"start":{"line":29,"column":29},"end":{"line":29,"column":30}},"loc":{"start":{"line":29,"column":34},"end":{"line":29,"column":40}}},"5":{"name":"(anonymous_5)","decl":{"start":{"line":32,"column":8},"end":{"line":32,"column":20}},"loc":{"start":{"line":32,"column":21},"end":{"line":34,"column":2}}},"6":{"name":"(anonymous_6)","decl":{"start":{"line":36,"column":8},"end":{"line":36,"column":16}},"loc":{"start":{"line":36,"column":30},"end":{"line":43,"column":2}}},"7":{"name":"(anonymous_7)","decl":{"start":{"line":38,"column":43},"end":{"line":38,"column":44}},"loc":{"start":{"line":38,"column":48},"end":{"line":38,"column":63}}},"8":{"name":"(anonymous_8)","decl":{"start":{"line":45,"column":8},"end":{"line":45,"column":15}},"loc":{"start":{"line":45,"column":54},"end":{"line":58,"column":2}}},"9":{"name":"(anonymous_9)","decl":{"start":{"line":47,"column":52},"end":{"line":47,"column":53}},"loc":{"start":{"line":47,"column":57},"end":{"line":47,"column":77}}},"10":{"name":"(anonymous_10)","decl":{"start":{"line":48,"column":53},"end":{"line":48,"column":54}},"loc":{"start":{"line":48,"column":58},"end":{"line":48,"column":79}}},"11":{"name":"(anonymous_11)","decl":{"start":{"line":60,"column":8},"end":{"line":60,"column":18}},"loc":{"start":{"line":60,"column":43},"end":{"line":64,"column":2}}},"12":{"name":"(anonymous_12)","decl":{"start":{"line":62,"column":25},"end":{"line":62,"column":26}},"loc":{"start":{"line":62,"column":30},"end":{"line":62,"column":66}}},"13":{"name":"(anonymous_13)","decl":{"start":{"line":62,"column":76},"end":{"line":62,"column":77}},"loc":{"start":{"line":62,"column":82},"end":{"line":62,"column":123}}},"14":{"name":"(anonymous_14)","decl":{"start":{"line":66,"column":9},"end":{"line":66,"column":28}},"loc":{"start":{"line":66,"column":29},"end":{"line":68,"column":2}}},"15":{"name":"(anonymous_15)","decl":{"start":{"line":67,"column":26},"end":{"line":67,"column":29}},"loc":{"start":{"line":67,"column":35},"end":{"line":67,"column":76}}},"16":{"name":"(anonymous_16)","decl":{"start":{"line":70,"column":9},"end":{"line":70,"column":29}},"loc":{"start":{"line":70,"column":30},"end":{"line":73,"column":2}}},"17":{"name":"(anonymous_17)","decl":{"start":{"line":75,"column":9},"end":{"line":75,"column":24}},"loc":{"start":{"line":75,"column":25},"end":{"line":77,"column":2}}},"18":{"name":"(anonymous_18)","decl":{"start":{"line":79,"column":8},"end":{"line":79,"column":13}},"loc":{"start":{"line":79,"column":94},"end":{"line":86,"column":2}}},"19":{"name":"(anonymous_19)","decl":{"start":{"line":80,"column":60},"end":{"line":80,"column":61}},"loc":{"start":{"line":80,"column":76},"end":{"line":82,"column":3}}},"20":{"name":"(anonymous_20)","decl":{"start":{"line":83,"column":64},"end":{"line":83,"column":65}},"loc":{"start":{"line":83,"column":80},"end":{"line":85,"column":3}}}},"branchMap":{"0":{"loc":{"start":{"line":39,"column":2},"end":{"line":41,"column":3}},"type":"if","locations":[{"start":{"line":39,"column":2},"end":{"line":41,"column":3}},{"start":{"line":39,"column":2},"end":{"line":41,"column":3}}]},"1":{"loc":{"start":{"line":50,"column":2},"end":{"line":52,"column":3}},"type":"if","locations":[{"start":{"line":50,"column":2},"end":{"line":52,"column":3}},{"start":{"line":50,"column":2},"end":{"line":52,"column":3}}]},"2":{"loc":{"start":{"line":54,"column":2},"end":{"line":56,"column":3}},"type":"if","locations":[{"start":{"line":54,"column":2},"end":{"line":56,"column":3}},{"start":{"line":54,"column":2},"end":{"line":56,"column":3}}]}},"s":{"0":151,"1":151,"2":151,"3":2,"4":5,"5":5,"6":8,"7":2,"8":24,"9":6,"10":6,"11":2,"12":6,"13":1,"14":6,"15":4,"16":4,"17":4,"18":4,"19":6,"20":4,"21":2,"22":4,"23":2,"24":4,"25":3,"26":3,"27":4,"28":1,"29":3,"30":13,"31":12,"32":13,"33":13,"34":5,"35":330,"36":2,"37":330,"38":0,"39":33,"40":33},"f":{"0":151,"1":2,"2":5,"3":8,"4":2,"5":24,"6":6,"7":2,"8":4,"9":4,"10":6,"11":3,"12":4,"13":1,"14":13,"15":12,"16":13,"17":5,"18":330,"19":2,"20":0},"b":{"0":[1,5],"1":[2,2],"2":[2,2]}}
,"/home/travis/build/MaibornWolff/codecharta/visualization/app/codeCharta/state/metric.service.ts": {"path":"/home/travis/build/MaibornWolff/codecharta/visualization/app/codeCharta/state/metric.service.ts","statementMap":{"0":{"start":{"line":25,"column":21},"end":{"line":25,"column":50}},"1":{"start":{"line":25,"column":60},"end":{"line":25,"column":94}},"2":{"start":{"line":23,"column":9},"end":{"line":23,"column":38}},"3":{"start":{"line":26,"column":2},"end":{"line":26,"column":51}},"4":{"start":{"line":27,"column":2},"end":{"line":27,"column":50}},"5":{"start":{"line":31,"column":2},"end":{"line":31,"column":107}},"6":{"start":{"line":32,"column":2},"end":{"line":32,"column":23}},"7":{"start":{"line":33,"column":2},"end":{"line":33,"column":30}},"8":{"start":{"line":37,"column":2},"end":{"line":37,"column":24}},"9":{"start":{"line":38,"column":2},"end":{"line":38,"column":32}},"10":{"start":{"line":42,"column":2},"end":{"line":50,"column":3}},"11":{"start":{"line":43,"column":35},"end":{"line":43,"column":72}},"12":{"start":{"line":44,"column":3},"end":{"line":48,"column":4}},"13":{"start":{"line":49,"column":3},"end":{"line":49,"column":31}},"14":{"start":{"line":54,"column":2},"end":{"line":54,"column":41}},"15":{"start":{"line":54,"column":34},"end":{"line":54,"column":40}},"16":{"start":{"line":58,"column":2},"end":{"line":58,"column":24}},"17":{"start":{"line":62,"column":29},"end":{"line":62,"column":76}},"18":{"start":{"line":62,"column":55},"end":{"line":62,"column":75}},"19":{"start":{"line":63,"column":2},"end":{"line":63,"column":45}},"20":{"start":{"line":67,"column":2},"end":{"line":74,"column":3}},"21":{"start":{"line":68,"column":3},"end":{"line":68,"column":12}},"22":{"start":{"line":71,"column":34},"end":{"line":71,"column":78}},"23":{"start":{"line":72,"column":19},"end":{"line":72,"column":94}},"24":{"start":{"line":73,"column":3},"end":{"line":73,"column":48}},"25":{"start":{"line":78,"column":51},"end":{"line":78,"column":60}},"26":{"start":{"line":80,"column":2},"end":{"line":87,"column":4}},"27":{"start":{"line":81,"column":45},"end":{"line":81,"column":83}},"28":{"start":{"line":82,"column":3},"end":{"line":86,"column":5}},"29":{"start":{"line":83,"column":4},"end":{"line":85,"column":5}},"30":{"start":{"line":84,"column":5},"end":{"line":84,"column":76}},"31":{"start":{"line":88,"column":2},"end":{"line":88,"column":16}},"32":{"start":{"line":96,"column":31},"end":{"line":96,"column":64}},"33":{"start":{"line":98,"column":2},"end":{"line":105,"column":4}},"34":{"start":{"line":99,"column":3},"end":{"line":104,"column":4}},"35":{"start":{"line":100,"column":4},"end":{"line":103,"column":6}},"36":{"start":{"line":109,"column":21},"end":{"line":109,"column":23}},"37":{"start":{"line":111,"column":2},"end":{"line":117,"column":4}},"38":{"start":{"line":112,"column":3},"end":{"line":116,"column":5}},"39":{"start":{"line":118,"column":2},"end":{"line":118,"column":45}},"40":{"start":{"line":122,"column":2},"end":{"line":122,"column":75}},"41":{"start":{"line":122,"column":53},"end":{"line":122,"column":74}},"42":{"start":{"line":126,"column":2},"end":{"line":140,"column":3}},"43":{"start":{"line":127,"column":3},"end":{"line":127,"column":12}},"44":{"start":{"line":129,"column":46},"end":{"line":129,"column":48}},"45":{"start":{"line":130,"column":3},"end":{"line":132,"column":5}},"46":{"start":{"line":131,"column":4},"end":{"line":131,"column":79}},"47":{"start":{"line":133,"column":35},"end":{"line":135,"column":5}},"48":{"start":{"line":134,"column":4},"end":{"line":134,"column":66}},"49":{"start":{"line":136,"column":30},"end":{"line":138,"column":5}},"50":{"start":{"line":137,"column":4},"end":{"line":137,"column":67}},"51":{"start":{"line":137,"column":42},"end":{"line":137,"column":65}},"52":{"start":{"line":139,"column":3},"end":{"line":139,"column":27}},"53":{"start":{"line":144,"column":2},"end":{"line":144,"column":84}},"54":{"start":{"line":144,"column":36},"end":{"line":144,"column":82}},"55":{"start":{"line":148,"column":2},"end":{"line":154,"column":3}},"56":{"start":{"line":148,"column":33},"end":{"line":148,"column":51}},"57":{"start":{"line":149,"column":3},"end":{"line":153,"column":5}},"58":{"start":{"line":158,"column":2},"end":{"line":158,"column":84}},"59":{"start":{"line":162,"column":2},"end":{"line":162,"column":86}},"60":{"start":{"line":166,"column":2},"end":{"line":168,"column":4}},"61":{"start":{"line":167,"column":3},"end":{"line":167,"column":44}},"62":{"start":{"line":170,"column":2},"end":{"line":172,"column":4}},"63":{"start":{"line":171,"column":3},"end":{"line":171,"column":40}},"64":{"start":{"line":20,"column":16},"end":{"line":20,"column":61}},"65":{"start":{"line":21,"column":16},"end":{"line":21,"column":65}}},"fnMap":{"0":{"name":"(anonymous_0)","decl":{"start":{"line":25,"column":1},"end":{"line":25,"column":20}},"loc":{"start":{"line":25,"column":94},"end":{"line":28,"column":2}}},"1":{"name":"(anonymous_1)","decl":{"start":{"line":30,"column":8},"end":{"line":30,"column":35}},"loc":{"start":{"line":30,"column":90},"end":{"line":34,"column":2}}},"2":{"name":"(anonymous_2)","decl":{"start":{"line":36,"column":8},"end":{"line":36,"column":29}},"loc":{"start":{"line":36,"column":84},"end":{"line":39,"column":2}}},"3":{"name":"(anonymous_3)","decl":{"start":{"line":41,"column":8},"end":{"line":41,"column":24}},"loc":{"start":{"line":41,"column":110},"end":{"line":51,"column":2}}},"4":{"name":"(anonymous_4)","decl":{"start":{"line":53,"column":8},"end":{"line":53,"column":17}},"loc":{"start":{"line":53,"column":18},"end":{"line":55,"column":2}}},"5":{"name":"(anonymous_5)","decl":{"start":{"line":54,"column":29},"end":{"line":54,"column":30}},"loc":{"start":{"line":54,"column":34},"end":{"line":54,"column":40}}},"6":{"name":"(anonymous_6)","decl":{"start":{"line":57,"column":8},"end":{"line":57,"column":20}},"loc":{"start":{"line":57,"column":21},"end":{"line":59,"column":2}}},"7":{"name":"(anonymous_7)","decl":{"start":{"line":61,"column":8},"end":{"line":61,"column":31}},"loc":{"start":{"line":61,"column":51},"end":{"line":64,"column":2}}},"8":{"name":"(anonymous_8)","decl":{"start":{"line":62,"column":50},"end":{"line":62,"column":51}},"loc":{"start":{"line":62,"column":55},"end":{"line":62,"column":75}}},"9":{"name":"(anonymous_9)","decl":{"start":{"line":66,"column":9},"end":{"line":66,"column":24}},"loc":{"start":{"line":66,"column":109},"end":{"line":75,"column":2}}},"10":{"name":"(anonymous_10)","decl":{"start":{"line":77,"column":9},"end":{"line":77,"column":31}},"loc":{"start":{"line":77,"column":108},"end":{"line":89,"column":2}}},"11":{"name":"(anonymous_11)","decl":{"start":{"line":80,"column":21},"end":{"line":80,"column":22}},"loc":{"start":{"line":80,"column":46},"end":{"line":87,"column":3}}},"12":{"name":"(anonymous_12)","decl":{"start":{"line":82,"column":17},"end":{"line":82,"column":18}},"loc":{"start":{"line":82,"column":54},"end":{"line":86,"column":4}}},"13":{"name":"(anonymous_13)","decl":{"start":{"line":91,"column":9},"end":{"line":91,"column":35}},"loc":{"start":{"line":94,"column":24},"end":{"line":106,"column":2}}},"14":{"name":"(anonymous_14)","decl":{"start":{"line":98,"column":21},"end":{"line":98,"column":22}},"loc":{"start":{"line":98,"column":40},"end":{"line":105,"column":3}}},"15":{"name":"(anonymous_15)","decl":{"start":{"line":108,"column":9},"end":{"line":108,"column":32}},"loc":{"start":{"line":108,"column":74},"end":{"line":119,"column":2}}},"16":{"name":"(anonymous_16)","decl":{"start":{"line":111,"column":18},"end":{"line":111,"column":19}},"loc":{"start":{"line":111,"column":61},"end":{"line":117,"column":3}}},"17":{"name":"(anonymous_17)","decl":{"start":{"line":121,"column":9},"end":{"line":121,"column":32}},"loc":{"start":{"line":121,"column":82},"end":{"line":123,"column":2}}},"18":{"name":"(anonymous_18)","decl":{"start":{"line":122,"column":39},"end":{"line":122,"column":48}},"loc":{"start":{"line":122,"column":53},"end":{"line":122,"column":74}}},"19":{"name":"(anonymous_19)","decl":{"start":{"line":125,"column":9},"end":{"line":125,"column":28}},"loc":{"start":{"line":125,"column":53},"end":{"line":141,"column":2}}},"20":{"name":"(anonymous_20)","decl":{"start":{"line":130,"column":22},"end":{"line":130,"column":23}},"loc":{"start":{"line":130,"column":47},"end":{"line":132,"column":4}}},"21":{"name":"(anonymous_21)","decl":{"start":{"line":133,"column":46},"end":{"line":133,"column":47}},"loc":{"start":{"line":133,"column":80},"end":{"line":135,"column":4}}},"22":{"name":"(anonymous_22)","decl":{"start":{"line":136,"column":51},"end":{"line":136,"column":52}},"loc":{"start":{"line":136,"column":87},"end":{"line":138,"column":4}}},"23":{"name":"(anonymous_23)","decl":{"start":{"line":137,"column":36},"end":{"line":137,"column":37}},"loc":{"start":{"line":137,"column":42},"end":{"line":137,"column":65}}},"24":{"name":"(anonymous_24)","decl":{"start":{"line":143,"column":9},"end":{"line":143,"column":27}},"loc":{"start":{"line":143,"column":53},"end":{"line":145,"column":2}}},"25":{"name":"(anonymous_25)","decl":{"start":{"line":144,"column":25},"end":{"line":144,"column":26}},"loc":{"start":{"line":144,"column":36},"end":{"line":144,"column":82}}},"26":{"name":"(anonymous_26)","decl":{"start":{"line":147,"column":9},"end":{"line":147,"column":22}},"loc":{"start":{"line":147,"column":23},"end":{"line":155,"column":2}}},"27":{"name":"(anonymous_27)","decl":{"start":{"line":148,"column":28},"end":{"line":148,"column":29}},"loc":{"start":{"line":148,"column":33},"end":{"line":148,"column":51}}},"28":{"name":"(anonymous_28)","decl":{"start":{"line":157,"column":9},"end":{"line":157,"column":29}},"loc":{"start":{"line":157,"column":30},"end":{"line":159,"column":2}}},"29":{"name":"(anonymous_29)","decl":{"start":{"line":161,"column":9},"end":{"line":161,"column":31}},"loc":{"start":{"line":161,"column":32},"end":{"line":163,"column":2}}},"30":{"name":"(anonymous_30)","decl":{"start":{"line":165,"column":8},"end":{"line":165,"column":13}},"loc":{"start":{"line":165,"column":91},"end":{"line":173,"column":2}}},"31":{"name":"(anonymous_31)","decl":{"start":{"line":166,"column":56},"end":{"line":166,"column":57}},"loc":{"start":{"line":166,"column":72},"end":{"line":168,"column":3}}},"32":{"name":"(anonymous_32)","decl":{"start":{"line":170,"column":58},"end":{"line":170,"column":59}},"loc":{"start":{"line":170,"column":74},"end":{"line":172,"column":3}}}},"branchMap":{"0":{"loc":{"start":{"line":42,"column":2},"end":{"line":50,"column":3}},"type":"if","locations":[{"start":{"line":42,"column":2},"end":{"line":50,"column":3}},{"start":{"line":42,"column":2},"end":{"line":50,"column":3}}]},"1":{"loc":{"start":{"line":42,"column":6},"end":{"line":42,"column":25}},"type":"binary-expr","locations":[{"start":{"line":42,"column":6},"end":{"line":42,"column":25}},{"start":{"line":42,"column":29},"end":{"line":42,"column":58}}]},"2":{"loc":{"start":{"line":63,"column":18},"end":{"line":63,"column":33}},"type":"cond-expr","locations":[{"start":{"line":63,"column":18},"end":{"line":63,"column":33}},{"start":{"line":63,"column":36},"end":{"line":63,"column":45}}]},"3":{"loc":{"start":{"line":67,"column":2},"end":{"line":74,"column":3}},"type":"if","locations":[{"start":{"line":67,"column":2},"end":{"line":74,"column":3}},{"start":{"line":67,"column":2},"end":{"line":74,"column":3}}]},"4":{"loc":{"start":{"line":83,"column":4},"end":{"line":85,"column":5}},"type":"if","locations":[{"start":{"line":83,"column":4},"end":{"line":85,"column":5}},{"start":{"line":83,"column":4},"end":{"line":85,"column":5}}]},"5":{"loc":{"start":{"line":83,"column":8},"end":{"line":83,"column":22}},"type":"binary-expr","locations":[{"start":{"line":83,"column":8},"end":{"line":83,"column":22}},{"start":{"line":83,"column":26},"end":{"line":83,"column":99}}]},"6":{"loc":{"start":{"line":99,"column":3},"end":{"line":104,"column":4}},"type":"if","locations":[{"start":{"line":99,"column":3},"end":{"line":104,"column":4}},{"start":{"line":99,"column":3},"end":{"line":104,"column":4}}]},"7":{"loc":{"start":{"line":99,"column":7},"end":{"line":99,"column":27}},"type":"binary-expr","locations":[{"start":{"line":99,"column":7},"end":{"line":99,"column":27}},{"start":{"line":99,"column":31},"end":{"line":99,"column":91}}]},"8":{"loc":{"start":{"line":126,"column":2},"end":{"line":140,"column":3}},"type":"if","locations":[{"start":{"line":126,"column":2},"end":{"line":140,"column":3}},{"start":{"line":126,"column":2},"end":{"line":140,"column":3}}]},"9":{"loc":{"start":{"line":134,"column":31},"end":{"line":134,"column":61}},"type":"cond-expr","locations":[{"start":{"line":134,"column":31},"end":{"line":134,"column":61}},{"start":{"line":134,"column":64},"end":{"line":134,"column":66}}]},"10":{"loc":{"start":{"line":144,"column":54},"end":{"line":144,"column":55}},"type":"cond-expr","locations":[{"start":{"line":144,"column":54},"end":{"line":144,"column":55}},{"start":{"line":144,"column":58},"end":{"line":144,"column":82}}]},"11":{"loc":{"start":{"line":144,"column":76},"end":{"line":144,"column":78}},"type":"cond-expr","locations":[{"start":{"line":144,"column":76},"end":{"line":144,"column":78}},{"start":{"line":144,"column":81},"end":{"line":144,"column":82}}]},"12":{"loc":{"start":{"line":148,"column":2},"end":{"line":154,"column":3}},"type":"if","locations":[{"start":{"line":148,"column":2},"end":{"line":154,"column":3}},{"start":{"line":148,"column":2},"end":{"line":154,"column":3}}]}},"s":{"0":39,"1":39,"2":39,"3":39,"4":39,"5":2,"6":2,"7":2,"8":0,"9":0,"10":4,"11":3,"12":3,"13":3,"14":3,"15":4,"16":8,"17":3,"18":4,"19":3,"20":3,"21":1,"22":2,"23":2,"24":2,"25":2,"26":2,"27":4,"28":4,"29":16,"30":16,"31":2,"32":16,"33":16,"34":48,"35":18,"36":2,"37":2,"38":8,"39":2,"40":18,"41":16,"42":2,"43":1,"44":1,"45":1,"46":1,"47":1,"48":3,"49":1,"50":2,"51":6,"52":1,"53":2,"54":10,"55":2,"56":0,"57":2,"58":5,"59":0,"60":94,"61":0,"62":94,"63":0,"64":33,"65":33},"f":{"0":39,"1":2,"2":0,"3":4,"4":3,"5":4,"6":8,"7":3,"8":4,"9":3,"10":2,"11":4,"12":16,"13":16,"14":48,"15":2,"16":8,"17":18,"18":16,"19":2,"20":1,"21":3,"22":2,"23":6,"24":2,"25":10,"26":2,"27":0,"28":5,"29":0,"30":94,"31":0,"32":0},"b":{"0":[3,1],"1":[4,4],"2":[1,2],"3":[1,2],"4":[16,0],"5":[16,16],"6":[18,30],"7":[48,40],"8":[1,1],"9":[3,0],"10":[6,4],"11":[4,0],"12":[2,0]}}
,"/home/travis/build/MaibornWolff/codecharta/visualization/app/codeCharta/state/settings.service.ts": {"path":"/home/travis/build/MaibornWolff/codecharta/visualization/app/codeCharta/state/settings.service.ts","statementMap":{"0":{"start":{"line":20,"column":21},"end":{"line":20,"column":50}},"1":{"start":{"line":20,"column":60},"end":{"line":20,"column":85}},"2":{"start":{"line":20,"column":95},"end":{"line":20,"column":131}},"3":{"start":{"line":21,"column":2},"end":{"line":21,"column":43}},"4":{"start":{"line":22,"column":2},"end":{"line":26,"column":3}},"5":{"start":{"line":24,"column":4},"end":{"line":24,"column":115}},"6":{"start":{"line":27,"column":2},"end":{"line":27,"column":51}},"7":{"start":{"line":31,"column":2},"end":{"line":33,"column":4}},"8":{"start":{"line":34,"column":2},"end":{"line":36,"column":4}},"9":{"start":{"line":42,"column":2},"end":{"line":42,"column":22}},"10":{"start":{"line":47,"column":2},"end":{"line":47,"column":80}},"11":{"start":{"line":48,"column":2},"end":{"line":51,"column":3}},"12":{"start":{"line":49,"column":3},"end":{"line":49,"column":52}},"13":{"start":{"line":50,"column":3},"end":{"line":50,"column":33}},"14":{"start":{"line":52,"column":2},"end":{"line":52,"column":40}},"15":{"start":{"line":56,"column":31},"end":{"line":69,"column":3}},"16":{"start":{"line":71,"column":27},"end":{"line":71,"column":47}},"17":{"start":{"line":72,"column":26},"end":{"line":72,"column":51}},"18":{"start":{"line":73,"column":33},"end":{"line":73,"column":73}},"19":{"start":{"line":75,"column":27},"end":{"line":109,"column":3}},"20":{"start":{"line":111,"column":2},"end":{"line":111,"column":17}},"21":{"start":{"line":115,"column":26},"end":{"line":115,"column":51}},"22":{"start":{"line":116,"column":2},"end":{"line":122,"column":3}},"23":{"start":{"line":126,"column":24},"end":{"line":126,"column":68}},"24":{"start":{"line":127,"column":21},"end":{"line":127,"column":86}},"25":{"start":{"line":127,"column":79},"end":{"line":127,"column":85}},"26":{"start":{"line":128,"column":2},"end":{"line":128,"column":76}},"27":{"start":{"line":132,"column":2},"end":{"line":144,"column":3}},"28":{"start":{"line":133,"column":3},"end":{"line":143,"column":4}},"29":{"start":{"line":134,"column":4},"end":{"line":142,"column":5}},"30":{"start":{"line":135,"column":5},"end":{"line":139,"column":6}},"31":{"start":{"line":136,"column":6},"end":{"line":136,"column":89}},"32":{"start":{"line":138,"column":6},"end":{"line":138,"column":57}},"33":{"start":{"line":141,"column":5},"end":{"line":141,"column":32}},"34":{"start":{"line":145,"column":2},"end":{"line":145,"column":17}},"35":{"start":{"line":149,"column":2},"end":{"line":159,"column":3}},"36":{"start":{"line":150,"column":3},"end":{"line":158,"column":4}},"37":{"start":{"line":151,"column":4},"end":{"line":157,"column":5}},"38":{"start":{"line":152,"column":5},"end":{"line":156,"column":6}},"39":{"start":{"line":153,"column":6},"end":{"line":153,"column":17}},"40":{"start":{"line":155,"column":6},"end":{"line":155,"column":47}},"41":{"start":{"line":160,"column":2},"end":{"line":160,"column":14}},"42":{"start":{"line":164,"column":2},"end":{"line":164,"column":25}},"43":{"start":{"line":168,"column":2},"end":{"line":170,"column":4}},"44":{"start":{"line":169,"column":3},"end":{"line":169,"column":66}},"45":{"start":{"line":15,"column":16},"end":{"line":15,"column":59}}},"fnMap":{"0":{"name":"(anonymous_0)","decl":{"start":{"line":20,"column":1},"end":{"line":20,"column":20}},"loc":{"start":{"line":20,"column":131},"end":{"line":28,"column":2}}},"1":{"name":"(anonymous_1)","decl":{"start":{"line":23,"column":3},"end":{"line":23,"column":4}},"loc":{"start":{"line":24,"column":4},"end":{"line":24,"column":115}}},"2":{"name":"(anonymous_2)","decl":{"start":{"line":30,"column":8},"end":{"line":30,"column":35}},"loc":{"start":{"line":30,"column":90},"end":{"line":37,"column":2}}},"3":{"name":"(anonymous_3)","decl":{"start":{"line":39,"column":8},"end":{"line":39,"column":29}},"loc":{"start":{"line":39,"column":84},"end":{"line":39,"column":88}}},"4":{"name":"(anonymous_4)","decl":{"start":{"line":41,"column":8},"end":{"line":41,"column":18}},"loc":{"start":{"line":41,"column":19},"end":{"line":43,"column":2}}},"5":{"name":"(anonymous_5)","decl":{"start":{"line":45,"column":8},"end":{"line":45,"column":21}},"loc":{"start":{"line":45,"column":84},"end":{"line":53,"column":2}}},"6":{"name":"(anonymous_6)","decl":{"start":{"line":55,"column":8},"end":{"line":55,"column":25}},"loc":{"start":{"line":55,"column":26},"end":{"line":112,"column":2}}},"7":{"name":"(anonymous_7)","decl":{"start":{"line":114,"column":9},"end":{"line":114,"column":47}},"loc":{"start":{"line":114,"column":48},"end":{"line":123,"column":2}}},"8":{"name":"(anonymous_8)","decl":{"start":{"line":125,"column":9},"end":{"line":125,"column":26}},"loc":{"start":{"line":125,"column":51},"end":{"line":129,"column":2}}},"9":{"name":"(anonymous_9)","decl":{"start":{"line":127,"column":74},"end":{"line":127,"column":75}},"loc":{"start":{"line":127,"column":79},"end":{"line":127,"column":85}}},"10":{"name":"(anonymous_10)","decl":{"start":{"line":131,"column":9},"end":{"line":131,"column":42}},"loc":{"start":{"line":131,"column":98},"end":{"line":146,"column":2}}},"11":{"name":"(anonymous_11)","decl":{"start":{"line":148,"column":9},"end":{"line":148,"column":27}},"loc":{"start":{"line":148,"column":40},"end":{"line":161,"column":2}}},"12":{"name":"(anonymous_12)","decl":{"start":{"line":163,"column":9},"end":{"line":163,"column":39}},"loc":{"start":{"line":163,"column":40},"end":{"line":165,"column":2}}},"13":{"name":"(anonymous_13)","decl":{"start":{"line":164,"column":16},"end":{"line":164,"column":18}},"loc":{"start":{"line":164,"column":21},"end":{"line":164,"column":24}}},"14":{"name":"(anonymous_14)","decl":{"start":{"line":167,"column":8},"end":{"line":167,"column":13}},"loc":{"start":{"line":167,"column":93},"end":{"line":171,"column":2}}},"15":{"name":"(anonymous_15)","decl":{"start":{"line":168,"column":57},"end":{"line":168,"column":58}},"loc":{"start":{"line":168,"column":73},"end":{"line":170,"column":3}}}},"branchMap":{"0":{"loc":{"start":{"line":45,"column":79},"end":{"line":45,"column":84}},"type":"default-arg","locations":[{"start":{"line":45,"column":79},"end":{"line":45,"column":84}}]},"1":{"loc":{"start":{"line":48,"column":2},"end":{"line":51,"column":3}},"type":"if","locations":[{"start":{"line":48,"column":2},"end":{"line":51,"column":3}},{"start":{"line":48,"column":2},"end":{"line":51,"column":3}}]},"2":{"loc":{"start":{"line":133,"column":3},"end":{"line":143,"column":4}},"type":"if","locations":[{"start":{"line":133,"column":3},"end":{"line":143,"column":4}},{"start":{"line":133,"column":3},"end":{"line":143,"column":4}}]},"3":{"loc":{"start":{"line":134,"column":4},"end":{"line":142,"column":5}},"type":"if","locations":[{"start":{"line":134,"column":4},"end":{"line":142,"column":5}},{"start":{"line":134,"column":4},"end":{"line":142,"column":5}}]},"4":{"loc":{"start":{"line":134,"column":8},"end":{"line":134,"column":33}},"type":"binary-expr","locations":[{"start":{"line":134,"column":8},"end":{"line":134,"column":33}},{"start":{"line":134,"column":37},"end":{"line":134,"column":62}}]},"5":{"loc":{"start":{"line":135,"column":5},"end":{"line":139,"column":6}},"type":"if","locations":[{"start":{"line":135,"column":5},"end":{"line":139,"column":6}},{"start":{"line":135,"column":5},"end":{"line":139,"column":6}}]},"6":{"loc":{"start":{"line":149,"column":2},"end":{"line":159,"column":3}},"type":"if","locations":[{"start":{"line":149,"column":2},"end":{"line":159,"column":3}},{"start":{"line":149,"column":2},"end":{"line":159,"column":3}}]},"7":{"loc":{"start":{"line":151,"column":4},"end":{"line":157,"column":5}},"type":"if","locations":[{"start":{"line":151,"column":4},"end":{"line":157,"column":5}},{"start":{"line":151,"column":4},"end":{"line":157,"column":5}}]},"8":{"loc":{"start":{"line":152,"column":5},"end":{"line":156,"column":6}},"type":"if","locations":[{"start":{"line":152,"column":5},"end":{"line":156,"column":6}},{"start":{"line":152,"column":5},"end":{"line":156,"column":6}}]}},"s":{"0":306,"1":306,"2":306,"3":306,"4":306,"5":0,"6":306,"7":6,"8":6,"9":53,"10":10,"11":10,"12":10,"13":10,"14":10,"15":313,"16":313,"17":313,"18":313,"19":313,"20":313,"21":6,"22":6,"23":6,"24":6,"25":8,"26":6,"27":15,"28":68,"29":29,"30":14,"31":5,"32":9,"33":15,"34":15,"35":18,"36":16,"37":18,"38":9,"39":5,"40":4,"41":9,"42":10,"43":121,"44":0,"45":33},"f":{"0":306,"1":0,"2":6,"3":0,"4":53,"5":10,"6":313,"7":6,"8":6,"9":8,"10":15,"11":18,"12":10,"13":0,"14":121,"15":0},"b":{"0":[10],"1":[10,0],"2":[29,39],"3":[14,15],"4":[29,23],"5":[5,9],"6":[16,2],"7":[9,9],"8":[5,4]}}
,"/home/travis/build/MaibornWolff/codecharta/visualization/app/codeCharta/state/state.module.ts": {"path":"/home/travis/build/MaibornWolff/codecharta/visualization/app/codeCharta/state/state.module.ts","statementMap":{"0":{"start":{"line":9,"column":0},"end":{"line":14,"column":57}}},"fnMap":{},"branchMap":{},"s":{"0":33},"f":{},"b":{}}
,"/home/travis/build/MaibornWolff/codecharta/visualization/app/codeCharta/ui/ui.ts": {"path":"/home/travis/build/MaibornWolff/codecharta/visualization/app/codeCharta/ui/ui.ts","statementMap":{"0":{"start":{"line":33,"column":0},"end":{"line":61,"column":2}}},"fnMap":{},"branchMap":{},"s":{"0":18},"f":{},"b":{}}
,"/home/travis/build/MaibornWolff/codecharta/visualization/app/codeCharta/ui/areaSettingsPanel/areaSettingsPanel.component.ts": {"path":"/home/travis/build/MaibornWolff/codecharta/visualization/app/codeCharta/ui/areaSettingsPanel/areaSettingsPanel.component.ts","statementMap":{"0":{"start":{"line":23,"column":10},"end":{"line":23,"column":39}},"1":{"start":{"line":24,"column":10},"end":{"line":24,"column":42}},"2":{"start":{"line":25,"column":10},"end":{"line":25,"column":58}},"3":{"start":{"line":13,"column":9},"end":{"line":19,"column":2}},"4":{"start":{"line":27,"column":2},"end":{"line":27,"column":50}},"5":{"start":{"line":28,"column":2},"end":{"line":28,"column":58}},"6":{"start":{"line":32,"column":2},"end":{"line":32,"column":68}},"7":{"start":{"line":33,"column":2},"end":{"line":33,"column":58}},"8":{"start":{"line":34,"column":2},"end":{"line":34,"column":86}},"9":{"start":{"line":38,"column":2},"end":{"line":38,"column":94}},"10":{"start":{"line":39,"column":2},"end":{"line":39,"column":78}},"11":{"start":{"line":43,"column":2},"end":{"line":43,"column":39}},"12":{"start":{"line":44,"column":2},"end":{"line":44,"column":22}},"13":{"start":{"line":48,"column":2},"end":{"line":52,"column":4}},"14":{"start":{"line":56,"column":2},"end":{"line":63,"column":4}},"15":{"start":{"line":67,"column":2},"end":{"line":73,"column":3}},"16":{"start":{"line":68,"column":21},"end":{"line":68,"column":88}},"17":{"start":{"line":69,"column":3},"end":{"line":72,"column":4}},"18":{"start":{"line":70,"column":4},"end":{"line":70,"column":38}},"19":{"start":{"line":71,"column":4},"end":{"line":71,"column":24}},"20":{"start":{"line":77,"column":15},"end":{"line":77,"column":62}},"21":{"start":{"line":78,"column":26},"end":{"line":78,"column":27}},"22":{"start":{"line":79,"column":18},"end":{"line":79,"column":19}},"23":{"start":{"line":81,"column":2},"end":{"line":86,"column":4}},"24":{"start":{"line":82,"column":3},"end":{"line":82,"column":22}},"25":{"start":{"line":83,"column":3},"end":{"line":85,"column":4}},"26":{"start":{"line":84,"column":4},"end":{"line":84,"column":49}},"27":{"start":{"line":88,"column":23},"end":{"line":88,"column":119}},"28":{"start":{"line":89,"column":2},"end":{"line":89,"column":115}},"29":{"start":{"line":9,"column":16},"end":{"line":9,"column":31}},"30":{"start":{"line":10,"column":16},"end":{"line":10,"column":32}},"31":{"start":{"line":11,"column":16},"end":{"line":11,"column":33}},"32":{"start":{"line":93,"column":42},"end":{"line":97,"column":1}}},"fnMap":{"0":{"name":"(anonymous_0)","decl":{"start":{"line":22,"column":1},"end":{"line":23,"column":9}},"loc":{"start":{"line":25,"column":58},"end":{"line":29,"column":2}}},"1":{"name":"(anonymous_1)","decl":{"start":{"line":31,"column":8},"end":{"line":31,"column":24}},"loc":{"start":{"line":31,"column":110},"end":{"line":35,"column":2}}},"2":{"name":"(anonymous_2)","decl":{"start":{"line":37,"column":8},"end":{"line":37,"column":26}},"loc":{"start":{"line":37,"column":76},"end":{"line":40,"column":2}}},"3":{"name":"(anonymous_3)","decl":{"start":{"line":42,"column":8},"end":{"line":42,"column":27}},"loc":{"start":{"line":42,"column":28},"end":{"line":45,"column":2}}},"4":{"name":"(anonymous_4)","decl":{"start":{"line":47,"column":8},"end":{"line":47,"column":33}},"loc":{"start":{"line":47,"column":34},"end":{"line":53,"column":2}}},"5":{"name":"(anonymous_5)","decl":{"start":{"line":55,"column":8},"end":{"line":55,"column":20}},"loc":{"start":{"line":55,"column":21},"end":{"line":64,"column":2}}},"6":{"name":"(anonymous_6)","decl":{"start":{"line":66,"column":9},"end":{"line":66,"column":31}},"loc":{"start":{"line":66,"column":71},"end":{"line":74,"column":2}}},"7":{"name":"(anonymous_7)","decl":{"start":{"line":76,"column":9},"end":{"line":76,"column":21}},"loc":{"start":{"line":76,"column":61},"end":{"line":90,"column":2}}},"8":{"name":"(anonymous_8)","decl":{"start":{"line":81,"column":17},"end":{"line":81,"column":18}},"loc":{"start":{"line":81,"column":54},"end":{"line":86,"column":3}}}},"branchMap":{"0":{"loc":{"start":{"line":67,"column":2},"end":{"line":73,"column":3}},"type":"if","locations":[{"start":{"line":67,"column":2},"end":{"line":73,"column":3}},{"start":{"line":67,"column":2},"end":{"line":73,"column":3}}]},"1":{"loc":{"start":{"line":67,"column":6},"end":{"line":67,"column":40}},"type":"binary-expr","locations":[{"start":{"line":67,"column":6},"end":{"line":67,"column":40}},{"start":{"line":67,"column":44},"end":{"line":67,"column":79}},{"start":{"line":67,"column":83},"end":{"line":67,"column":93}}]},"2":{"loc":{"start":{"line":69,"column":3},"end":{"line":72,"column":4}},"type":"if","locations":[{"start":{"line":69,"column":3},"end":{"line":72,"column":4}},{"start":{"line":69,"column":3},"end":{"line":72,"column":4}}]},"3":{"loc":{"start":{"line":83,"column":3},"end":{"line":85,"column":4}},"type":"if","locations":[{"start":{"line":83,"column":3},"end":{"line":85,"column":4}},{"start":{"line":83,"column":3},"end":{"line":85,"column":4}}]},"4":{"loc":{"start":{"line":83,"column":7},"end":{"line":83,"column":27}},"type":"binary-expr","locations":[{"start":{"line":83,"column":7},"end":{"line":83,"column":27}},{"start":{"line":83,"column":31},"end":{"line":83,"column":63}}]}},"s":{"0":17,"1":17,"2":17,"3":17,"4":17,"5":17,"6":5,"7":5,"8":5,"9":4,"10":4,"11":2,"12":2,"13":1,"14":1,"15":9,"16":7,"17":7,"18":5,"19":5,"20":7,"21":7,"22":7,"23":7,"24":28,"25":28,"26":21,"27":7,"28":7,"29":18,"30":18,"31":18,"32":18},"f":{"0":17,"1":5,"2":4,"3":2,"4":1,"5":1,"6":9,"7":7,"8":28},"b":{"0":[7,2],"1":[9,7,7],"2":[5,2],"3":[21,7],"4":[28,28]}}
,"/home/travis/build/MaibornWolff/codecharta/visualization/app/codeCharta/ui/areaSettingsPanel/areaSettingsPanel.module.ts": {"path":"/home/travis/build/MaibornWolff/codecharta/visualization/app/codeCharta/ui/areaSettingsPanel/areaSettingsPanel.module.ts","statementMap":{"0":{"start":{"line":5,"column":0},"end":{"line":7,"column":76}}},"fnMap":{},"branchMap":{},"s":{"0":18},"f":{},"b":{}}
,"/home/travis/build/MaibornWolff/codecharta/visualization/app/codeCharta/ui/blacklistPanel/blacklistPanel.component.ts": {"path":"/home/travis/build/MaibornWolff/codecharta/visualization/app/codeCharta/ui/blacklistPanel/blacklistPanel.component.ts","statementMap":{"0":{"start":{"line":14,"column":21},"end":{"line":14,"column":65}},"1":{"start":{"line":8,"column":9},"end":{"line":12,"column":2}},"2":{"start":{"line":15,"column":2},"end":{"line":15,"column":45}},"3":{"start":{"line":19,"column":2},"end":{"line":21,"column":3}},"4":{"start":{"line":20,"column":3},"end":{"line":20,"column":62}},"5":{"start":{"line":25,"column":2},"end":{"line":25,"column":56}},"6":{"start":{"line":29,"column":2},"end":{"line":29,"column":59}},"7":{"start":{"line":33,"column":39},"end":{"line":37,"column":1}}},"fnMap":{"0":{"name":"(anonymous_0)","decl":{"start":{"line":14,"column":1},"end":{"line":14,"column":20}},"loc":{"start":{"line":14,"column":96},"end":{"line":16,"column":2}}},"1":{"name":"(anonymous_1)","decl":{"start":{"line":18,"column":8},"end":{"line":18,"column":24}},"loc":{"start":{"line":18,"column":111},"end":{"line":22,"column":2}}},"2":{"name":"(anonymous_2)","decl":{"start":{"line":24,"column":8},"end":{"line":24,"column":27}},"loc":{"start":{"line":24,"column":49},"end":{"line":26,"column":2}}},"3":{"name":"(anonymous_3)","decl":{"start":{"line":28,"column":8},"end":{"line":28,"column":21}},"loc":{"start":{"line":28,"column":42},"end":{"line":30,"column":2}}}},"branchMap":{"0":{"loc":{"start":{"line":19,"column":2},"end":{"line":21,"column":3}},"type":"if","locations":[{"start":{"line":19,"column":2},"end":{"line":21,"column":3}},{"start":{"line":19,"column":2},"end":{"line":21,"column":3}}]},"1":{"loc":{"start":{"line":29,"column":54},"end":{"line":29,"column":55}},"type":"cond-expr","locations":[{"start":{"line":29,"column":54},"end":{"line":29,"column":55}},{"start":{"line":29,"column":58},"end":{"line":29,"column":59}}]},"2":{"loc":{"start":{"line":29,"column":9},"end":{"line":29,"column":13}},"type":"binary-expr","locations":[{"start":{"line":29,"column":9},"end":{"line":29,"column":13}},{"start":{"line":29,"column":17},"end":{"line":29,"column":51}}]}},"s":{"0":2,"1":2,"2":2,"3":1,"4":1,"5":1,"6":0,"7":18},"f":{"0":2,"1":1,"2":1,"3":0},"b":{"0":[1,0],"1":[0,0],"2":[0,0]}}
,"/home/travis/build/MaibornWolff/codecharta/visualization/app/codeCharta/ui/blacklistPanel/blacklistPanel.module.ts": {"path":"/home/travis/build/MaibornWolff/codecharta/visualization/app/codeCharta/ui/blacklistPanel/blacklistPanel.module.ts","statementMap":{"0":{"start":{"line":8,"column":0},"end":{"line":8,"column":138}}},"fnMap":{},"branchMap":{},"s":{"0":18},"f":{},"b":{}}
,"/home/travis/build/MaibornWolff/codecharta/visualization/app/codeCharta/ui/codeMap/codeMap.actions.service.ts": {"path":"/home/travis/build/MaibornWolff/codecharta/visualization/app/codeCharta/ui/codeMap/codeMap.actions.service.ts","statementMap":{"0":{"start":{"line":9,"column":21},"end":{"line":9,"column":53}},"1":{"start":{"line":9,"column":63},"end":{"line":9,"column":115}},"2":{"start":{"line":12,"column":2},"end":{"line":16,"column":3}},"3":{"start":{"line":13,"column":3},"end":{"line":13,"column":22}},"4":{"start":{"line":15,"column":3},"end":{"line":15,"column":22}},"5":{"start":{"line":20,"column":10},"end":{"line":20,"column":44}},"6":{"start":{"line":21,"column":31},"end":{"line":21,"column":73}},"7":{"start":{"line":22,"column":35},"end":{"line":22,"column":97}},"8":{"start":{"line":22,"column":75},"end":{"line":22,"column":96}},"9":{"start":{"line":23,"column":34},"end":{"line":23,"column":65}},"10":{"start":{"line":25,"column":2},"end":{"line":25,"column":66}},"11":{"start":{"line":26,"column":2},"end":{"line":30,"column":4}},"12":{"start":{"line":34,"column":2},"end":{"line":42,"column":3}},"13":{"start":{"line":35,"column":3},"end":{"line":35,"column":34}},"14":{"start":{"line":36,"column":9},"end":{"line":42,"column":3}},"15":{"start":{"line":37,"column":3},"end":{"line":37,"column":41}},"16":{"start":{"line":39,"column":3},"end":{"line":41,"column":4}},"17":{"start":{"line":40,"column":4},"end":{"line":40,"column":35}},"18":{"start":{"line":43,"column":2},"end":{"line":43,"column":46}},"19":{"start":{"line":47,"column":2},"end":{"line":47,"column":49}},"20":{"start":{"line":51,"column":10},"end":{"line":51,"column":44}},"21":{"start":{"line":52,"column":33},"end":{"line":52,"column":94}},"22":{"start":{"line":52,"column":73},"end":{"line":52,"column":93}},"23":{"start":{"line":54,"column":2},"end":{"line":59,"column":3}},"24":{"start":{"line":55,"column":3},"end":{"line":55,"column":41}},"25":{"start":{"line":57,"column":35},"end":{"line":57,"column":65}},"26":{"start":{"line":58,"column":3},"end":{"line":58,"column":40}},"27":{"start":{"line":60,"column":2},"end":{"line":64,"column":4}},"28":{"start":{"line":68,"column":2},"end":{"line":68,"column":73}},"29":{"start":{"line":72,"column":2},"end":{"line":72,"column":74}},"30":{"start":{"line":76,"column":2},"end":{"line":81,"column":3}},"31":{"start":{"line":77,"column":3},"end":{"line":77,"column":27}},"32":{"start":{"line":79,"column":3},"end":{"line":79,"column":91}},"33":{"start":{"line":80,"column":3},"end":{"line":80,"column":17}},"34":{"start":{"line":85,"column":2},"end":{"line":85,"column":83}},"35":{"start":{"line":86,"column":2},"end":{"line":86,"column":16}},"36":{"start":{"line":90,"column":2},"end":{"line":90,"column":76}},"37":{"start":{"line":94,"column":2},"end":{"line":98,"column":4}},"38":{"start":{"line":96,"column":87},"end":{"line":96,"column":119}},"39":{"start":{"line":102,"column":25},"end":{"line":104,"column":4}},"40":{"start":{"line":103,"column":3},"end":{"line":103,"column":40}},"41":{"start":{"line":105,"column":2},"end":{"line":111,"column":3}},"42":{"start":{"line":106,"column":3},"end":{"line":110,"column":5}},"43":{"start":{"line":115,"column":2},"end":{"line":115,"column":40}},"44":{"start":{"line":119,"column":2},"end":{"line":119,"column":41}},"45":{"start":{"line":123,"column":2},"end":{"line":123,"column":35}},"46":{"start":{"line":127,"column":2},"end":{"line":127,"column":119}},"47":{"start":{"line":127,"column":78},"end":{"line":127,"column":111}},"48":{"start":{"line":131,"column":2},"end":{"line":132,"column":10}},"49":{"start":{"line":131,"column":78},"end":{"line":131,"column":127}},"50":{"start":{"line":136,"column":2},"end":{"line":136,"column":102}},"51":{"start":{"line":136,"column":78},"end":{"line":136,"column":90}},"52":{"start":{"line":140,"column":25},"end":{"line":142,"column":49}},"53":{"start":{"line":141,"column":16},"end":{"line":141,"column":56}},"54":{"start":{"line":142,"column":19},"end":{"line":142,"column":48}},"55":{"start":{"line":144,"column":2},"end":{"line":144,"column":61}},"56":{"start":{"line":148,"column":38},"end":{"line":152,"column":3}},"57":{"start":{"line":154,"column":2},"end":{"line":154,"column":23}},"58":{"start":{"line":158,"column":41},"end":{"line":158,"column":77}},"59":{"start":{"line":159,"column":2},"end":{"line":164,"column":4}},"60":{"start":{"line":160,"column":20},"end":{"line":160,"column":58}},"61":{"start":{"line":161,"column":3},"end":{"line":163,"column":4}},"62":{"start":{"line":162,"column":4},"end":{"line":162,"column":45}},"63":{"start":{"line":168,"column":2},"end":{"line":168,"column":91}},"64":{"start":{"line":168,"column":51},"end":{"line":168,"column":90}},"65":{"start":{"line":172,"column":2},"end":{"line":172,"column":51}},"66":{"start":{"line":173,"column":2},"end":{"line":177,"column":4}},"67":{"start":{"line":181,"column":24},"end":{"line":181,"column":76}},"68":{"start":{"line":182,"column":2},"end":{"line":184,"column":3}},"69":{"start":{"line":183,"column":3},"end":{"line":183,"column":57}},"70":{"start":{"line":188,"column":14},"end":{"line":188,"column":67}},"71":{"start":{"line":189,"column":2},"end":{"line":200,"column":3}},"72":{"start":{"line":190,"column":3},"end":{"line":194,"column":5}},"73":{"start":{"line":191,"column":4},"end":{"line":193,"column":5}},"74":{"start":{"line":192,"column":5},"end":{"line":192,"column":30}},"75":{"start":{"line":195,"column":3},"end":{"line":199,"column":5}},"76":{"start":{"line":204,"column":2},"end":{"line":204,"column":71}},"77":{"start":{"line":208,"column":2},"end":{"line":208,"column":86}},"78":{"start":{"line":212,"column":2},"end":{"line":212,"column":44}}},"fnMap":{"0":{"name":"(anonymous_0)","decl":{"start":{"line":9,"column":1},"end":{"line":9,"column":20}},"loc":{"start":{"line":9,"column":115},"end":{"line":9,"column":119}}},"1":{"name":"(anonymous_1)","decl":{"start":{"line":11,"column":8},"end":{"line":11,"column":27}},"loc":{"start":{"line":11,"column":46},"end":{"line":17,"column":2}}},"2":{"name":"(anonymous_2)","decl":{"start":{"line":19,"column":8},"end":{"line":19,"column":17}},"loc":{"start":{"line":19,"column":51},"end":{"line":31,"column":2}}},"3":{"name":"(anonymous_3)","decl":{"start":{"line":22,"column":70},"end":{"line":22,"column":71}},"loc":{"start":{"line":22,"column":75},"end":{"line":22,"column":96}}},"4":{"name":"(anonymous_4)","decl":{"start":{"line":33,"column":9},"end":{"line":33,"column":36}},"loc":{"start":{"line":33,"column":122},"end":{"line":44,"column":2}}},"5":{"name":"(anonymous_5)","decl":{"start":{"line":46,"column":9},"end":{"line":46,"column":34}},"loc":{"start":{"line":46,"column":74},"end":{"line":48,"column":2}}},"6":{"name":"(anonymous_6)","decl":{"start":{"line":50,"column":8},"end":{"line":50,"column":19}},"loc":{"start":{"line":50,"column":38},"end":{"line":65,"column":2}}},"7":{"name":"(anonymous_7)","decl":{"start":{"line":52,"column":68},"end":{"line":52,"column":69}},"loc":{"start":{"line":52,"column":73},"end":{"line":52,"column":93}}},"8":{"name":"(anonymous_8)","decl":{"start":{"line":67,"column":8},"end":{"line":67,"column":15}},"loc":{"start":{"line":67,"column":34},"end":{"line":69,"column":2}}},"9":{"name":"(anonymous_9)","decl":{"start":{"line":71,"column":8},"end":{"line":71,"column":15}},"loc":{"start":{"line":71,"column":34},"end":{"line":73,"column":2}}},"10":{"name":"(anonymous_10)","decl":{"start":{"line":75,"column":8},"end":{"line":75,"column":16}},"loc":{"start":{"line":75,"column":35},"end":{"line":82,"column":2}}},"11":{"name":"(anonymous_11)","decl":{"start":{"line":84,"column":8},"end":{"line":84,"column":24}},"loc":{"start":{"line":84,"column":25},"end":{"line":87,"column":2}}},"12":{"name":"(anonymous_12)","decl":{"start":{"line":89,"column":8},"end":{"line":89,"column":18}},"loc":{"start":{"line":89,"column":37},"end":{"line":91,"column":2}}},"13":{"name":"(anonymous_13)","decl":{"start":{"line":93,"column":8},"end":{"line":93,"column":27}},"loc":{"start":{"line":93,"column":49},"end":{"line":99,"column":2}}},"14":{"name":"(anonymous_14)","decl":{"start":{"line":96,"column":80},"end":{"line":96,"column":82}},"loc":{"start":{"line":96,"column":87},"end":{"line":96,"column":119}}},"15":{"name":"(anonymous_15)","decl":{"start":{"line":101,"column":8},"end":{"line":101,"column":26}},"loc":{"start":{"line":101,"column":47},"end":{"line":112,"column":2}}},"16":{"name":"(anonymous_16)","decl":{"start":{"line":102,"column":90},"end":{"line":102,"column":92}},"loc":{"start":{"line":102,"column":96},"end":{"line":104,"column":3}}},"17":{"name":"(anonymous_17)","decl":{"start":{"line":114,"column":8},"end":{"line":114,"column":25}},"loc":{"start":{"line":114,"column":44},"end":{"line":116,"column":2}}},"18":{"name":"(anonymous_18)","decl":{"start":{"line":118,"column":8},"end":{"line":118,"column":25}},"loc":{"start":{"line":118,"column":44},"end":{"line":120,"column":2}}},"19":{"name":"(anonymous_19)","decl":{"start":{"line":122,"column":8},"end":{"line":122,"column":19}},"loc":{"start":{"line":122,"column":20},"end":{"line":124,"column":2}}},"20":{"name":"(anonymous_20)","decl":{"start":{"line":126,"column":8},"end":{"line":126,"column":29}},"loc":{"start":{"line":126,"column":48},"end":{"line":128,"column":2}}},"21":{"name":"(anonymous_21)","decl":{"start":{"line":127,"column":70},"end":{"line":127,"column":73}},"loc":{"start":{"line":127,"column":78},"end":{"line":127,"column":111}}},"22":{"name":"(anonymous_22)","decl":{"start":{"line":130,"column":8},"end":{"line":130,"column":36}},"loc":{"start":{"line":130,"column":55},"end":{"line":133,"column":2}}},"23":{"name":"(anonymous_23)","decl":{"start":{"line":131,"column":70},"end":{"line":131,"column":73}},"loc":{"start":{"line":131,"column":78},"end":{"line":131,"column":127}}},"24":{"name":"(anonymous_24)","decl":{"start":{"line":135,"column":8},"end":{"line":135,"column":23}},"loc":{"start":{"line":135,"column":24},"end":{"line":137,"column":2}}},"25":{"name":"(anonymous_25)","decl":{"start":{"line":136,"column":70},"end":{"line":136,"column":73}},"loc":{"start":{"line":136,"column":78},"end":{"line":136,"column":90}}},"26":{"name":"(anonymous_26)","decl":{"start":{"line":139,"column":8},"end":{"line":139,"column":18}},"loc":{"start":{"line":139,"column":45},"end":{"line":145,"column":2}}},"27":{"name":"(anonymous_27)","decl":{"start":{"line":141,"column":11},"end":{"line":141,"column":12}},"loc":{"start":{"line":141,"column":16},"end":{"line":141,"column":56}}},"28":{"name":"(anonymous_28)","decl":{"start":{"line":142,"column":9},"end":{"line":142,"column":10}},"loc":{"start":{"line":142,"column":19},"end":{"line":142,"column":48}}},"29":{"name":"(anonymous_29)","decl":{"start":{"line":147,"column":9},"end":{"line":147,"column":27}},"loc":{"start":{"line":147,"column":56},"end":{"line":155,"column":2}}},"30":{"name":"(anonymous_30)","decl":{"start":{"line":157,"column":9},"end":{"line":157,"column":37}},"loc":{"start":{"line":157,"column":72},"end":{"line":165,"column":2}}},"31":{"name":"(anonymous_31)","decl":{"start":{"line":159,"column":24},"end":{"line":159,"column":35}},"loc":{"start":{"line":159,"column":39},"end":{"line":164,"column":3}}},"32":{"name":"(anonymous_32)","decl":{"start":{"line":167,"column":9},"end":{"line":167,"column":24}},"loc":{"start":{"line":167,"column":51},"end":{"line":169,"column":2}}},"33":{"name":"(anonymous_33)","decl":{"start":{"line":168,"column":46},"end":{"line":168,"column":47}},"loc":{"start":{"line":168,"column":51},"end":{"line":168,"column":90}}},"34":{"name":"(anonymous_34)","decl":{"start":{"line":171,"column":9},"end":{"line":171,"column":24}},"loc":{"start":{"line":171,"column":67},"end":{"line":178,"column":2}}},"35":{"name":"(anonymous_35)","decl":{"start":{"line":180,"column":9},"end":{"line":180,"column":27}},"loc":{"start":{"line":180,"column":70},"end":{"line":185,"column":2}}},"36":{"name":"(anonymous_36)","decl":{"start":{"line":187,"column":9},"end":{"line":187,"column":29}},"loc":{"start":{"line":187,"column":76},"end":{"line":201,"column":2}}},"37":{"name":"(anonymous_37)","decl":{"start":{"line":190,"column":17},"end":{"line":190,"column":20}},"loc":{"start":{"line":190,"column":24},"end":{"line":194,"column":4}}},"38":{"name":"(anonymous_38)","decl":{"start":{"line":203,"column":9},"end":{"line":203,"column":24}},"loc":{"start":{"line":203,"column":55},"end":{"line":205,"column":2}}},"39":{"name":"(anonymous_39)","decl":{"start":{"line":207,"column":9},"end":{"line":207,"column":22}},"loc":{"start":{"line":207,"column":34},"end":{"line":209,"column":2}}},"40":{"name":"(anonymous_40)","decl":{"start":{"line":211,"column":9},"end":{"line":211,"column":15}},"loc":{"start":{"line":211,"column":16},"end":{"line":213,"column":2}}}},"branchMap":{"0":{"loc":{"start":{"line":12,"column":2},"end":{"line":16,"column":3}},"type":"if","locations":[{"start":{"line":12,"column":2},"end":{"line":16,"column":3}},{"start":{"line":12,"column":2},"end":{"line":16,"column":3}}]},"1":{"loc":{"start":{"line":34,"column":2},"end":{"line":42,"column":3}},"type":"if","locations":[{"start":{"line":34,"column":2},"end":{"line":42,"column":3}},{"start":{"line":34,"column":2},"end":{"line":42,"column":3}}]},"2":{"loc":{"start":{"line":34,"column":6},"end":{"line":34,"column":16}},"type":"binary-expr","locations":[{"start":{"line":34,"column":6},"end":{"line":34,"column":16}},{"start":{"line":34,"column":20},"end":{"line":34,"column":68}}]},"3":{"loc":{"start":{"line":36,"column":9},"end":{"line":42,"column":3}},"type":"if","locations":[{"start":{"line":36,"column":9},"end":{"line":42,"column":3}},{"start":{"line":36,"column":9},"end":{"line":42,"column":3}}]},"4":{"loc":{"start":{"line":39,"column":3},"end":{"line":41,"column":4}},"type":"if","locations":[{"start":{"line":39,"column":3},"end":{"line":41,"column":4}},{"start":{"line":39,"column":3},"end":{"line":41,"column":4}}]},"5":{"loc":{"start":{"line":47,"column":11},"end":{"line":47,"column":14}},"type":"binary-expr","locations":[{"start":{"line":47,"column":11},"end":{"line":47,"column":14}},{"start":{"line":47,"column":18},"end":{"line":47,"column":21}},{"start":{"line":47,"column":25},"end":{"line":47,"column":48}}]},"6":{"loc":{"start":{"line":54,"column":2},"end":{"line":59,"column":3}},"type":"if","locations":[{"start":{"line":54,"column":2},"end":{"line":59,"column":3}},{"start":{"line":54,"column":2},"end":{"line":59,"column":3}}]},"7":{"loc":{"start":{"line":76,"column":2},"end":{"line":81,"column":3}},"type":"if","locations":[{"start":{"line":76,"column":2},"end":{"line":81,"column":3}},{"start":{"line":76,"column":2},"end":{"line":81,"column":3}}]},"8":{"loc":{"start":{"line":105,"column":2},"end":{"line":111,"column":3}},"type":"if","locations":[{"start":{"line":105,"column":2},"end":{"line":111,"column":3}},{"start":{"line":105,"column":2},"end":{"line":111,"column":3}}]},"9":{"loc":{"start":{"line":131,"column":78},"end":{"line":131,"column":111}},"type":"binary-expr","locations":[{"start":{"line":131,"column":78},"end":{"line":131,"column":111}},{"start":{"line":131,"column":115},"end":{"line":131,"column":127}}]},"10":{"loc":{"start":{"line":141,"column":16},"end":{"line":141,"column":37}},"type":"binary-expr","locations":[{"start":{"line":141,"column":16},"end":{"line":141,"column":37}},{"start":{"line":141,"column":41},"end":{"line":141,"column":56}}]},"11":{"loc":{"start":{"line":144,"column":37},"end":{"line":144,"column":54}},"type":"cond-expr","locations":[{"start":{"line":144,"column":37},"end":{"line":144,"column":54}},{"start":{"line":144,"column":57},"end":{"line":144,"column":61}}]},"12":{"loc":{"start":{"line":161,"column":3},"end":{"line":163,"column":4}},"type":"if","locations":[{"start":{"line":161,"column":3},"end":{"line":163,"column":4}},{"start":{"line":161,"column":3},"end":{"line":163,"column":4}}]},"13":{"loc":{"start":{"line":161,"column":7},"end":{"line":161,"column":15}},"type":"binary-expr","locations":[{"start":{"line":161,"column":7},"end":{"line":161,"column":15}},{"start":{"line":161,"column":19},"end":{"line":161,"column":56}}]},"14":{"loc":{"start":{"line":168,"column":51},"end":{"line":168,"column":72}},"type":"binary-expr","locations":[{"start":{"line":168,"column":51},"end":{"line":168,"column":72}},{"start":{"line":168,"column":76},"end":{"line":168,"column":90}}]},"15":{"loc":{"start":{"line":182,"column":2},"end":{"line":184,"column":3}},"type":"if","locations":[{"start":{"line":182,"column":2},"end":{"line":184,"column":3}},{"start":{"line":182,"column":2},"end":{"line":184,"column":3}}]},"16":{"loc":{"start":{"line":187,"column":72},"end":{"line":187,"column":76}},"type":"default-arg","locations":[{"start":{"line":187,"column":72},"end":{"line":187,"column":76}}]},"17":{"loc":{"start":{"line":189,"column":2},"end":{"line":200,"column":3}},"type":"if","locations":[{"start":{"line":189,"column":2},"end":{"line":200,"column":3}},{"start":{"line":189,"column":2},"end":{"line":200,"column":3}}]},"18":{"loc":{"start":{"line":191,"column":4},"end":{"line":193,"column":5}},"type":"if","locations":[{"start":{"line":191,"column":4},"end":{"line":193,"column":5}},{"start":{"line":191,"column":4},"end":{"line":193,"column":5}}]},"19":{"loc":{"start":{"line":191,"column":8},"end":{"line":191,"column":21}},"type":"binary-expr","locations":[{"start":{"line":191,"column":8},"end":{"line":191,"column":21}},{"start":{"line":191,"column":25},"end":{"line":191,"column":58}}]},"20":{"loc":{"start":{"line":204,"column":9},"end":{"line":204,"column":39}},"type":"binary-expr","locations":[{"start":{"line":204,"column":9},"end":{"line":204,"column":39}},{"start":{"line":204,"column":43},"end":{"line":204,"column":71}}]}},"s":{"0":119,"1":119,"2":3,"3":1,"4":2,"5":4,"6":4,"7":4,"8":3,"9":4,"10":4,"11":4,"12":4,"13":3,"14":1,"15":1,"16":1,"17":1,"18":4,"19":5,"20":2,"21":2,"22":3,"23":2,"24":1,"25":1,"26":1,"27":2,"28":1,"29":1,"30":2,"31":1,"32":1,"33":1,"34":1,"35":1,"36":1,"37":1,"38":1,"39":3,"40":1,"41":3,"42":2,"43":2,"44":2,"45":1,"46":2,"47":2,"48":3,"49":3,"50":3,"51":3,"52":13,"53":21,"54":1,"55":13,"56":4,"57":4,"58":4,"59":4,"60":4,"61":4,"62":1,"63":4,"64":8,"65":4,"66":4,"67":4,"68":4,"69":3,"70":5,"71":5,"72":5,"73":5,"74":3,"75":5,"76":9,"77":2,"78":2},"f":{"0":119,"1":3,"2":4,"3":3,"4":4,"5":5,"6":2,"7":3,"8":1,"9":1,"10":2,"11":1,"12":1,"13":1,"14":1,"15":3,"16":1,"17":2,"18":2,"19":1,"20":2,"21":2,"22":3,"23":3,"24":3,"25":3,"26":13,"27":21,"28":1,"29":4,"30":4,"31":4,"32":4,"33":8,"34":4,"35":4,"36":5,"37":5,"38":9,"39":2,"40":2},"b":{"0":[1,2],"1":[3,1],"2":[4,3],"3":[1,0],"4":[1,0],"5":[5,1,1],"6":[1,1],"7":[1,1],"8":[2,1],"9":[3,2],"10":[21,13],"11":[6,7],"12":[1,3],"13":[4,4],"14":[8,8],"15":[3,1],"16":[1],"17":[5,0],"18":[3,2],"19":[5,4],"20":[9,4]}}
,"/home/travis/build/MaibornWolff/codecharta/visualization/app/codeCharta/ui/codeMap/codeMap.arrow.service.ts": {"path":"/home/travis/build/MaibornWolff/codecharta/visualization/app/codeCharta/ui/codeMap/codeMap.arrow.service.ts","statementMap":{"0":{"start":{"line":9,"column":21},"end":{"line":9,"column":57}},"1":{"start":{"line":10,"column":2},"end":{"line":10,"column":43}},"2":{"start":{"line":14,"column":2},"end":{"line":14,"column":18}},"3":{"start":{"line":15,"column":2},"end":{"line":17,"column":3}},"4":{"start":{"line":16,"column":3},"end":{"line":16,"column":51}},"5":{"start":{"line":21,"column":25},"end":{"line":21,"column":27}},"6":{"start":{"line":22,"column":19},"end":{"line":22,"column":47}},"7":{"start":{"line":23,"column":2},"end":{"line":27,"column":3}},"8":{"start":{"line":24,"column":3},"end":{"line":26,"column":4}},"9":{"start":{"line":25,"column":4},"end":{"line":25,"column":22}},"10":{"start":{"line":28,"column":2},"end":{"line":28,"column":47}},"11":{"start":{"line":32,"column":12},"end":{"line":32,"column":38}},"12":{"start":{"line":34,"column":2},"end":{"line":41,"column":3}},"13":{"start":{"line":35,"column":26},"end":{"line":35,"column":52}},"14":{"start":{"line":36,"column":26},"end":{"line":36,"column":50}},"15":{"start":{"line":38,"column":3},"end":{"line":40,"column":4}},"16":{"start":{"line":39,"column":4},"end":{"line":39,"column":51}},"17":{"start":{"line":45,"column":2},"end":{"line":86,"column":3}},"18":{"start":{"line":51,"column":25},"end":{"line":51,"column":77}},"19":{"start":{"line":52,"column":25},"end":{"line":52,"column":43}},"20":{"start":{"line":53,"column":25},"end":{"line":53,"column":77}},"21":{"start":{"line":55,"column":25},"end":{"line":55,"column":46}},"22":{"start":{"line":56,"column":25},"end":{"line":56,"column":47}},"23":{"start":{"line":57,"column":25},"end":{"line":57,"column":47}},"24":{"start":{"line":59,"column":25},"end":{"line":59,"column":77}},"25":{"start":{"line":60,"column":25},"end":{"line":60,"column":43}},"26":{"start":{"line":61,"column":25},"end":{"line":61,"column":77}},"27":{"start":{"line":63,"column":25},"end":{"line":63,"column":46}},"28":{"start":{"line":64,"column":25},"end":{"line":64,"column":47}},"29":{"start":{"line":65,"column":25},"end":{"line":65,"column":47}},"30":{"start":{"line":67,"column":15},"end":{"line":80,"column":4}},"31":{"start":{"line":82,"column":31},"end":{"line":82,"column":62}},"32":{"start":{"line":84,"column":3},"end":{"line":84,"column":47}},"33":{"start":{"line":85,"column":3},"end":{"line":85,"column":26}},"34":{"start":{"line":90,"column":2},"end":{"line":94,"column":3}},"35":{"start":{"line":91,"column":3},"end":{"line":91,"column":20}},"36":{"start":{"line":92,"column":3},"end":{"line":92,"column":20}},"37":{"start":{"line":93,"column":3},"end":{"line":93,"column":20}},"38":{"start":{"line":98,"column":12},"end":{"line":98,"column":35}},"39":{"start":{"line":100,"column":2},"end":{"line":102,"column":3}},"40":{"start":{"line":101,"column":3},"end":{"line":101,"column":44}},"41":{"start":{"line":104,"column":2},"end":{"line":104,"column":12}},"42":{"start":{"line":108,"column":22},"end":{"line":108,"column":26}},"43":{"start":{"line":109,"column":13},"end":{"line":109,"column":15}},"44":{"start":{"line":110,"column":
[...]
nd":{"line":50,"column":83}},"type":"binary-expr","locations":[{"start":{"line":50,"column":17},"end":{"line":50,"column":83}},{"start":{"line":50,"column":87},"end":{"line":50,"column":88}}]},"1":{"loc":{"start":{"line":51,"column":17},"end":{"line":51,"column":83}},"type":"binary-expr","locations":[{"start":{"line":51,"column":17},"end":{"line":51,"column":83}},{"start":{"line":51,"column":87},"end":{"line":51,"column":88}}]},"2":{"loc":{"start":{"line":71,"column":10},"end":{"line":71,"column":11}},"type":"default-arg","locations":[{"start":{"line":71,"column":10},"end":{"line":71,"column":11}}]},"3":{"loc":{"start":{"line":72,"column":17},"end":{"line":72,"column":21}},"type":"default-arg","locations":[{"start":{"line":72,"column":17},"end":{"line":72,"column":21}}]},"4":{"loc":{"start":{"line":74,"column":13},"end":{"line":74,"column":40}},"type":"binary-expr","locations":[{"start":{"line":74,"column":13},"end":{"line":74,"column":40}},{"start":{"line":74,"column":44},"end":{"line":74,"column":46}}]},"5":{"loc":{"start":{"line":77,"column":2},"end":{"line":79,"column":3}},"type":"if","locations":[{"start":{"line":77,"column":2},"end":{"line":79,"column":3}},{"start":{"line":77,"column":2},"end":{"line":79,"column":3}}]},"6":{"loc":{"start":{"line":77,"column":6},"end":{"line":77,"column":31}},"type":"binary-expr","locations":[{"start":{"line":77,"column":6},"end":{"line":77,"column":31}},{"start":{"line":77,"column":35},"end":{"line":77,"column":55}}]},"7":{"loc":{"start":{"line":81,"column":2},"end":{"line":83,"column":3}},"type":"if","locations":[{"start":{"line":81,"column":2},"end":{"line":83,"column":3}},{"start":{"line":81,"column":2},"end":{"line":83,"column":3}}]},"8":{"loc":{"start":{"line":97,"column":2},"end":{"line":105,"column":3}},"type":"if","locations":[{"start":{"line":97,"column":2},"end":{"line":105,"column":3}},{"start":{"line":97,"column":2},"end":{"line":105,"column":3}}]},"9":{"loc":{"start":{"line":97,"column":6},"end":{"line":97,"column":26}},"type":"binary-expr","locations":[{"start":{"line":97,"column":6},"end":{"line":97,"column":26}},{"start":{"line":97,"column":30},"end":{"line":97,"column":61}}]},"10":{"loc":{"start":{"line":110,"column":9},"end":{"line":110,"column":13}},"type":"binary-expr","locations":[{"start":{"line":110,"column":9},"end":{"line":110,"column":13}},{"start":{"line":110,"column":17},"end":{"line":110,"column":28}},{"start":{"line":110,"column":32},"end":{"line":110,"column":79}},{"start":{"line":110,"column":83},"end":{"line":110,"column":134}}]},"11":{"loc":{"start":{"line":116,"column":2},"end":{"line":118,"column":3}},"type":"if","locations":[{"start":{"line":116,"column":2},"end":{"line":118,"column":3}},{"start":{"line":116,"column":2},"end":{"line":118,"column":3}}]},"12":{"loc":{"start":{"line":120,"column":2},"end":{"line":122,"column":3}},"type":"if","locations":[{"start":{"line":120,"column":2},"end":{"line":122,"column":3}},{"start":{"line":120,"column":2},"end":{"line":122,"column":3}}]},"13":{"loc":{"start":{"line":124,"column":2},"end":{"line":130,"column":3}},"type":"if","locations":[{"start":{"line":124,"column":2},"end":{"line":130,"column":3}},{"start":{"line":124,"column":2},"end":{"line":130,"column":3}}]},"14":{"loc":{"start":{"line":124,"column":6},"end":{"line":124,"column":20}},"type":"binary-expr","locations":[{"start":{"line":124,"column":6},"end":{"line":124,"column":20}},{"start":{"line":124,"column":24},"end":{"line":124,"column":50}}]},"15":{"loc":{"start":{"line":125,"column":3},"end":{"line":129,"column":4}},"type":"if","locations":[{"start":{"line":125,"column":3},"end":{"line":129,"column":4}},{"start":{"line":125,"column":3},"end":{"line":129,"column":4}}]},"16":{"loc":{"start":{"line":125,"column":7},"end":{"line":125,"column":22}},"type":"binary-expr","locations":[{"start":{"line":125,"column":7},"end":{"line":125,"column":22}},{"start":{"line":125,"column":26},"end":{"line":125,"column":71}}]},"17":{"loc":{"start":{"line":126,"column":13},"end":{"line":126,"column":58}},"type":"binary-expr","locations":[{"start":{"line":126,"column":13},"end":{"line":126,"column":58}},{"start":{"line":126,"column":62},"end":{"line":126,"column":63}}]},"18":{"loc":{"start":{"line":137,"column":2},"end":{"line":143,"column":3}},"type":"if","locations":[{"start":{"line":137,"column":2},"end":{"line":143,"column":3}},{"start":{"line":137,"column":2},"end":{"line":143,"column":3}}]},"19":{"loc":{"start":{"line":139,"column":4},"end":{"line":141,"column":5}},"type":"if","locations":[{"start":{"line":139,"column":4},"end":{"line":141,"column":5}},{"start":{"line":139,"column":4},"end":{"line":141,"column":5}}]},"20":{"loc":{"start":{"line":139,"column":8},"end":{"line":139,"column":38}},"type":"binary-expr","locations":[{"start":{"line":139,"column":8},"end":{"line":139,"column":38}},{"start":{"line":139,"column":42},"end":{"line":139,"column":70}}]},"21":{"loc":{"start":{"line":145,"column":2},"end":{"line":147,"column":3}},"type":"if","locations":[{"start":{"line":145,"column":2},"end":{"line":147,"column":3}},{"start":{"line":145,"column":2},"end":{"line":147,"column":3}}]}},"s":{"0":9,"1":9,"2":2,"3":2,"4":12,"5":2,"6":9,"7":9,"8":36,"9":9,"10":9,"11":9,"12":36,"13":9,"14":11,"15":9,"16":9,"17":36,"18":36,"19":36,"20":29,"21":36,"22":0,"23":36,"24":36,"25":11,"26":11,"27":27,"28":11,"29":36,"30":36,"31":36,"32":36,"33":0,"34":36,"35":1,"36":35,"37":25,"38":5,"39":20,"40":35,"41":20,"42":20,"43":20,"44":16,"45":6,"46":20,"47":20,"48":0,"49":19,"50":19,"51":19,"52":19,"53":19},"f":{"0":9,"1":2,"2":12,"3":9,"4":36,"5":36,"6":9,"7":11,"8":36,"9":36,"10":36,"11":20,"12":16},"b":{"0":[9,0],"1":[9,0],"2":[9],"3":[9],"4":[36,0],"5":[29,7],"6":[36,7],"7":[0,36],"8":[11,25],"9":[36,11],"10":[36,36,3,1],"11":[0,36],"12":[1,35],"13":[25,10],"14":[35,19],"15":[5,20],"16":[25,25],"17":[5,0],"18":[20,0],"19":[6,10],"20":[16,14],"21":[20,0]}}
,"/home/travis/build/MaibornWolff/codecharta/visualization/app/codeCharta/util/treeMapHelper.ts": {"path":"/home/travis/build/MaibornWolff/codecharta/visualization/app/codeCharta/util/treeMapHelper.ts","statementMap":{"0":{"start":{"line":7,"column":14},"end":{"line":7,"column":15}},"1":{"start":{"line":8,"column":2},"end":{"line":12,"column":3}},"2":{"start":{"line":9,"column":3},"end":{"line":11,"column":4}},"3":{"start":{"line":10,"column":4},"end":{"line":10,"column":46}},"4":{"start":{"line":13,"column":2},"end":{"line":13,"column":14}},"5":{"start":{"line":17,"column":2},"end":{"line":17,"column":53}},"6":{"start":{"line":31,"column":30},"end":{"line":31,"column":41}},"7":{"start":{"line":32,"column":2},"end":{"line":34,"column":3}},"8":{"start":{"line":33,"column":3},"end":{"line":33,"column":50}},"9":{"start":{"line":36,"column":20},"end":{"line":36,"column":55}},"10":{"start":{"line":37,"column":2},"end":{"line":39,"column":3}},"11":{"start":{"line":38,"column":3},"end":{"line":38,"column":36}},"12":{"start":{"line":41,"column":2},"end":{"line":65,"column":3}},"13":{"start":{"line":69,"column":18},"end":{"line":69,"column":23}},"14":{"start":{"line":70,"column":2},"end":{"line":72,"column":3}},"15":{"start":{"line":70,"column":66},"end":{"line":70,"column":78}},"16":{"start":{"line":71,"column":3},"end":{"line":71,"column":57}},"17":{"start":{"line":74,"column":2},"end":{"line":76,"column":3}},"18":{"start":{"line":75,"column":3},"end":{"line":75,"column":110}},"19":{"start":{"line":77,"column":2},"end":{"line":77,"column":18}},"20":{"start":{"line":81,"column":2},"end":{"line":85,"column":3}},"21":{"start":{"line":83,"column":12},"end":{"line":83,"column":118}},"22":{"start":{"line":89,"column":2},"end":{"line":89,"column":102}},"23":{"start":{"line":89,"column":60},"end":{"line":89,"column":89}}},"fnMap":{"0":{"name":"(anonymous_0)","decl":{"start":{"line":6,"column":8},"end":{"line":6,"column":13}},"loc":{"start":{"line":6,"column":50},"end":{"line":14,"column":2}}},"1":{"name":"(anonymous_1)","decl":{"start":{"line":16,"column":8},"end":{"line":16,"column":13}},"loc":{"start":{"line":16,"column":50},"end":{"line":18,"column":2}}},"2":{"name":"(anonymous_2)","decl":{"start":{"line":20,"column":8},"end":{"line":20,"column":13}},"loc":{"start":{"line":29,"column":22},"end":{"line":66,"column":2}}},"3":{"name":"(anonymous_3)","decl":{"start":{"line":68,"column":9},"end":{"line":68,"column":14}},"loc":{"start":{"line":68,"column":84},"end":{"line":78,"column":2}}},"4":{"name":"(anonymous_4)","decl":{"start":{"line":70,"column":58},"end":{"line":70,"column":61}},"loc":{"start":{"line":70,"column":66},"end":{"line":70,"column":78}}},"5":{"name":"(anonymous_5)","decl":{"start":{"line":80,"column":9},"end":{"line":80,"column":14}},"loc":{"start":{"line":80,"column":91},"end":{"line":86,"column":2}}},"6":{"name":"(anonymous_6)","decl":{"start":{"line":83,"column":4},"end":{"line":83,"column":7}},"loc":{"start":{"line":83,"column":12},"end":{"line":83,"column":118}}},"7":{"name":"(anonymous_7)","decl":{"start":{"line":88,"column":9},"end":{"line":88,"column":14}},"loc":{"start":{"line":88,"column":87},"end":{"line":90,"column":2}}},"8":{"name":"(anonymous_8)","decl":{"start":{"line":89,"column":52},"end":{"line":89,"column":55}},"loc":{"start":{"line":89,"column":60},"end":{"line":89,"column":89}}}},"branchMap":{"0":{"loc":{"start":{"line":8,"column":2},"end":{"line":12,"column":3}},"type":"if","locations":[{"start":{"line":8,"column":2},"end":{"line":12,"column":3}},{"start":{"line":8,"column":2},"end":{"line":12,"column":3}}]},"1":{"loc":{"start":{"line":8,"column":6},"end":{"line":8,"column":19}},"type":"binary-expr","locations":[{"start":{"line":8,"column":6},"end":{"line":8,"column":19}},{"start":{"line":8,"column":23},"end":{"line":8,"column":47}}]},"2":{"loc":{"start":{"line":17,"column":11},"end":{"line":17,"column":24}},"type":"binary-expr","locations":[{"start":{"line":17,"column":11},"end":{"line":17,"column":24}},{"start":{"line":17,"column":28},"end":{"line":17,"column":52}}]},"3":{"loc":{"start":{"line":32,"column":2},"end":{"line":34,"column":3}},"type":"if","locations":[{"start":{"line":32,"column":2},"end":{"line":34,"column":3}},{"start":{"line":32,"column":2},"end":{"line":34,"column":3}}]},"4":{"loc":{"start":{"line":37,"column":2},"end":{"line":39,"column":3}},"type":"if","locations":[{"start":{"line":37,"column":2},"end":{"line":39,"column":3}},{"start":{"line":37,"column":2},"end":{"line":39,"column":3}}]},"5":{"loc":{"start":{"line":44,"column":51},"end":{"line":44,"column":107}},"type":"cond-expr","locations":[{"start":{"line":44,"column":51},"end":{"line":44,"column":107}},{"start":{"line":44,"column":110},"end":{"line":44,"column":122}}]},"6":{"loc":{"start":{"line":56,"column":7},"end":{"line":56,"column":76}},"type":"cond-expr","locations":[{"start":{"line":56,"column":7},"end":{"line":56,"column":76}},{"start":{"line":57,"column":7},"end":{"line":57,"column":8}}]},"7":{"loc":{"start":{"line":55,"column":4},"end":{"line":55,"column":27}},"type":"binary-expr","locations":[{"start":{"line":55,"column":4},"end":{"line":55,"column":27}},{"start":{"line":55,"column":31},"end":{"line":55,"column":86}}]},"8":{"loc":{"start":{"line":58,"column":12},"end":{"line":58,"column":36}},"type":"binary-expr","locations":[{"start":{"line":58,"column":12},"end":{"line":58,"column":36}},{"start":{"line":58,"column":40},"end":{"line":58,"column":119}}]},"9":{"loc":{"start":{"line":58,"column":42},"end":{"line":58,"column":70}},"type":"binary-expr","locations":[{"start":{"line":58,"column":42},"end":{"line":58,"column":70}},{"start":{"line":58,"column":74},"end":{"line":58,"column":105}},{"start":{"line":58,"column":109},"end":{"line":58,"column":118}}]},"10":{"loc":{"start":{"line":70,"column":2},"end":{"line":72,"column":3}},"type":"if","locations":[{"start":{"line":70,"column":2},"end":{"line":72,"column":3}},{"start":{"line":70,"column":2},"end":{"line":72,"column":3}}]},"11":{"loc":{"start":{"line":70,"column":6},"end":{"line":70,"column":26}},"type":"binary-expr","locations":[{"start":{"line":70,"column":6},"end":{"line":70,"column":26}},{"start":{"line":70,"column":30},"end":{"line":70,"column":90}}]},"12":{"loc":{"start":{"line":74,"column":2},"end":{"line":76,"column":3}},"type":"if","locations":[{"start":{"line":74,"column":2},"end":{"line":76,"column":3}},{"start":{"line":74,"column":2},"end":{"line":76,"column":3}}]},"13":{"loc":{"start":{"line":74,"column":6},"end":{"line":74,"column":41}},"type":"binary-expr","locations":[{"start":{"line":74,"column":6},"end":{"line":74,"column":41}},{"start":{"line":74,"column":45},"end":{"line":74,"column":76}},{"start":{"line":74,"column":80},"end":{"line":74,"column":122}}]},"14":{"loc":{"start":{"line":75,"column":65},"end":{"line":75,"column":69}},"type":"cond-expr","locations":[{"start":{"line":75,"column":65},"end":{"line":75,"column":69}},{"start":{"line":75,"column":72},"end":{"line":75,"column":110}}]},"15":{"loc":{"start":{"line":83,"column":12},"end":{"line":83,"column":24}},"type":"binary-expr","locations":[{"start":{"line":83,"column":12},"end":{"line":83,"column":24}},{"start":{"line":83,"column":29},"end":{"line":83,"column":72}},{"start":{"line":83,"column":76},"end":{"line":83,"column":117}}]}},"s":{"0":9,"1":9,"2":4,"3":5,"4":9,"5":95,"6":44,"7":44,"8":37,"9":44,"10":44,"11":3,"12":44,"13":50,"14":50,"15":32,"16":4,"17":50,"18":2,"19":50,"20":4,"21":4,"22":2,"23":3},"f":{"0":9,"1":95,"2":44,"3":50,"4":32,"5":4,"6":4,"7":2,"8":3},"b":{"0":[4,5],"1":[9,4],"2":[95,26],"3":[37,7],"4":[3,41],"5":[33,11],"6":[3,41],"7":[44,5],"8":[44,0],"9":[0,0,0],"10":[4,46],"11":[50,50],"12":[2,48],"13":[50,50,2],"14":[0,2],"15":[4,4,4]}}
,"/home/travis/build/MaibornWolff/codecharta/visualization/app/codeCharta/util/urlExtractor.ts": {"path":"/home/travis/build/MaibornWolff/codecharta/visualization/app/codeCharta/util/urlExtractor.ts","statementMap":{"0":{"start":{"line":8,"column":21},"end":{"line":8,"column":48}},"1":{"start":{"line":8,"column":58},"end":{"line":8,"column":77}},"2":{"start":{"line":11,"column":24},"end":{"line":11,"column":55}},"3":{"start":{"line":12,"column":14},"end":{"line":12,"column":70}},"4":{"start":{"line":13,"column":13},"end":{"line":13,"column":48}},"5":{"start":{"line":15,"column":2},"end":{"line":17,"column":3}},"6":{"start":{"line":16,"column":3},"end":{"line":16,"column":14}},"7":{"start":{"line":18,"column":2},"end":{"line":20,"column":3}},"8":{"start":{"line":19,"column":3},"end":{"line":19,"column":12}},"9":{"start":{"line":21,"column":2},"end":{"line":21,"column":59}},"10":{"start":{"line":25,"column":18},"end":{"line":25,"column":46}},"11":{"start":{"line":27,"column":2},"end":{"line":29,"column":3}},"12":{"start":{"line":28,"column":3},"end":{"line":28,"column":17}},"13":{"start":{"line":31,"column":2},"end":{"line":33,"column":3}},"14":{"start":{"line":32,"column":3},"end":{"line":32,"column":26}},"15":{"start":{"line":35,"column":25},"end":{"line":35,"column":27}},"16":{"start":{"line":37,"column":2},"end":{"line":43,"column":4}},"17":{"start":{"line":38,"column":3},"end":{"line":42,"column":4}},"18":{"start":{"line":40,"column":5},"end":{"line":40,"column":61}},"19":{"start":{"line":45,"column":2},"end":{"line":45,"column":38}},"20":{"start":{"line":49,"column":2},"end":{"line":62,"column":4}},"21":{"start":{"line":50,"column":3},"end":{"line":61,"column":4}},"22":{"start":{"line":51,"column":4},"end":{"line":58,"column":14}},"23":{"start":{"line":52,"column":5},"end":{"line":57,"column":6}},"24":{"start":{"line":53,"column":6},"end":{"line":53,"column":54}},"25":{"start":{"line":54,"column":6},"end":{"line":54,"column":57}},"26":{"start":{"line":56,"column":6},"end":{"line":56,"column":14}},"27":{"start":{"line":60,"column":4},"end":{"line":60,"column":12}},"28":{"start":{"line":6,"column":16},"end":{"line":6,"column":29}}},"fnMap":{"0":{"name":"(anonymous_0)","decl":{"start":{"line":8,"column":1},"end":{"line":8,"column":20}},"loc":{"start":{"line":8,"column":77},"end":{"line":8,"column":81}}},"1":{"name":"(anonymous_1)","decl":{"start":{"line":10,"column":8},"end":{"line":10,"column":25}},"loc":{"start":{"line":10,"column":39},"end":{"line":22,"column":2}}},"2":{"name":"(anonymous_2)","decl":{"start":{"line":24,"column":8},"end":{"line":24,"column":32}},"loc":{"start":{"line":24,"column":33},"end":{"line":46,"column":2}}},"3":{"name":"(anonymous_3)","decl":{"start":{"line":37,"column":20},"end":{"line":37,"column":27}},"loc":{"start":{"line":37,"column":31},"end":{"line":43,"column":3}}},"4":{"name":"(anonymous_4)","decl":{"start":{"line":39,"column":16},"end":{"line":39,"column":17}},"loc":{"start":{"line":39,"column":36},"end":{"line":41,"column":5}}},"5":{"name":"(anonymous_5)","decl":{"start":{"line":48,"column":8},"end":{"line":48,"column":26}},"loc":{"start":{"line":48,"column":40},"end":{"line":63,"column":2}}},"6":{"name":"(anonymous_6)","decl":{"start":{"line":49,"column":21},"end":{"line":49,"column":22}},"loc":{"start":{"line":49,"column":41},"end":{"line":62,"column":3}}},"7":{"name":"(anonymous_7)","decl":{"start":{"line":51,"column":30},"end":{"line":51,"column":31}},"loc":{"start":{"line":51,"column":66},"end":{"line":58,"column":5}}}},"branchMap":{"0":{"loc":{"start":{"line":15,"column":2},"end":{"line":17,"column":3}},"type":"if","locations":[{"start":{"line":15,"column":2},"end":{"line":17,"column":3}},{"start":{"line":15,"column":2},"end":{"line":17,"column":3}}]},"1":{"loc":{"start":{"line":18,"column":2},"end":{"line":20,"column":3}},"type":"if","locations":[{"start":{"line":18,"column":2},"end":{"line":20,"column":3}},{"start":{"line":18,"column":2},"end":{"line":20,"column":3}}]},"2":{"loc":{"start":{"line":27,"column":2},"end":{"line":29,"column":3}},"type":"if","locations":[{"start":{"line":27,"column":2},"end":{"line":29,"column":3}},{"start":{"line":27,"column":2},"end":{"line":29,"column":3}}]},"3":{"loc":{"start":{"line":31,"column":2},"end":{"line":33,"column":3}},"type":"if","locations":[{"start":{"line":31,"column":2},"end":{"line":33,"column":3}},{"start":{"line":31,"column":2},"end":{"line":33,"column":3}}]},"4":{"loc":{"start":{"line":50,"column":3},"end":{"line":61,"column":4}},"type":"if","locations":[{"start":{"line":50,"column":3},"end":{"line":61,"column":4}},{"start":{"line":50,"column":3},"end":{"line":61,"column":4}}]},"5":{"loc":{"start":{"line":50,"column":7},"end":{"line":50,"column":11}},"type":"binary-expr","locations":[{"start":{"line":50,"column":7},"end":{"line":50,"column":11}},{"start":{"line":50,"column":15},"end":{"line":50,"column":30}}]},"6":{"loc":{"start":{"line":52,"column":5},"end":{"line":57,"column":6}},"type":"if","locations":[{"start":{"line":52,"column":5},"end":{"line":57,"column":6}},{"start":{"line":52,"column":5},"end":{"line":57,"column":6}}]}},"s":{"0":27,"1":27,"2":5,"3":5,"4":5,"5":5,"6":3,"7":2,"8":0,"9":2,"10":21,"11":21,"12":18,"13":21,"14":1,"15":21,"16":21,"17":5,"18":5,"19":21,"20":4,"21":4,"22":2,"23":2,"24":1,"25":1,"26":1,"27":2,"28":19},"f":{"0":27,"1":5,"2":21,"3":5,"4":5,"5":4,"6":4,"7":2},"b":{"0":[3,2],"1":[0,2],"2":[18,3],"3":[1,20],"4":[2,2],"5":[4,2],"6":[1,1]}}
,"/home/travis/build/MaibornWolff/codecharta/visualization/app/testVille/testVille.component.ts": {"path":"/home/travis/build/MaibornWolff/codecharta/visualization/app/testVille/testVille.component.ts","statementMap":{"0":{"start":{"line":2,"column":0},"end":{"line":null,"column":-1}},"1":{"start":{"line":4,"column":13},"end":{"line":4,"column":7}}},"fnMap":{},"branchMap":{},"s":{"0":0,"1":0},"f":{},"b":{}}
,"/home/travis/build/MaibornWolff/codecharta/visualization/app/testVille/testVille.ts": {"path":"/home/travis/build/MaibornWolff/codecharta/visualization/app/testVille/testVille.ts","statementMap":{"0":{"start":{"line":2,"column":0},"end":{"line":null,"column":-1}},"1":{"start":{"line":3,"column":0},"end":{"line":null,"column":-1}},"2":{"start":{"line":6,"column":0},"end":{"line":null,"column":-1}}},"fnMap":{},"branchMap":{},"s":{"0":0,"1":0,"2":0},"f":{},"b":{}}
}
