TN:
SF:/home/travis/build/MaibornWolff/codecharta/visualization/app/app.ts
FN:17,(anonymous_1)
FN:25,(anonymous_2)
FN:32,(anonymous_3)
FN:35,(anonymous_4)
FN:48,(anonymous_5)
FN:53,(anonymous_6)
FNF:6
FNH:0
FNDA:0,(anonymous_1)
FNDA:0,(anonymous_2)
FNDA:0,(anonymous_3)
FNDA:0,(anonymous_4)
FNDA:0,(anonymous_5)
FNDA:0,(anonymous_6)
DA:2,0
DA:3,0
DA:4,0
DA:5,0
DA:6,0
DA:7,0
DA:8,0
DA:11,0
DA:13,0
DA:18,0
DA:19,0
DA:26,0
DA:33,0
DA:36,0
DA:41,0
DA:49,0
DA:50,0
DA:54,0
LF:18
LH:0
BRF:0
BRH:0
end_of_record
TN:
SF:/home/travis/build/MaibornWolff/codecharta/visualization/app/codeCharta/codeCharta.component.ts
FN:30,(anonymous_0)
FN:49,(anonymous_1)
FN:53,(anonymous_2)
FN:57,(anonymous_3)
FN:61,(anonymous_4)
FN:64,(anonymous_5)
FN:72,(anonymous_6)
FN:77,(anonymous_7)
FN:89,(anonymous_8)
FN:94,(anonymous_9)
FN:97,(anonymous_10)
FN:104,(anonymous_11)
FN:117,(anonymous_12)
FNF:13
FNH:10
FNDA:17,(anonymous_0)
FNDA:1,(anonymous_1)
FNDA:1,(anonymous_2)
FNDA:1,(anonymous_3)
FNDA:20,(anonymous_4)
FNDA:20,(anonymous_5)
FNDA:0,(anonymous_6)
FNDA:22,(anonymous_7)
FNDA:24,(anonymous_8)
FNDA:24,(anonymous_9)
FNDA:0,(anonymous_10)
FNDA:2,(anonymous_11)
FNDA:0,(anonymous_12)
DA:15,17
DA:31,17
DA:32,17
DA:33,17
DA:34,17
DA:35,17
DA:36,17
DA:37,17
DA:38,17
DA:39,17
DA:40,17
DA:42,17
DA:44,17
DA:45,17
DA:46,17
DA:50,1
DA:54,1
DA:58,1
DA:62,20
DA:65,20
DA:66,2
DA:67,2
DA:69,18
DA:73,0
DA:78,22
DA:79,19
DA:83,22
DA:90,24
DA:92,24
DA:95,24
DA:98,0
DA:99,0
DA:100,0
DA:105,2
DA:106,2
DA:108,2
DA:109,0
DA:110,2
DA:111,0
DA:113,2
DA:118,0
DA:122,18
LF:42
LH:35
BRDA:65,0,0,2
BRDA:65,0,1,18
BRDA:78,1,0,19
BRDA:78,1,1,3
BRDA:108,2,0,0
BRDA:108,2,1,2
BRDA:108,3,0,2
BRDA:108,3,1,0
BRDA:110,4,0,0
BRDA:110,4,1,2
BRF:10
BRH:7
end_of_record
TN:
SF:/home/travis/build/MaibornWolff/codecharta/visualization/app/codeCharta/codeCharta.model.ts
FN:13,(anonymous_0)
FN:123,(anonymous_1)
FN:140,(anonymous_2)
FNF:3
FNH:3
FNDA:39,(anonymous_0)
FNDA:39,(anonymous_1)
FNDA:39,(anonymous_2)
DA:13,39
DA:14,39
DA:15,39
DA:16,39
DA:17,39
DA:18,39
DA:123,39
DA:124,39
DA:125,39
DA:140,39
DA:141,39
DA:142,39
LF:12
LH:12
BRDA:13,0,0,39
BRDA:13,0,1,39
BRDA:123,1,0,39
BRDA:123,1,1,39
BRDA:140,2,0,39
BRDA:140,2,1,39
BRF:6
BRH:6
end_of_record
TN:
SF:/home/travis/build/MaibornWolff/codecharta/visualization/app/codeCharta/codeCharta.module.ts
FNF:0
FNH:0
DA:12,18
DA:14,18
LF:2
LH:2
BRF:0
BRH:0
end_of_record
TN:
SF:/home/travis/build/MaibornWolff/codecharta/visualization/app/codeCharta/codeCharta.service.ts
FN:10,(anonymous_0)
FN:12,(anonymous_1)
FN:13,(anonymous_2)
FN:14,(anonymous_3)
FN:29,(anonymous_4)
FNF:5
FNH:5
FNDA:30,(anonymous_0)
FNDA:5,(anonymous_1)
FNDA:5,(anonymous_2)
FNDA:5,(anonymous_3)
FNDA:2,(anonymous_4)
DA:6,37
DA:7,37
DA:8,37
DA:10,30
DA:13,5
DA:14,5
DA:15,5
DA:16,4
DA:17,2
DA:18,2
DA:20,2
DA:24,4
DA:25,4
DA:30,2
LF:14
LH:14
BRDA:16,0,0,2
BRDA:16,0,1,2
BRDA:38,1,0,2
BRDA:38,1,1,2
BRDA:39,2,0,2
BRDA:39,2,1,2
BRDA:40,3,0,2
BRDA:40,3,1,2
BRF:8
BRH:8
end_of_record
TN:
SF:/home/travis/build/MaibornWolff/codecharta/visualization/app/codeCharta/e2e/logo.po.ts
FN:2,(anonymous_6)
FN:4,(anonymous_7)
FN:5,(anonymous_9)
FN:9,(anonymous_10)
FN:10,(anonymous_12)
FN:13,(anonymous_13)
FN:14,(anonymous_15)
FNF:7
FNH:0
FNDA:0,(anonymous_6)
FNDA:0,(anonymous_7)
FNDA:0,(anonymous_9)
FNDA:0,(anonymous_10)
FNDA:0,(anonymous_12)
FNDA:0,(anonymous_13)
FNDA:0,(anonymous_15)
DA:2,0
DA:5,0
DA:6,0
DA:10,0
DA:14,0
LF:5
LH:0
BRF:0
BRH:0
end_of_record
TN:
SF:/home/travis/build/MaibornWolff/codecharta/visualization/app/codeCharta/state/fileState.service.ts
FN:17,(anonymous_0)
FN:19,(anonymous_1)
FN:23,(anonymous_2)
FN:28,(anonymous_3)
FN:29,(anonymous_4)
FN:32,(anonymous_5)
FN:36,(anonymous_6)
FN:38,(anonymous_7)
FN:45,(anonymous_8)
FN:47,(anonymous_9)
FN:48,(anonymous_10)
FN:60,(anonymous_11)
FN:62,(anonymous_12)
FN:62,(anonymous_13)
FN:66,(anonymous_14)
FN:67,(anonymous_15)
FN:70,(anonymous_16)
FN:75,(anonymous_17)
FN:79,(anonymous_18)
FN:80,(anonymous_19)
FN:83,(anonymous_20)
FNF:21
FNH:20
FNDA:151,(anonymous_0)
FNDA:2,(anonymous_1)
FNDA:5,(anonymous_2)
FNDA:8,(anonymous_3)
FNDA:2,(anonymous_4)
FNDA:24,(anonymous_5)
FNDA:6,(anonymous_6)
FNDA:2,(anonymous_7)
FNDA:4,(anonymous_8)
FNDA:4,(anonymous_9)
FNDA:6,(anonymous_10)
FNDA:3,(anonymous_11)
FNDA:4,(anonymous_12)
FNDA:1,(anonymous_13)
FNDA:13,(anonymous_14)
FNDA:12,(anonymous_15)
FNDA:13,(anonymous_16)
FNDA:5,(anonymous_17)
FNDA:330,(anonymous_18)
FNDA:2,(anonymous_19)
FNDA:0,(anonymous_20)
DA:11,33
DA:12,33
DA:14,151
DA:17,151
DA:20,2
DA:24,5
DA:25,5
DA:29,8
DA:33,24
DA:37,6
DA:38,6
DA:39,6
DA:40,1
DA:42,6
DA:46,4
DA:47,4
DA:48,6
DA:50,4
DA:51,2
DA:54,4
DA:55,2
DA:57,4
DA:61,3
DA:62,4
DA:63,3
DA:67,13
DA:71,13
DA:72,13
DA:76,5
DA:80,330
DA:81,2
DA:83,330
DA:84,0
LF:33
LH:32
BRDA:39,0,0,1
BRDA:39,0,1,5
BRDA:50,1,0,2
BRDA:50,1,1,2
BRDA:54,2,0,2
BRDA:54,2,1,2
BRF:6
BRH:6
end_of_record
TN:
SF:/home/travis/build/MaibornWolff/codecharta/visualization/app/codeCharta/state/metric.service.ts
FN:25,(anonymous_0)
FN:30,(anonymous_1)
FN:36,(anonymous_2)
FN:41,(anonymous_3)
FN:53,(anonymous_4)
FN:54,(anonymous_5)
FN:57,(anonymous_6)
FN:61,(anonymous_7)
FN:62,(anonymous_8)
FN:66,(anonymous_9)
FN:77,(anonymous_10)
FN:80,(anonymous_11)
FN:82,(anonymous_12)
FN:91,(anonymous_13)
FN:98,(anonymous_14)
FN:108,(anonymous_15)
FN:111,(anonymous_16)
FN:121,(anonymous_17)
FN:122,(anonymous_18)
FN:125,(anonymous_19)
FN:130,(anonymous_20)
FN:133,(anonymous_21)
FN:136,(anonymous_22)
FN:137,(anonymous_23)
FN:143,(anonymous_24)
FN:144,(anonymous_25)
FN:147,(anonymous_26)
FN:148,(anonymous_27)
FN:157,(anonymous_28)
FN:161,(anonymous_29)
FN:165,(anonymous_30)
FN:166,(anonymous_31)
FN:170,(anonymous_32)
FNF:33
FNH:28
FNDA:39,(anonymous_0)
FNDA:2,(anonymous_1)
FNDA:0,(anonymous_2)
FNDA:4,(anonymous_3)
FNDA:3,(anonymous_4)
FNDA:4,(anonymous_5)
FNDA:8,(anonymous_6)
FNDA:3,(anonymous_7)
FNDA:4,(anonymous_8)
FNDA:3,(anonymous_9)
FNDA:2,(anonymous_10)
FNDA:4,(anonymous_11)
FNDA:16,(anonymous_12)
FNDA:16,(anonymous_13)
FNDA:48,(anonymous_14)
FNDA:2,(anonymous_15)
FNDA:8,(anonymous_16)
FNDA:18,(anonymous_17)
FNDA:16,(anonymous_18)
FNDA:2,(anonymous_19)
FNDA:1,(anonymous_20)
FNDA:3,(anonymous_21)
FNDA:2,(anonymous_22)
FNDA:6,(anonymous_23)
FNDA:2,(anonymous_24)
FNDA:10,(anonymous_25)
FNDA:2,(anonymous_26)
FNDA:0,(anonymous_27)
FNDA:5,(anonymous_28)
FNDA:0,(anonymous_29)
FNDA:94,(anonymous_30)
FNDA:0,(anonymous_31)
FNDA:0,(anonymous_32)
DA:20,33
DA:21,33
DA:23,39
DA:25,39
DA:26,39
DA:27,39
DA:31,2
DA:32,2
DA:33,2
DA:37,0
DA:38,0
DA:42,4
DA:43,3
DA:44,3
DA:49,3
DA:54,4
DA:58,8
DA:62,4
DA:63,3
DA:67,3
DA:68,1
DA:71,2
DA:72,2
DA:73,2
DA:78,2
DA:80,2
DA:81,4
DA:82,4
DA:83,16
DA:84,16
DA:88,2
DA:96,16
DA:98,16
DA:99,48
DA:100,18
DA:109,2
DA:111,2
DA:112,8
DA:118,2
DA:122,18
DA:126,2
DA:127,1
DA:129,1
DA:130,1
DA:131,1
DA:133,1
DA:134,3
DA:136,1
DA:137,6
DA:139,1
DA:144,10
DA:148,2
DA:149,2
DA:158,5
DA:162,0
DA:166,94
DA:167,0
DA:170,94
DA:171,0
LF:59
LH:54
BRDA:42,0,0,3
BRDA:42,0,1,1
BRDA:42,1,0,4
BRDA:42,1,1,4
BRDA:63,2,0,1
BRDA:63,2,1,2
BRDA:67,3,0,1
BRDA:67,3,1,2
BRDA:83,4,0,16
BRDA:83,4,1,0
BRDA:83,5,0,16
BRDA:83,5,1,16
BRDA:99,6,0,18
BRDA:99,6,1,30
BRDA:99,7,0,48
BRDA:99,7,1,40
BRDA:126,8,0,1
BRDA:126,8,1,1
BRDA:134,9,0,3
BRDA:134,9,1,0
BRDA:144,10,0,6
BRDA:144,10,1,4
BRDA:144,11,0,4
BRDA:144,11,1,0
BRDA:148,12,0,2
BRDA:148,12,1,0
BRF:26
BRH:22
end_of_record
TN:
SF:/home/travis/build/MaibornWolff/codecharta/visualization/app/codeCharta/state/settings.service.ts
FN:20,(anonymous_0)
FN:23,(anonymous_1)
FN:30,(anonymous_2)
FN:39,(anonymous_3)
FN:41,(anonymous_4)
FN:45,(anonymous_5)
FN:55,(anonymous_6)
FN:114,(anonymous_7)
FN:125,(anonymous_8)
FN:127,(anonymous_9)
FN:131,(anonymous_10)
FN:148,(anonymous_11)
FN:163,(anonymous_12)
FN:164,(anonymous_13)
FN:167,(anonymous_14)
FN:168,(anonymous_15)
FNF:16
FNH:12
FNDA:306,(anonymous_0)
FNDA:0,(anonymous_1)
FNDA:6,(anonymous_2)
FNDA:0,(anonymous_3)
FNDA:53,(anonymous_4)
FNDA:10,(anonymous_5)
FNDA:313,(anonymous_6)
FNDA:6,(anonymous_7)
FNDA:6,(anonymous_8)
FNDA:8,(anonymous_9)
FNDA:15,(anonymous_10)
FNDA:18,(anonymous_11)
FNDA:10,(anonymous_12)
FNDA:0,(anonymous_13)
FNDA:121,(anonymous_14)
FNDA:0,(anonymous_15)
DA:15,33
DA:20,306
DA:21,306
DA:22,306
DA:24,0
DA:27,306
DA:31,6
DA:34,6
DA:42,53
DA:47,10
DA:48,10
DA:49,10
DA:50,10
DA:52,10
DA:56,313
DA:71,313
DA:72,313
DA:73,313
DA:75,313
DA:111,313
DA:115,6
DA:116,6
DA:126,6
DA:127,8
DA:128,6
DA:132,15
DA:133,68
DA:134,29
DA:135,14
DA:136,5
DA:138,9
DA:141,15
DA:145,15
DA:149,18
DA:150,16
DA:151,18
DA:152,9
DA:153,5
DA:155,4
DA:160,9
DA:164,10
DA:168,121
DA:169,0
LF:43
LH:41
BRDA:45,0,0,10
BRDA:48,1,0,10
BRDA:48,1,1,0
BRDA:133,2,0,29
BRDA:133,2,1,39
BRDA:134,3,0,14
BRDA:134,3,1,15
BRDA:134,4,0,29
BRDA:134,4,1,23
BRDA:135,5,0,5
BRDA:135,5,1,9
BRDA:149,6,0,16
BRDA:149,6,1,2
BRDA:151,7,0,9
BRDA:151,7,1,9
BRDA:152,8,0,5
BRDA:152,8,1,4
BRF:17
BRH:16
end_of_record
TN:
SF:/home/travis/build/MaibornWolff/codecharta/visualization/app/codeCharta/state/state.module.ts
FNF:0
FNH:0
DA:9,33
LF:1
LH:1
BRF:0
BRH:0
end_of_record
TN:
SF:/home/travis/build/MaibornWolff/codecharta/visualization/app/codeCharta/ui/ui.ts
FNF:0
FNH:0
DA:33,18
LF:1
LH:1
BRF:0
BRH:0
end_of_record
TN:
SF:/home/travis/build/MaibornWolff/codecharta/visualization/app/codeCharta/ui/areaSettingsPanel/areaSettingsPanel.component.ts
FN:22,(anonymous_0)
FN:31,(anonymous_1)
FN:37,(anonymous_2)
FN:42,(anonymous_3)
FN:47,(anonymous_4)
FN:55,(anonymous_5)
FN:66,(anonymous_6)
FN:76,(anonymous_7)
FN:81,(anonymous_8)
FNF:9
FNH:9
FNDA:17,(anonymous_0)
FNDA:5,(anonymous_1)
FNDA:4,(anonymous_2)
FNDA:2,(anonymous_3)
FNDA:1,(anonymous_4)
FNDA:1,(anonymous_5)
FNDA:9,(anonymous_6)
FNDA:7,(anonymous_7)
FNDA:28,(anonymous_8)
DA:9,18
DA:10,18
DA:11,18
DA:13,17
DA:23,17
DA:24,17
DA:25,17
DA:27,17
DA:28,17
DA:32,5
DA:33,5
DA:34,5
DA:38,4
DA:39,4
DA:43,2
DA:44,2
DA:48,1
DA:56,1
DA:67,9
DA:68,7
DA:69,7
DA:70,5
DA:71,5
DA:77,7
DA:78,7
DA:79,7
DA:81,7
DA:82,28
DA:83,28
DA:84,21
DA:88,7
DA:89,7
DA:93,18
LF:33
LH:33
BRDA:67,0,0,7
BRDA:67,0,1,2
BRDA:67,1,0,9
BRDA:67,1,1,7
BRDA:67,1,2,7
BRDA:69,2,0,5
BRDA:69,2,1,2
BRDA:83,3,0,21
BRDA:83,3,1,7
BRDA:83,4,0,28
BRDA:83,4,1,28
BRF:11
BRH:11
end_of_record
TN:
SF:/home/travis/build/MaibornWolff/codecharta/visualization/app/codeCharta/ui/areaSettingsPanel/areaSettingsPanel.module.ts
FNF:0
FNH:0
DA:5,18
LF:1
LH:1
BRF:0
BRH:0
end_of_record
TN:
SF:/home/travis/build/MaibornWolff/codecharta/visualization/app/codeCharta/ui/blacklistPanel/blacklistPanel.component.ts
FN:14,(anonymous_0)
FN:18,(anonymous_1)
FN:24,(anonymous_2)
FN:28,(anonymous_3)
FNF:4
FNH:3
FNDA:2,(anonymous_0)
FNDA:1,(anonymous_1)
FNDA:1,(anonymous_2)
FNDA:0,(anonymous_3)
DA:8,2
DA:14,2
DA:15,2
DA:19,1
DA:20,1
DA:25,1
DA:29,0
DA:33,18
LF:8
LH:7
BRDA:19,0,0,1
BRDA:19,0,1,0
BRDA:29,1,0,0
BRDA:29,1,1,0
BRDA:29,2,0,0
BRDA:29,2,1,0
BRF:6
BRH:1
end_of_record
TN:
SF:/home/travis/build/MaibornWolff/codecharta/visualization/app/codeCharta/ui/blacklistPanel/blacklistPanel.module.ts
FNF:0
FNH:0
DA:8,18
LF:1
LH:1
BRF:0
BRH:0
end_of_record
TN:
SF:/home/travis/build/MaibornWolff/codecharta/visualization/app/codeCharta/ui/codeMap/codeMap.actions.service.ts
FN:9,(anonymous_0)
FN:11,(anonymous_1)
FN:19,(anonymous_2)
FN:22,(anonymous_3)
FN:33,(anonymous_4)
FN:46,(anonymous_5)
FN:50,(anonymous_6)
FN:52,(anonymous_7)
FN:67,(anonymous_8)
FN:71,(anonymous_9)
FN:75,(anonymous_10)
FN:84,(anonymous_11)
FN:89,(anonymous_12)
FN:93,(anonymous_13)
FN:96,(anonymous_14)
FN:101,(anonymous_15)
FN:102,(anonymous_16)
FN:114,(anonymous_17)
FN:118,(anonymous_18)
FN:122,(anonymous_19)
FN:126,(anonymous_20)
FN:127,(anonymous_21)
FN:130,(anonymous_22)
FN:131,(anonymous_23)
FN:135,(anonymous_24)
FN:136,(anonymous_25)
FN:139,(anonymous_26)
FN:141,(anonymous_27)
FN:142,(anonymous_28)
FN:147,(anonymous_29)
FN:157,(anonymous_30)
FN:159,(anonymous_31)
FN:167,(anonymous_32)
FN:168,(anonymous_33)
FN:171,(anonymous_34)
FN:180,(anonymous_35)
FN:187,(anonymous_36)
FN:190,(anonymous_37)
FN:203,(anonymous_38)
FN:207,(anonymous_39)
FN:211,(anonymous_40)
FNF:41
FNH:41
FNDA:119,(anonymous_0)
FNDA:3,(anonymous_1)
FNDA:4,(anonymous_2)
FNDA:3,(anonymous_3)
FNDA:4,(anonymous_4)
FNDA:5,(anonymous_5)
FNDA:2,(anonymous_6)
FNDA:3,(anonymous_7)
FNDA:1,(anonymous_8)
FNDA:1,(anonymous_9)
FNDA:2,(anonymous_10)
FNDA:1,(anonymous_11)
FNDA:1,(anonymous_12)
FNDA:1,(anonymous_13)
FNDA:1,(anonymous_14)
FNDA:3,(anonymous_15)
FNDA:1,(anonymous_16)
FNDA:2,(anonymous_17)
FNDA:2,(anonymous_18)
FNDA:1,(anonymous_19)
FNDA:2,(anonymous_20)
FNDA:2,(anonymous_21)
FNDA:3,(anonymous_22)
FNDA:3,(anonymous_23)
FNDA:3,(anonymous_24)
FNDA:3,(anonymous_25)
FNDA:13,(anonymous_26)
FNDA:21,(anonymous_27)
FNDA:1,(anonymous_28)
FNDA:4,(anonymous_29)
FNDA:4,(anonymous_30)
FNDA:4,(anonymous_31)
FNDA:4,(anonymous_32)
FNDA:8,(anonymous_33)
FNDA:4,(anonymous_34)
FNDA:4,(anonymous_35)
FNDA:5,(anonymous_36)
FNDA:5,(anonymous_37)
FNDA:9,(anonymous_38)
FNDA:2,(anonymous_39)
FNDA:2,(anonymous_40)
DA:9,119
DA:12,3
DA:13,1
DA:15,2
DA:20,4
DA:21,4
DA:22,4
DA:23,4
DA:25,4
DA:26,4
DA:34,4
DA:35,3
DA:36,1
DA:37,1
DA:39,1
DA:40,1
DA:43,4
DA:47,5
DA:51,2
DA:52,3
DA:54,2
DA:55,1
DA:57,1
DA:58,1
DA:60,2
DA:68,1
DA:72,1
DA:76,2
DA:77,1
DA:79,1
DA:80,1
DA:85,1
DA:86,1
DA:90,1
DA:94,1
DA:96,1
DA:102,3
DA:103,1
DA:105,3
DA:106,2
DA:115,2
DA:119,2
DA:123,1
DA:127,2
DA:131,3
DA:136,3
DA:140,13
DA:141,21
DA:142,1
DA:144,13
DA:148,4
DA:154,4
DA:158,4
DA:159,4
DA:160,4
DA:161,4
DA:162,1
DA:168,8
DA:172,4
DA:173,4
DA:181,4
DA:182,4
DA:183,3
DA:188,5
DA:189,5
DA:190,5
DA:191,5
DA:192,3
DA:195,5
DA:204,9
DA:208,2
DA:212,2
LF:72
LH:72
BRDA:12,0,0,1
BRDA:12,0,1,2
BRDA:34,1,0,3
BRDA:34,1,1,1
BRDA:34,2,0,4
BRDA:34,2,1,3
BRDA:36,3,0,1
BRDA:36,3,1,0
BRDA:39,4,0,1
BRDA:39,4,1,0
BRDA:47,5,0,5
BRDA:47,5,1,1
BRDA:47,5,2,1
BRDA:54,6,0,1
BRDA:54,6,1,1
BRDA:76,7,0,1
BRDA:76,7,1,1
BRDA:105,8,0,2
BRDA:105,8,1,1
BRDA:131,9,0,3
BRDA:131,9,1,2
BRDA:141,10,0,21
BRDA:141,10,1,13
BRDA:144,11,0,6
BRDA:144,11,1,7
BRDA:161,12,0,1
BRDA:161,12,1,3
BRDA:161,13,0,4
BRDA:161,13,1,4
BRDA:168,14,0,8
BRDA:168,14,1,8
BRDA:182,15,0,3
BRDA:182,15,1,1
BRDA:187,16,0,1
BRDA:189,17,0,5
BRDA:189,17,1,0
BRDA:191,18,0,3
BRDA:191,18,1,2
BRDA:191,19,0,5
BRDA:191,19,1,4
BRDA:204,20,0,9
BRDA:204,20,1,4
BRF:42
BRH:39
end_of_record
TN:
SF:/home/travis/build/MaibornWolff/codecharta/visualization/app/codeCharta/ui/codeMap/codeMap.arrow.service.ts
FN:9,(anonymous_0)
FN:13,(anonymous_1)
FN:20,(anonymous_2)
FN:31,(anonymous_3)
FN:44,(anonymous_4)
FN:89,(anonymous_5)
FN:97,(anonymous_6)
FN:107,(anonymous_7)
FN:117,(anonymous_8)
FNF:9
FNH:9
FNDA:117,(anonymous_0)
FNDA:2,(anonymous_1)
FNDA:2,(anonymous_2)
FNDA:1,(anonymous_3)
FNDA:2,(anonymous_4)
FNDA:1,(anonymous_5)
FNDA:1,(anonymous_6)
FNDA:4,(anonymous_7)
FNDA:1,(anonymous_8)
DA:9,117
DA:10,117
DA:14,2
DA:15,2
DA:16,4
DA:21,2
DA:22,2
DA:23,2
DA:24,4
DA:25,1
DA:28,2
DA:32,1
DA:34,1
DA:35,2
DA:36,2
DA:38,2
DA:39,1
DA:45,2
DA:51,1
DA:52,1
DA:53,1
DA:55,1
DA:56,1
DA:57,1
DA:59,1
DA:60,1
DA:61,1
DA:63,1
DA:64,1
DA:65,1
DA:67,1
DA:82,1
DA:84,1
DA:85,1
DA:90,1
DA:91,2
DA:92,2
DA:93,2
DA:98,1
DA:100,1
DA:101,2
DA:104,1
DA:108,4
DA:109,4
DA:110,4
DA:111,4
DA:112,4
DA:114,4
DA:124,1
DA:127,1
DA:128,1
DA:129,1
DA:130,1
DA:133,1
DA:134,1
DA:135,1
DA:136,1
DA:139,1
DA:140,1
LF:59
LH:59
BRDA:24,0,0,1
BRDA:24,0,1,3
BRDA:38,1,0,1
BRDA:38,1,1,1
BRDA:38,2,0,2
BRDA:38,2,1,1
BRDA:45,3,0,1
BRDA:45,3,1,1
BRDA:46,4,0,2
BRDA:46,4,1,2
BRDA:46,4,2,1
BRDA:46,4,3,1
BRDA:119,5,0,1
BRDA:120,6,0,1
BRDA:121,7,0,1
BRDA:122,8,0,1
BRF:16
BRH:16
end_of_record
TN:
SF:/home/travis/build/MaibornWolff/codecharta/visualization/app/codeCharta/ui/codeMap/codeMap.component.ts
FN:19,(anonymous_0)
FN:30,(anonymous_1)
FN:36,(anonymous_2)
FN:44,(anonymous_3)
FN:46,(anonymous_4)
FN:48,(anonymous_5)
FN:53,(anonymous_6)
FN:55,(anonymous_7)
FN:56,(anonymous_8)
FNF:9
FNH:3
FNDA:8,(anonymous_0)
FNDA:0,(anonymous_1)
FNDA:0,(anonymous_2)
FNDA:0,(anonymous_3)
FNDA:0,(anonymous_4)
FNDA:2,(anonymous_5)
FNDA:0,(anonymous_6)
FNDA:2,(anonymous_7)
FNDA:0,(anonymous_8)
DA:12,8
DA:20,8
DA:21,8
DA:22,8
DA:23,8
DA:24,8
DA:26,8
DA:27,8
DA:31,0
DA:32,0
DA:33,0
DA:37,0
DA:38,0
DA:39,0
DA:40,0
DA:49,2
DA:50,2
DA:56,2
DA:60,18
LF:19
LH:12
BRDA:38,0,0,0
BRDA:38,0,1,0
BRDA:39,1,0,0
BRDA:39,1,1,0
BRF:4
BRH:0
end_of_record
TN:
SF:/home/travis/build/MaibornWolff/codecharta/visualization/app/codeCharta/ui/codeMap/codeMap.label.service.ts
FN:22,(anonymous_0)
FN:32,(anonymous_1)
FN:53,(anonymous_2)
FN:60,(anonymous_3)
FN:77,(anonymous_4)
FN:83,(anonymous_5)
FN:125,(anonymous_6)
FN:131,(anonymous_7)
FNF:8
FNH:7
FNDA:114,(anonymous_0)
FNDA:5,(anonymous_1)
FNDA:1,(anonymous_2)
FNDA:1,(anonymous_3)
FNDA:0,(anonymous_4)
FNDA:4,(anonymous_5)
FNDA:4,(anonymous_6)
FNDA:4,(anonymous_7)
DA:19,114
DA:20,114
DA:23,114
DA:24,114
DA:25,114
DA:26,114
DA:28,114
DA:29,114
DA:33,5
DA:34,4
DA:35,4
DA:36,4
DA:38,4
DA:39,4
DA:40,4
DA:42,4
DA:43,4
DA:44,4
DA:46,4
DA:47,4
DA:49,4
DA:54,1
DA:55,1
DA:56,0
DA:61,1
DA:62,2
DA:63,2
DA:64,2
DA:68,2
DA:69,2
DA:70,2
DA:71,2
DA:72,2
DA:73,2
DA:78,0
DA:79,0
DA:84,4
DA:85,4
DA:86,4
DA:88,4
DA:91,4
DA:92,4
DA:95,4
DA:96,4
DA:97,4
DA:98,4
DA:99,4
DA:100,4
DA:101,4
DA:104,4
DA:105,4
DA:106,4
DA:107,4
DA:108,4
DA:110,4
DA:111,4
DA:112,4
DA:114,4
DA:115,4
DA:116,4
DA:118,4
DA:126,4
DA:127,4
DA:128,4
DA:132,4
DA:137,4
DA:138,4
DA:140,4
LF:68
LH:65
BRDA:33,0,0,4
BRDA:33,0,1,1
BRDA:33,1,0,5
BRDA:33,1,1,5
BRDA:125,2,0,0
BRDA:127,3,0,0
BRDA:127,3,1,4
BRF:7
BRH:5
end_of_record
TN:
SF:/home/travis/build/MaibornWolff/codecharta/visualization/app/codeCharta/ui/codeMap/codeMap.module.ts
FNF:0
FNH:0
DA:15,18
LF:1
LH:1
BRF:0
BRH:0
end_of_record
TN:
SF:/home/travis/build/MaibornWolff/codecharta/visualization/app/codeCharta/ui/codeMap/codeMap.mouseEvent.service.ts
FN:36,(anonymous_0)
FN:49,(anonymous_1)
FN:57,(anonymous_2)
FN:74,(anonymous_3)
FN:98,(anonymous_4)
FN:105,(anonymous_5)
FN:121,(anonymous_6)
FN:129,(anonymous_7)
FN:138,(anonymous_8)
FN:142,(anonymous_9)
FN:153,(anonymous_10)
FN:175,(anonymous_11)
FN:185,(anonymous_12)
FN:187,(anonymous_13)
FN:194,(anonymous_14)
FN:198,(anonymous_15)
FN:199,(anonymous_16)
FN:203,(anonymous_17)
FN:207,(anonymous_18)
FNF:19
FNH:18
FNDA:43,(anonymous_0)
FNDA:2,(anonymous_1)
FNDA:4,(anonymous_2)
FNDA:5,(anonymous_3)
FNDA:0,(anonymous_4)
FNDA:2,(anonymous_5)
FNDA:2,(anonymous_6)
FNDA:1,(anonymous_7)
FNDA:1,(anonymous_8)
FNDA:3,(anonymous_9)
FNDA:4,(anonymous_10)
FNDA:3,(anonymous_11)
FNDA:2,(anonymous_12)
FNDA:2,(anonymous_13)
FNDA:1,(anonymous_14)
FNDA:63,(anonymous_15)
FNDA:2,(anonymous_16)
FNDA:2,(anonymous_17)
FNDA:2,(anonymous_18)
DA:30,43
DA:31,43
DA:32,43
DA:33,43
DA:37,43
DA:38,43
DA:39,43
DA:40,43
DA:41,43
DA:42,43
DA:43,43
DA:45,43
DA:46,43
DA:50,2
DA:51,2
DA:52,2
DA:53,2
DA:54,2
DA:58,4
DA:60,1
DA:61,1
DA:63,1
DA:64,1
DA:66,1
DA:67,1
DA:69,1
DA:70,1
DA:75,5
DA:77,5
DA:78,5
DA:82,5
DA:83,5
DA:85,5
DA:86,1
DA:88,4
DA:91,5
DA:92,4
DA:93,4
DA:99,0
DA:100,0
DA:101,0
DA:102,0
DA:106,2
DA:107,2
DA:109,2
DA:110,1
DA:111,1
DA:114,2
DA:115,1
DA:116,1
DA:122,2
DA:123,1
DA:124,1
DA:125,1
DA:130,1
DA:139,1
DA:143,3
DA:144,1
DA:146,2
DA:148,2
DA:149,1
DA:160,4
DA:161,1
DA:162,0
DA:166,4
DA:168,4
DA:169,3
DA:171,1
DA:176,3
DA:178,3
DA:179,2
DA:181,1
DA:186,2
DA:187,2
DA:188,2
DA:189,1
DA:195,1
DA:199,63
DA:200,2
DA:203,63
DA:204,2
DA:207,63
DA:208,2
LF:83
LH:78
BRDA:59,0,0,1
BRDA:59,0,1,1
BRDA:59,0,2,1
BRDA:59,0,3,1
BRDA:77,1,0,5
BRDA:77,1,1,0
BRDA:85,2,0,1
BRDA:85,2,1,4
BRDA:91,3,0,4
BRDA:91,3,1,1
BRDA:106,4,0,2
BRDA:106,4,1,0
BRDA:109,5,0,1
BRDA:109,5,1,1
BRDA:114,6,0,1
BRDA:114,6,1,1
BRDA:114,7,0,2
BRDA:114,7,1,1
BRDA:122,8,0,1
BRDA:122,8,1,1
BRDA:124,9,0,1
BRDA:124,9,1,0
BRDA:143,10,0,1
BRDA:143,10,1,2
BRDA:148,11,0,1
BRDA:148,11,1,1
BRDA:160,12,0,1
BRDA:160,12,1,3
BRDA:160,13,0,4
BRDA:160,13,1,3
BRDA:161,14,0,0
BRDA:161,14,1,1
BRDA:161,15,0,1
BRDA:161,15,1,0
BRDA:168,16,0,3
BRDA:168,16,1,1
BRDA:178,17,0,2
BRDA:178,17,1,1
BRDA:188,18,0,1
BRDA:188,18,1,1
BRF:40
BRH:35
end_of_record
TN:
SF:/home/travis/build/MaibornWolff/codecharta/visualization/app/codeCharta/ui/codeMap/codeMap.preRender.service.ts
FN:40,(anonymous_0)
FN:51,(anonymous_1)
FN:55,(anonymous_2)
FN:65,(anonymous_3)
FN:71,(anonymous_4)
FN:73,(anonymous_5)
FN:79,(anonymous_6)
FN:83,(anonymous_7)
FN:99,(anonymous_8)
FN:101,(anonymous_9)
FN:108,(anonymous_10)
FN:114,(anonymous_11)
FN:116,(anonymous_12)
FN:117,(anonymous_13)
FN:126,(anonymous_14)
FN:140,(anonymous_15)
FN:145,(anonymous_16)
FN:146,(anonymous_17)
FN:151,(anonymous_18)
FN:155,(anonymous_19)
FN:159,(anonymous_20)
FN:163,(anonymous_21)
FN:164,(anonymous_22)
FNF:23
FNH:6
FNDA:68,(anonymous_0)
FNDA:1,(anonymous_1)
FNDA:1,(anonymous_2)
FNDA:0,(anonymous_3)
FNDA:0,(anonymous_4)
FNDA:0,(anonymous_5)
FNDA:0,(anonymous_6)
FNDA:0,(anonymous_7)
FNDA:0,(anonymous_8)
FNDA:0,(anonymous_9)
FNDA:0,(anonymous_10)
FNDA:0,(anonymous_11)
FNDA:0,(anonymous_12)
FNDA:0,(anonymous_13)
FNDA:1,(anonymous_14)
FNDA:1,(anonymous_15)
FNDA:0,(anonymous_16)
FNDA:0,(anonymous_17)
FNDA:0,(anonymous_18)
FNDA:0,(anonymous_19)
FNDA:0,(anonymous_20)
FNDA:2,(anonymous_21)
FNDA:0,(anonymous_22)
DA:29,18
DA:31,68
DA:33,68
DA:41,68
DA:42,68
DA:43,68
DA:44,68
DA:46,68
DA:47,68
DA:48,68
DA:52,1
DA:56,1
DA:57,1
DA:58,0
DA:59,0
DA:60,0
DA:62,1
DA:66,0
DA:67,0
DA:68,0
DA:74,0
DA:75,0
DA:76,0
DA:80,0
DA:84,0
DA:91,0
DA:100,0
DA:101,0
DA:102,0
DA:105,0
DA:106,0
DA:107,0
DA:108,0
DA:109,0
DA:110,0
DA:115,0
DA:116,0
DA:117,0
DA:118,0
DA:120,0
DA:121,0
DA:122,0
DA:127,1
DA:128,0
DA:130,0
DA:131,0
DA:132,0
DA:133,0
DA:134,0
DA:135,0
DA:141,1
DA:146,0
DA:152,0
DA:156,0
DA:160,0
DA:164,2
DA:165,0
LF:57
LH:17
BRDA:57,0,0,0
BRDA:57,0,1,1
BRDA:57,1,0,1
BRDA:57,1,1,0
BRDA:57,1,2,0
BRDA:84,2,0,0
BRDA:84,2,1,0
BRDA:85,3,0,0
BRDA:85,3,1,0
BRDA:85,3,2,0
BRDA:85,3,3,0
BRDA:85,3,4,0
BRDA:105,4,0,0
BRDA:105,4,1,0
BRDA:107,5,0,0
BRDA:107,5,1,0
BRDA:109,6,0,0
BRDA:109,6,1,0
BRDA:115,7,0,0
BRDA:115,7,1,0
BRDA:127,8,0,0
BRDA:127,8,1,1
BRDA:132,9,0,0
BRDA:132,9,1,0
BRDA:142,10,0,1
BRDA:142,10,1,0
BRDA:142,10,2,0
BRDA:142,10,3,0
BRDA:146,11,0,0
BRDA:146,11,1,0
BRF:30
BRH:4
end_of_record
TN:
SF:/home/travis/build/MaibornWolff/codecharta/visualization/app/codeCharta/ui/codeMap/codeMap.render.service.ts
FN:16,(anonymous_0)
FN:22,(anonymous_1)
FN:26,(anonymous_2)
FN:31,(anonymous_3)
FN:32,(anonymous_4)
FN:43,(anonymous_5)
FN:54,(anonymous_6)
FN:65,(anonymous_7)
FN:75,(anonymous_8)
FN:77,(anonymous_9)
FN:83,(anonymous_10)
FN:93,(anonymous_11)
FNF:12
FNH:2
FNDA:108,(anonymous_0)
FNDA:1,(anonymous_1)
FNDA:0,(anonymous_2)
FNDA:0,(anonymous_3)
FNDA:0,(anonymous_4)
FNDA:0,(anonymous_5)
FNDA:0,(anonymous_6)
FNDA:0,(anonymous_7)
FNDA:0,(anonymous_8)
FNDA:0,(anonymous_9)
FNDA:0,(anonymous_10)
FNDA:0,(anonymous_11)
DA:14,108
DA:17,108
DA:18,108
DA:19,108
DA:23,1
DA:27,0
DA:29,0
DA:30,0
DA:31,0
DA:32,0
DA:34,0
DA:35,0
DA:37,0
DA:38,0
DA:39,0
DA:40,0
DA:44,0
DA:45,0
DA:46,0
DA:47,0
DA:48,0
DA:51,0
DA:55,0
DA:56,0
DA:58,0
DA:59,0
DA:61,0
DA:62,0
DA:66,0
DA:67,0
DA:68,0
DA:69,0
DA:70,0
DA:76,0
DA:77,0
DA:78,0
DA:79,0
DA:84,0
DA:85,0
DA:86,0
DA:87,0
DA:89,0
DA:94,0
DA:96,0
DA:97,0
DA:98,0
LF:46
LH:5
BRDA:31,0,0,0
BRDA:31,0,1,0
BRDA:31,0,2,0
BRDA:58,1,0,0
BRDA:58,1,1,0
BRDA:67,2,0,0
BRDA:67,2,1,0
BRDA:68,3,0,0
BRDA:68,3,1,0
BRDA:78,4,0,0
BRDA:78,4,1,0
BRDA:78,5,0,0
BRDA:78,5,1,0
BRDA:84,6,0,0
BRDA:84,6,1,0
BRDA:96,7,0,0
BRDA:96,7,1,0
BRDA:96,8,0,0
BRDA:96,8,1,0
BRF:19
BRH:0
end_of_record
TN:
SF:/home/travis/build/MaibornWolff/codecharta/visualization/app/codeCharta/ui/codeMap/rendering/boxGeometryGenerationHelper.ts
FN:5,(anonymous_0)
FN:14,(anonymous_1)
FN:34,(anonymous_2)
FN:54,(anonymous_3)
FN:93,(anonymous_4)
FN:137,(anonymous_5)
FNF:6
FNH:2
FNDA:18,(anonymous_0)
FNDA:18,(anonymous_1)
FNDA:0,(anonymous_2)
FNDA:0,(anonymous_3)
FNDA:0,(anonymous_4)
FNDA:0,(anonymous_5)
DA:5,18
DA:6,18
DA:7,18
DA:8,18
DA:9,18
DA:10,18
DA:11,18
DA:14,18
DA:15,18
DA:16,18
DA:17,18
DA:18,18
DA:21,18
DA:30,18
DA:31,18
DA:41,0
DA:42,0
DA:48,0
DA:49,0
DA:51,0
DA:52,0
DA:61,0
DA:62,0
DA:63,0
DA:64,0
DA:65,0
DA:66,0
DA:67,0
DA:68,0
DA:71,0
DA:72,0
DA:73,0
DA:74,0
DA:75,0
DA:76,0
DA:77,0
DA:78,0
DA:81,0
DA:82,0
DA:83,0
DA:84,0
DA:85,0
DA:86,0
DA:87,0
DA:88,0
DA:90,0
DA:99,0
DA:100,0
DA:106,0
DA:112,0
DA:118,0
DA:120,0
DA:125,0
DA:130,0
DA:147,0
DA:149,0
DA:150,0
DA:151,0
DA:152,0
DA:153,0
DA:154,0
DA:162,0
DA:170,0
DA:178,0
DA:186,0
DA:187,0
DA:188,0
DA:189,0
DA:190,0
DA:192,0
DA:193,0
LF:71
LH:15
BRDA:5,0,0,18
BRDA:5,0,1,18
BRDA:14,1,0,18
BRDA:14,1,1,18
BRDA:121,2,0,0
BRDA:121,2,1,0
BRDA:131,3,0,0
BRDA:131,3,1,0
BRDA:188,4,0,0
BRDA:188,4,1,0
BRF:10
BRH:4
end_of_record
TN:
SF:/home/travis/build/MaibornWolff/codecharta/visualization/app/codeCharta/ui/codeMap/rendering/codeMapBuilding.ts
FN:12,(anonymous_0)
FNF:1
FNH:1
FNDA:70,(anonymous_0)
DA:13,70
DA:14,70
DA:15,70
DA:16,70
LF:4
LH:4
BRF:0
BRH:0
end_of_record
TN:
SF:/home/travis/build/MaibornWolff/codecharta/visualization/app/codeCharta/ui/codeMap/rendering/codeMapGeometricDescription.ts
FN:10,(anonymous_0)
FN:17,(anonymous_1)
FN:23,(anonymous_2)
FN:27,(anonymous_3)
FN:31,(anonymous_4)
FN:77,(anonymous_5)
FNF:6
FNH:1
FNDA:0,(anonymous_0)
FNDA:1,(anonymous_1)
FNDA:0,(anonymous_2)
FNDA:0,(anonymous_3)
FNDA:0,(anonymous_4)
FNDA:0,(anonymous_5)
DA:11,0
DA:18,1
DA:19,1
DA:20,1
DA:24,0
DA:28,0
DA:32,0
DA:33,0
DA:35,0
DA:37,0
DA:39,0
DA:41,0
DA:42,0
DA:43,0
DA:45,0
DA:46,0
DA:47,0
DA:49,0
DA:51,0
DA:52,0
DA:54,0
DA:55,0
DA:57,0
DA:58,0
DA:59,0
DA:65,0
DA:66,0
DA:71,0
DA:78,0
DA:79,0
DA:81,0
DA:82,0
DA:84,0
DA:85,0
DA:87,0
DA:88,0
DA:90,0
LF:37
LH:3
BRDA:51,0,0,0
BRDA:51,0,1,0
BRDA:54,1,0,0
BRDA:54,1,1,0
BRDA:57,2,0,0
BRDA:57,2,1,0
BRDA:65,3,0,0
BRDA:65,3,1,0
BRF:8
BRH:0
end_of_record
TN:
SF:/home/travis/build/MaibornWolff/codecharta/visualization/app/codeCharta/ui/codeMap/rendering/codeMapMesh.ts
FN:46,(anonymous_0)
FN:59,(anonymous_1)
FN:63,(anonymous_2)
FN:65,(anonymous_3)
FN:78,(anonymous_4)
FN:80,(anonymous_5)
FN:93,(anonymous_6)
FN:97,(anonymous_7)
FN:101,(anonymous_8)
FN:107,(anonymous_9)
FN:113,(anonymous_10)
FN:117,(anonymous_11)
FN:122,(anonymous_12)
FN:126,(anonymous_13)
FN:143,(anonymous_14)
FN:162,(anonymous_15)
FN:173,(anonymous_16)
FN:184,(anonymous_17)
FNF:18
FNH:4
FNDA:1,(anonymous_0)
FNDA:0,(anonymous_1)
FNDA:0,(anonymous_2)
FNDA:0,(anonymous_3)
FNDA:0,(anonymous_4)
FNDA:0,(anonymous_5)
FNDA:0,(anonymous_6)
FNDA:0,(anonymous_7)
FNDA:0,(anonymous_8)
FNDA:0,(anonymous_9)
FNDA:0,(anonymous_10)
FNDA:0,(anonymous_11)
FNDA:0,(anonymous_12)
FNDA:1,(anonymous_13)
FNDA:1,(anonymous_14)
FNDA:0,(anonymous_15)
FNDA:1,(anonymous_16)
FNDA:0,(anonymous_17)
DA:44,1
DA:47,1
DA:48,1
DA:49,1
DA:51,1
DA:52,1
DA:54,1
DA:55,1
DA:56,1
DA:60,0
DA:65,0
DA:66,0
DA:69,0
DA:71,0
DA:72,0
DA:75,0
DA:80,0
DA:81,0
DA:84,0
DA:86,0
DA:87,0
DA:90,0
DA:94,0
DA:98,0
DA:103,0
DA:104,0
DA:109,0
DA:110,0
DA:114,0
DA:118,0
DA:119,0
DA:123,0
DA:127,1
DA:144,1
DA:145,0
DA:147,1
DA:150,1
DA:152,1
DA:154,1
DA:163,0
DA:167,0
DA:174,1
DA:178,1
DA:185,0
DA:186,0
DA:187,0
DA:193,0
LF:47
LH:17
BRDA:71,0,0,0
BRDA:71,0,1,0
BRDA:86,1,0,0
BRDA:86,1,1,0
BRDA:144,2,0,0
BRDA:144,2,1,1
BRF:6
BRH:1
end_of_record
TN:
SF:/home/travis/build/MaibornWolff/codecharta/visualization/app/codeCharta/ui/codeMap/rendering/codeMapShaderStrings.ts
FN:7,(anonymous_0)
FNF:1
FNH:1
FNDA:2,(anonymous_0)
DA:8,2
DA:9,2
LF:2
LH:2
BRF:0
BRH:0
end_of_record
TN:
SF:/home/travis/build/MaibornWolff/codecharta/visualization/app/codeCharta/ui/codeMap/rendering/geometryGenerator.ts
FN:28,(anonymous_0)
FN:50,(anonymous_1)
FN:52,(anonymous_2)
FN:58,(anonymous_3)
FN:69,(anonymous_4)
FN:73,(anonymous_5)
FN:92,(anonymous_6)
FN:102,(anonymous_7)
FN:140,(anonymous_8)
FN:165,(anonymous_9)
FNF:10
FNH:3
FNDA:1,(anonymous_0)
FNDA:1,(anonymous_1)
FNDA:0,(anonymous_2)
FNDA:0,(anonymous_3)
FNDA:0,(anonymous_4)
FNDA:0,(anonymous_5)
FNDA:0,(anonymous_6)
FNDA:0,(anonymous_7)
FNDA:0,(anonymous_8)
FNDA:1,(anonymous_9)
DA:24,18
DA:29,1
DA:30,1
DA:32,1
DA:34,1
DA:35,0
DA:37,0
DA:38,0
DA:40,0
DA:44,1
DA:51,1
DA:52,1
DA:53,0
DA:55,1
DA:59,0
DA:70,0
DA:74,0
DA:75,0
DA:77,0
DA:89,0
DA:93,0
DA:94,0
DA:95,0
DA:96,0
DA:98,0
DA:110,0
DA:111,0
DA:113,0
DA:115,0
DA:117,0
DA:118,0
DA:120,0
DA:121,0
DA:125,0
DA:137,0
DA:141,0
DA:143,0
DA:144,0
DA:145,0
DA:147,0
DA:148,0
DA:149,0
DA:150,0
DA:151,0
DA:152,0
DA:153,0
DA:154,0
DA:156,0
DA:159,0
DA:162,0
DA:166,1
DA:167,1
DA:168,1
DA:170,1
DA:171,1
DA:172,1
DA:173,1
DA:174,1
DA:175,1
DA:177,1
DA:178,0
DA:179,0
DA:180,0
DA:182,0
DA:183,0
DA:184,0
DA:186,0
DA:187,0
DA:189,0
DA:191,0
DA:192,0
DA:193,0
DA:195,0
DA:196,0
DA:199,1
DA:201,1
DA:202,0
DA:205,1
DA:207,1
DA:208,1
DA:209,1
DA:210,1
DA:211,1
DA:212,1
DA:214,1
DA:216,1
LF:86
LH:30
BRDA:37,0,0,0
BRDA:37,0,1,0
BRDA:70,1,0,0
BRDA:70,1,1,0
BRDA:93,2,0,0
BRDA:93,2,1,0
BRDA:95,3,0,0
BRDA:95,3,1,0
BRDA:117,4,0,0
BRDA:117,4,1,0
BRDA:117,5,0,0
BRDA:117,5,1,0
BRDA:117,5,2,0
BRDA:117,5,3,0
BRDA:120,6,0,0
BRDA:120,6,1,0
BRDA:143,7,0,0
BRDA:143,7,1,0
BRDA:144,8,0,0
BRDA:144,8,1,0
BRDA:147,9,0,0
BRDA:147,9,1,0
BRDA:147,10,0,0
BRDA:147,10,1,0
BRDA:149,11,0,0
BRDA:149,11,1,0
BRDA:151,12,0,0
BRDA:151,12,1,0
BRDA:152,13,0,0
BRDA:152,13,1,0
BRDA:153,14,0,0
BRDA:153,14,1,0
BRDA:154,15,0,0
BRDA:154,15,1,0
BRF:34
BRH:0
end_of_record
TN:
SF:/home/travis/build/MaibornWolff/codecharta/visualization/app/codeCharta/ui/codeMap/rendering/intermediateVertexData.ts
FN:13,(anonymous_0)
FN:24,(anonymous_1)
FN:42,(anonymous_2)
FNF:3
FNH:3
FNDA:3,(anonymous_0)
FNDA:1,(anonymous_1)
FNDA:2,(anonymous_2)
DA:14,3
DA:15,3
DA:16,3
DA:17,3
DA:18,3
DA:19,3
DA:21,3
DA:32,1
DA:33,1
DA:34,1
DA:35,1
DA:36,1
DA:37,1
DA:39,1
DA:43,2
LF:15
LH:15
BRF:0
BRH:0
end_of_record
TN:
SF:/home/travis/build/MaibornWolff/codecharta/visualization/app/codeCharta/ui/codeMap/threeViewer/threeCameraService.ts
FN:26,(anonymous_0)
FN:19,(anonymous_1)
FN:28,(anonymous_2)
FN:35,(anonymous_3)
FN:39,(anonymous_4)
FN:47,(anonymous_5)
FNF:6
FNH:6
FNDA:221,(anonymous_0)
FNDA:1,(anonymous_1)
FNDA:3,(anonymous_2)
FNDA:1,(anonymous_3)
FNDA:4,(anonymous_4)
FNDA:1,(anonymous_5)
DA:12,24
DA:13,24
DA:14,24
DA:17,221
DA:19,221
DA:20,1
DA:26,221
DA:29,3
DA:30,2
DA:31,2
DA:36,1
DA:40,4
DA:41,4
DA:42,4
DA:43,4
DA:44,4
DA:48,1
LF:17
LH:17
BRDA:29,0,0,2
BRDA:29,0,1,1
BRF:2
BRH:2
end_of_record
TN:
SF:/home/travis/build/MaibornWolff/codecharta/visualization/app/codeCharta/ui/codeMap/threeViewer/threeOrbitControlsService.ts
FN:23,(anonymous_0)
FN:29,(anonymous_1)
FN:35,(anonymous_2)
FN:52,(anonymous_3)
FN:56,(anonymous_4)
FN:60,(anonymous_5)
FN:79,(anonymous_6)
FN:82,(anonymous_7)
FN:87,(anonymous_8)
FN:91,(anonymous_9)
FN:92,(anonymous_10)
FNF:11
FNH:7
FNDA:170,(anonymous_0)
FNDA:1,(anonymous_1)
FNDA:1,(anonymous_2)
FNDA:1,(anonymous_3)
FNDA:1,(anonymous_4)
FNDA:1,(anonymous_5)
FNDA:0,(anonymous_6)
FNDA:0,(anonymous_7)
FNDA:0,(anonymous_8)
FNDA:114,(anonymous_9)
FNDA:0,(anonymous_10)
DA:16,24
DA:24,170
DA:25,170
DA:26,170
DA:30,1
DA:31,1
DA:32,1
DA:36,1
DA:38,1
DA:40,1
DA:42,1
DA:44,1
DA:45,1
DA:46,1
DA:48,1
DA:49,1
DA:53,1
DA:57,1
DA:61,1
DA:63,1
DA:64,1
DA:65,1
DA:66,1
DA:68,1
DA:69,1
DA:71,1
DA:72,1
DA:73,1
DA:74,1
DA:76,1
DA:80,0
DA:81,0
DA:82,0
DA:83,0
DA:88,0
DA:92,114
DA:93,0
LF:37
LH:31
BRDA:60,0,0,0
BRF:1
BRH:0
end_of_record
TN:
SF:/home/travis/build/MaibornWolff/codecharta/visualization/app/codeCharta/ui/codeMap/threeViewer/threeRendererService.ts
FN:24,(anonymous_0)
FN:26,(anonymous_1)
FN:34,(anonymous_2)
FN:42,(anonymous_3)
FNF:4
FNH:1
FNDA:60,(anonymous_0)
FNDA:0,(anonymous_1)
FNDA:0,(anonymous_2)
FNDA:0,(anonymous_3)
DA:8,24
DA:13,24
DA:15,24
DA:17,24
DA:24,60
DA:27,0
DA:28,0
DA:29,0
DA:30,0
DA:31,0
DA:35,0
DA:36,0
DA:38,0
DA:43,0
DA:44,0
LF:15
LH:5
BRDA:35,0,0,0
BRDA:35,0,1,0
BRF:2
BRH:0
end_of_record
TN:
SF:/home/travis/build/MaibornWolff/codecharta/visualization/app/codeCharta/ui/codeMap/threeViewer/threeSceneService.ts
FN:17,(anonymous_0)
FN:33,(anonymous_1)
FN:60,(anonymous_2)
FN:74,(anonymous_3)
FNF:4
FNH:2
FNDA:222,(anonymous_0)
FNDA:222,(anonymous_1)
FNDA:0,(anonymous_2)
FNDA:0,(anonymous_3)
DA:18,222
DA:20,222
DA:21,222
DA:22,222
DA:23,222
DA:25,222
DA:27,222
DA:28,222
DA:29,222
DA:30,222
DA:34,222
DA:35,222
DA:36,222
DA:37,222
DA:38,222
DA:39,222
DA:40,222
DA:41,222
DA:42,222
DA:43,222
DA:45,222
DA:46,222
DA:47,222
DA:48,222
DA:49,222
DA:50,222
DA:51,222
DA:52,222
DA:53,222
DA:55,222
DA:56,222
DA:57,222
DA:61,0
DA:63,0
DA:64,0
DA:67,0
DA:68,0
DA:69,0
DA:71,0
DA:75,0
LF:40
LH:32
BRF:0
BRH:0
end_of_record
TN:
SF:/home/travis/build/MaibornWolff/codecharta/visualization/app/codeCharta/ui/codeMap/threeViewer/threeUpdateCycleService.ts
FN:4,(anonymous_0)
FN:7,(anonymous_1)
FN:14,(anonymous_2)
FN:15,(anonymous_3)
FNF:4
FNH:4
FNDA:62,(anonymous_0)
FNDA:41,(anonymous_1)
FNDA:1,(anonymous_2)
FNDA:2,(anonymous_3)
DA:5,62
DA:8,41
DA:15,1
DA:16,2
LF:4
LH:4
BRF:0
BRH:0
end_of_record
TN:
SF:/home/travis/build/MaibornWolff/codecharta/visualization/app/codeCharta/ui/codeMap/threeViewer/threeViewer.module.ts
FNF:0
FNH:0
DA:12,24
LF:1
LH:1
BRF:0
BRH:0
end_of_record
TN:
SF:/home/travis/build/MaibornWolff/codecharta/visualization/app/codeCharta/ui/codeMap/threeViewer/threeViewerService.ts
FN:14,(anonymous_0)
FN:27,(anonymous_1)
FN:58,(anonymous_2)
FN:66,(anonymous_3)
FN:72,(anonymous_4)
FN:81,(anonymous_5)
FNF:6
FNH:6
FNDA:24,(anonymous_0)
FNDA:8,(anonymous_1)
FNDA:4,(anonymous_2)
FNDA:2,(anonymous_3)
FNDA:2,(anonymous_4)
FNDA:3,(anonymous_5)
DA:15,24
DA:16,24
DA:17,24
DA:18,24
DA:19,24
DA:20,24
DA:28,8
DA:36,8
DA:38,8
DA:41,8
DA:44,8
DA:47,8
DA:50,8
DA:51,8
DA:52,8
DA:59,4
DA:61,4
DA:62,4
DA:63,4
DA:67,2
DA:68,1
DA:73,2
DA:74,1
DA:82,3
DA:83,3
DA:84,3
DA:85,3
LF:27
LH:27
BRDA:67,0,0,1
BRDA:67,0,1,1
BRDA:73,1,0,1
BRDA:73,1,1,1
BRF:4
BRH:4
end_of_record
TN:
SF:/home/travis/build/MaibornWolff/codecharta/visualization/app/codeCharta/ui/colorSettingsPanel/colorSettingsPanel.component.ts
FN:27,(anonymous_0)
FN:33,(anonymous_1)
FN:49,(anonymous_2)
FN:53,(anonymous_3)
FN:55,(anonymous_4)
FN:65,(anonymous_5)
FN:67,(anonymous_6)
FN:81,(anonymous_7)
FN:82,(anonymous_8)
FN:85,(anonymous_9)
FNF:10
FNH:8
FNDA:18,(anonymous_0)
FNDA:6,(anonymous_1)
FNDA:2,(anonymous_2)
FNDA:0,(anonymous_3)
FNDA:3,(anonymous_4)
FNDA:0,(anonymous_5)
FNDA:1,(anonymous_6)
FNDA:1,(anonymous_7)
FNDA:1,(anonymous_8)
FNDA:7,(anonymous_9)
DA:11,18
DA:12,18
DA:14,18
DA:27,18
DA:28,18
DA:29,18
DA:30,18
DA:34,6
DA:35,6
DA:37,6
DA:41,5
DA:42,5
DA:43,5
DA:44,1
DA:45,1
DA:50,2
DA:56,3
DA:59,3
DA:60,2
DA:61,2
DA:68,1
DA:82,1
DA:86,7
DA:87,7
DA:88,7
DA:90,7
DA:102,19
LF:27
LH:27
BRDA:37,0,0,5
BRDA:37,0,1,1
BRDA:38,1,0,6
BRDA:38,1,1,1
BRDA:38,1,2,5
BRDA:44,2,0,1
BRDA:44,2,1,0
BRDA:59,3,0,2
BRDA:59,3,1,1
BRDA:86,4,0,3
BRDA:86,4,1,4
BRF:11
BRH:10
end_of_record
TN:
SF:/home/travis/build/MaibornWolff/codecharta/visualization/app/codeCharta/ui/colorSettingsPanel/colorSettingsPanel.module.ts
FNF:0
FNH:0
DA:7,19
LF:1
LH:1
BRF:0
BRH:0
end_of_record
TN:
SF:/home/travis/build/MaibornWolff/codecharta/visualization/app/codeCharta/ui/detailPanel/detailPanel.component.ts
FN:88,(anonymous_0)
FN:99,(anonymous_1)
FN:100,(anonymous_2)
FN:103,(anonymous_3)
FN:105,(anonymous_4)
FN:109,(anonymous_5)
FN:113,(anonymous_6)
FN:115,(anonymous_7)
FN:122,(anonymous_8)
FN:130,(anonymous_9)
FN:138,(anonymous_10)
FN:146,(anonymous_11)
FN:154,(anonymous_12)
FN:156,(anonymous_13)
FN:178,(anonymous_14)
FN:180,(anonymous_15)
FN:200,(anonymous_16)
FN:201,(anonymous_17)
FN:208,(anonymous_18)
FN:209,(anonymous_19)
FN:216,(anonymous_20)
FNF:21
FNH:10
FNDA:14,(anonymous_0)
FNDA:0,(anonymous_1)
FNDA:0,(anonymous_2)
FNDA:0,(anonymous_3)
FNDA:1,(anonymous_4)
FNDA:1,(anonymous_5)
FNDA:0,(anonymous_6)
FNDA:1,(anonymous_7)
FNDA:4,(anonymous_8)
FNDA:4,(anonymous_9)
FNDA:3,(anonymous_10)
FNDA:3,(anonymous_11)
FNDA:1,(anonymous_12)
FNDA:0,(anonymous_13)
FNDA:1,(anonymous_14)
FNDA:0,(anonymous_15)
FNDA:0,(anonymous_16)
FNDA:0,(anonymous_17)
FNDA:0,(anonymous_18)
FNDA:0,(anonymous_19)
FNDA:0,(anonymous_20)
DA:43,14
DA:89,14
DA:90,14
DA:91,14
DA:92,14
DA:94,14
DA:95,14
DA:96,14
DA:100,0
DA:106,1
DA:110,1
DA:116,1
DA:117,1
DA:118,1
DA:119,1
DA:123,4
DA:124,2
DA:126,2
DA:131,4
DA:132,2
DA:134,2
DA:139,3
DA:140,1
DA:142,2
DA:147,3
DA:148,1
DA:150,2
DA:155,1
DA:156,1
DA:157,0
DA:158,0
DA:159,0
DA:160,0
DA:161,0
DA:162,0
DA:165,0
DA:166,0
DA:167,0
DA:168,0
DA:169,0
DA:172,0
DA:173,0
DA:174,0
DA:179,1
DA:180,1
DA:181,0
DA:182,0
DA:183,0
DA:184,0
DA:185,0
DA:186,0
DA:188,0
DA:189,0
DA:190,0
DA:191,0
DA:192,0
DA:194,0
DA:195,0
DA:196,0
DA:201,0
DA:202,0
DA:203,0
DA:209,0
DA:210,0
DA:211,0
DA:217,0
DA:225,18
LF:67
LH:31
BRDA:123,0,0,2
BRDA:123,0,1,2
BRDA:123,1,0,4
BRDA:123,1,1,2
BRDA:131,2,0,2
BRDA:131,2,1,2
BRDA:131,3,0,4
BRDA:131,3,1,2
BRDA:139,4,0,1
BRDA:139,4,1,2
BRDA:139,5,0,3
BRDA:139,5,1,3
BRDA:147,6,0,1
BRDA:147,6,1,2
BRDA:147,7,0,3
BRDA:147,7,1,3
BRDA:158,8,0,0
BRDA:158,8,1,0
BRDA:165,9,0,0
BRDA:165,9,1,0
BRDA:165,10,0,0
BRDA:165,10,1,0
BRDA:182,11,0,0
BRDA:182,11,1,0
BRDA:188,12,0,0
BRDA:188,12,1,0
BRDA:188,13,0,0
BRDA:188,13,1,0
BRF:28
BRH:16
end_of_record
TN:
SF:/home/travis/build/MaibornWolff/codecharta/visualization/app/codeCharta/ui/detailPanel/detailPanel.module.ts
FNF:0
FNH:0
DA:8,18
DA:10,18
LF:2
LH:2
BRF:0
BRH:0
end_of_record
TN:
SF:/home/travis/build/MaibornWolff/codecharta/visualization/app/codeCharta/ui/dialog/dialog.module.ts
FNF:0
FNH:0
DA:8,18
DA:10,18
LF:2
LH:2
BRF:0
BRH:0
end_of_record
TN:
SF:/home/travis/build/MaibornWolff/codecharta/visualization/app/codeCharta/ui/dialog/dialog.service.ts
FN:5,(anonymous_0)
FN:7,(anonymous_1)
FN:11,(anonymous_2)
FN:15,(anonymous_3)
FN:26,(anonymous_4)
FNF:5
FNH:1
FNDA:18,(anonymous_0)
FNDA:0,(anonymous_1)
FNDA:0,(anonymous_2)
FNDA:0,(anonymous_3)
FNDA:0,(anonymous_4)
DA:5,18
DA:8,0
DA:12,0
DA:16,0
DA:33,0
DA:41,0
LF:6
LH:1
BRDA:15,0,0,0
BRDA:15,1,0,0
BRDA:15,2,0,0
BRDA:29,3,0,0
BRDA:30,4,0,0
BRDA:31,5,0,0
BRF:6
BRH:0
end_of_record
TN:
SF:/home/travis/build/MaibornWolff/codecharta/visualization/app/codeCharta/ui/dialog/errorDialog.po.ts
FN:2,(anonymous_6)
FN:4,(anonymous_7)
FN:5,(anonymous_9)
FN:8,(anonymous_10)
FNF:4
FNH:0
FNDA:0,(anonymous_6)
FNDA:0,(anonymous_7)
FNDA:0,(anonymous_9)
FNDA:0,(anonymous_10)
DA:2,0
DA:5,0
DA:9,0
DA:10,0
LF:4
LH:0
BRF:0
BRH:0
end_of_record
TN:
SF:/home/travis/build/MaibornWolff/codecharta/visualization/app/codeCharta/ui/dialog/queryParam.dialog.ts
FN:2,(anonymous_0)
FN:4,(anonymous_1)
FNF:2
FNH:0
FNDA:0,(anonymous_0)
FNDA:0,(anonymous_1)
DA:2,0
DA:5,0
DA:9,18
LF:3
LH:1
BRF:0
BRH:0
end_of_record
TN:
SF:/home/travis/build/MaibornWolff/codecharta/visualization/app/codeCharta/ui/experimentalSettingsPanel/experimentalSettingsPanel.component.ts
FNF:0
FNH:0
DA:5,18
LF:1
LH:1
BRF:0
BRH:0
end_of_record
TN:
SF:/home/travis/build/MaibornWolff/codecharta/visualization/app/codeCharta/ui/experimentalSettingsPanel/experimentalSettingsPanel.module.ts
FNF:0
FNH:0
DA:8,18
LF:1
LH:1
BRF:0
BRH:0
end_of_record
TN:
SF:/home/travis/build/MaibornWolff/codecharta/visualization/app/codeCharta/ui/fileChooser/fileChooser.component.ts
FN:17,(anonymous_0)
FN:25,(anonymous_1)
FN:26,(anonymous_2)
FN:30,(anonymous_3)
FN:33,(anonymous_4)
FN:41,(anonymous_5)
FN:47,(anonymous_6)
FN:54,(anonymous_7)
FN:62,(anonymous_8)
FNF:9
FNH:4
FNDA:4,(anonymous_0)
FNDA:2,(anonymous_1)
FNDA:0,(anonymous_2)
FNDA:0,(anonymous_3)
FNDA:0,(anonymous_4)
FNDA:2,(anonymous_5)
FNDA:0,(anonymous_6)
FNDA:2,(anonymous_7)
FNDA:0,(anonymous_8)
DA:18,4
DA:19,4
DA:20,4
DA:21,4
DA:22,4
DA:26,2
DA:27,0
DA:28,0
DA:29,0
DA:30,0
DA:31,0
DA:33,0
DA:34,0
DA:36,0
DA:42,2
DA:47,2
DA:48,0
DA:49,0
DA:50,0
DA:55,2
DA:56,2
DA:58,1
DA:63,0
DA:67,18
LF:24
LH:12
BRF:0
BRH:0
end_of_record
TN:
SF:/home/travis/build/MaibornWolff/codecharta/visualization/app/codeCharta/ui/fileChooser/fileChooser.directive.ts
FN:3,(anonymous_0)
FN:15,(anonymous_1)
FNF:2
FNH:0
FNDA:0,(anonymous_0)
FNDA:0,(anonymous_1)
DA:4,0
DA:5,0
DA:6,0
DA:7,0
DA:8,0
DA:9,0
DA:10,0
DA:16,0
LF:8
LH:0
BRF:0
BRH:0
end_of_record
TN:
SF:/home/travis/build/MaibornWolff/codecharta/visualization/app/codeCharta/ui/fileChooser/fileChooser.module.ts
FN:12,(anonymous_0)
FNF:1
FNH:0
FNDA:0,(anonymous_0)
DA:8,18
DA:10,18
DA:12,18
LF:3
LH:3
BRF:0
BRH:0
end_of_record
TN:
SF:/home/travis/build/MaibornWolff/codecharta/visualization/app/codeCharta/ui/heightSettingsPanel/heightSettingsPanel.component.ts
FN:22,(anonymous_0)
FN:27,(anonymous_1)
FN:33,(anonymous_2)
FN:37,(anonymous_3)
FN:39,(anonymous_4)
FNF:5
FNH:4
FNDA:10,(anonymous_0)
FNDA:3,(anonymous_1)
FNDA:2,(anonymous_2)
FNDA:0,(anonymous_3)
FNDA:1,(anonymous_4)
DA:9,10
DA:22,10
DA:23,10
DA:24,10
DA:28,3
DA:29,3
DA:30,3
DA:34,2
DA:40,1
DA:52,19
LF:10
LH:10
BRF:0
BRH:0
end_of_record
TN:
SF:/home/travis/build/MaibornWolff/codecharta/visualization/app/codeCharta/ui/heightSettingsPanel/heightSettingsPanel.module.ts
FNF:0
FNH:0
DA:5,19
LF:1
LH:1
BRF:0
BRH:0
end_of_record
TN:
SF:/home/travis/build/MaibornWolff/codecharta/visualization/app/codeCharta/ui/layoutSwitcher/layoutSwitcher.component.ts
FN:12,(anonymous_0)
FN:13,(anonymous_1)
FN:23,(anonymous_2)
FNF:3
FNH:0
FNDA:0,(anonymous_0)
FNDA:0,(anonymous_1)
FNDA:0,(anonymous_2)
DA:2,18
DA:4,0
DA:9,0
DA:12,0
DA:13,0
DA:14,0
DA:16,0
DA:24,0
DA:28,18
LF:9
LH:2
BRF:0
BRH:0
end_of_record
TN:
SF:/home/travis/build/MaibornWolff/codecharta/visualization/app/codeCharta/ui/layoutSwitcher/layoutSwitcher.module.ts
FNF:0
FNH:0
DA:6,18
LF:1
LH:1
BRF:0
BRH:0
end_of_record
TN:
SF:/home/travis/build/MaibornWolff/codecharta/visualization/app/codeCharta/ui/legendPanel/legendPanel.component.ts
FN:28,(anonymous_0)
FN:33,(anonymous_1)
FN:48,(anonymous_2)
FN:59,(anonymous_3)
FN:70,(anonymous_4)
FN:74,(anonymous_5)
FN:78,(anonymous_6)
FN:93,(anonymous_7)
FN:97,(anonymous_8)
FN:98,(anonymous_9)
FN:101,(anonymous_10)
FN:102,(anonymous_11)
FN:105,(anonymous_12)
FN:123,(anonymous_13)
FN:128,(anonymous_14)
FN:129,(anonymous_15)
FN:133,(anonymous_16)
FNF:17
FNH:11
FNDA:3,(anonymous_0)
FNDA:3,(anonymous_1)
FNDA:3,(anonymous_2)
FNDA:0,(anonymous_3)
FNDA:3,(anonymous_4)
FNDA:3,(anonymous_5)
FNDA:3,(anonymous_6)
FNDA:3,(anonymous_7)
FNDA:0,(anonymous_8)
FNDA:0,(anonymous_9)
FNDA:3,(anonymous_10)
FNDA:0,(anonymous_11)
FNDA:3,(anonymous_12)
FNDA:3,(anonymous_13)
FNDA:3,(anonymous_14)
FNDA:0,(anonymous_15)
FNDA:0,(anonymous_16)
DA:17,3
DA:28,3
DA:29,3
DA:30,3
DA:34,3
DA:35,3
DA:37,3
DA:38,3
DA:40,3
DA:41,0
DA:43,3
DA:45,3
DA:49,3
DA:52,3
DA:53,3
DA:54,3
DA:55,3
DA:56,3
DA:60,0
DA:63,0
DA:66,0
DA:67,0
DA:71,3
DA:72,3
DA:73,3
DA:74,3
DA:79,3
DA:81,3
DA:82,3
DA:85,3
DA:86,0
DA:88,3
DA:89,3
DA:94,3
DA:98,0
DA:102,3
DA:106,3
DA:107,3
DA:109,3
DA:110,1
DA:111,2
DA:112,1
DA:113,1
DA:114,1
DA:116,1
DA:117,1
DA:118,1
DA:119,1
DA:124,3
DA:125,3
DA:129,3
DA:130,0
DA:131,0
DA:132,0
DA:133,0
DA:134,0
DA:135,0
DA:141,18
LF:58
LH:45
BRDA:40,0,0,0
BRDA:40,0,1,3
BRDA:50,1,0,3
BRDA:50,1,1,0
BRDA:61,2,0,0
BRDA:61,2,1,0
BRDA:64,3,0,0
BRDA:64,3,1,0
BRDA:72,4,0,3
BRDA:72,4,1,0
BRDA:81,5,0,3
BRDA:81,5,1,0
BRDA:85,6,0,0
BRDA:85,6,1,3
BRDA:109,7,0,1
BRDA:109,7,1,2
BRDA:109,8,0,3
BRDA:109,8,1,2
BRDA:111,9,0,1
BRDA:111,9,1,1
BRDA:118,10,0,1
BRDA:118,10,1,0
BRDA:134,11,0,0
BRDA:134,11,1,0
BRF:24
BRH:12
end_of_record
TN:
SF:/home/travis/build/MaibornWolff/codecharta/visualization/app/codeCharta/ui/legendPanel/legendPanel.module.ts
FNF:0
FNH:0
DA:8,18
DA:10,18
LF:2
LH:2
BRF:0
BRH:0
end_of_record
TN:
SF:/home/travis/build/MaibornWolff/codecharta/visualization/app/codeCharta/ui/loadingGif/loadingGif.component.ts
FN:15,(anonymous_0)
FN:19,(anonymous_1)
FN:24,(anonymous_2)
FN:29,(anonymous_3)
FN:30,(anonymous_4)
FNF:5
FNH:4
FNDA:10,(anonymous_0)
FNDA:2,(anonymous_1)
FNDA:2,(anonymous_2)
FNDA:4,(anonymous_3)
FNDA:0,(anonymous_4)
DA:6,10
DA:15,10
DA:16,10
DA:20,2
DA:21,2
DA:25,2
DA:26,2
DA:30,4
DA:34,33
DA:40,33
LF:10
LH:10
BRF:0
BRH:0
end_of_record
TN:
SF:/home/travis/build/MaibornWolff/codecharta/visualization/app/codeCharta/ui/loadingGif/loadingGif.module.ts
FNF:0
FNH:0
DA:7,33
LF:1
LH:1
BRF:0
BRH:0
end_of_record
TN:
SF:/home/travis/build/MaibornWolff/codecharta/visualization/app/codeCharta/ui/loadingGif/loadingGif.service.ts
FN:16,(anonymous_0)
FN:18,(anonymous_1)
FN:23,(anonymous_2)
FN:28,(anonymous_3)
FN:32,(anonymous_4)
FN:36,(anonymous_5)
FN:37,(anonymous_6)
FN:40,(anonymous_7)
FNF:8
FNH:6
FNDA:379,(anonymous_0)
FNDA:17,(anonymous_1)
FNDA:13,(anonymous_2)
FNDA:17,(anonymous_3)
FNDA:13,(anonymous_4)
FNDA:4,(anonymous_5)
FNDA:0,(anonymous_6)
FNDA:0,(anonymous_7)
DA:10,34
DA:11,34
DA:13,379
DA:14,379
DA:16,379
DA:19,17
DA:20,17
DA:24,13
DA:25,13
DA:29,17
DA:33,13
DA:37,4
DA:38,0
DA:40,4
DA:41,0
LF:15
LH:13
BRF:0
BRH:0
end_of_record
TN:
SF:/home/travis/build/MaibornWolff/codecharta/visualization/app/codeCharta/ui/mapTreeView/mapTreeView.component.ts
FN:13,(anonymous_0)
FN:17,(anonymous_1)
FNF:2
FNH:0
FNDA:0,(anonymous_0)
FNDA:0,(anonymous_1)
DA:6,0
DA:13,0
DA:14,0
DA:18,0
DA:22,18
LF:5
LH:1
BRF:0
BRH:0
end_of_record
TN:
SF:/home/travis/build/MaibornWolff/codecharta/visualization/app/codeCharta/ui/mapTreeView/mapTreeView.level.component.ts
FN:31,(anonymous_0)
FN:39,(anonymous_1)
FN:46,(anonymous_2)
FN:54,(anonymous_3)
FN:56,(anonymous_4)
FN:58,(anonymous_5)
FN:62,(anonymous_6)
FN:66,(anonymous_7)
FN:71,(anonymous_8)
FN:75,(anonymous_9)
FN:79,(anonymous_10)
FN:83,(anonymous_11)
FN:87,(anonymous_12)
FN:94,(anonymous_13)
FN:96,(anonymous_14)
FN:101,(anonymous_15)
FN:105,(anonymous_16)
FN:106,(anonymous_17)
FN:107,(anonymous_18)
FNF:19
FNH:15
FNDA:28,(anonymous_0)
FNDA:3,(anonymous_1)
FNDA:3,(anonymous_2)
FNDA:0,(anonymous_3)
FNDA:0,(anonymous_4)
FNDA:2,(anonymous_5)
FNDA:2,(anonymous_6)
FNDA:1,(anonymous_7)
FNDA:2,(anonymous_8)
FNDA:1,(anonymous_9)
FNDA:1,(anonymous_10)
FNDA:2,(anonymous_11)
FNDA:2,(anonymous_12)
FNDA:3,(anonymous_13)
FNDA:3,(anonymous_14)
FNDA:2,(anonymous_15)
FNDA:6,(anonymous_16)
FNDA:0,(anonymous_17)
FNDA:0,(anonymous_18)
DA:20,28
DA:22,28
DA:32,28
DA:33,28
DA:34,28
DA:36,28
DA:41,3
DA:42,3
DA:43,3
DA:47,3
DA:48,1
DA:50,2
DA:59,2
DA:63,2
DA:67,1
DA:68,1
DA:72,2
DA:76,1
DA:80,1
DA:84,2
DA:88,2
DA:89,1
DA:91,1
DA:95,3
DA:96,3
DA:98,1
DA:102,2
DA:106,6
DA:107,6
DA:111,19
LF:30
LH:30
BRDA:43,0,0,1
BRDA:43,0,1,2
BRDA:47,1,0,1
BRDA:47,1,1,2
BRDA:47,2,0,3
BRDA:47,2,1,2
BRDA:47,2,2,2
BRDA:47,2,3,2
BRDA:47,2,4,2
BRDA:83,3,0,1
BRDA:84,4,0,2
BRDA:84,4,1,2
BRDA:84,4,2,1
BRDA:88,5,0,1
BRDA:88,5,1,1
BRDA:95,6,0,2
BRDA:95,6,1,1
BRDA:95,7,0,3
BRDA:95,7,1,2
BRDA:102,8,0,1
BRDA:102,8,1,1
BRDA:102,9,0,2
BRDA:102,9,1,2
BRDA:102,9,2,1
BRF:24
BRH:24
end_of_record
TN:
SF:/home/travis/build/MaibornWolff/codecharta/visualization/app/codeCharta/ui/mapTreeView/mapTreeView.module.ts
FN:15,(anonymous_0)
FN:16,(anonymous_1)
FN:18,(anonymous_2)
FN:19,(anonymous_3)
FNF:4
FNH:0
FNDA:0,(anonymous_0)
FNDA:0,(anonymous_1)
FNDA:0,(anonymous_2)
FNDA:0,(anonymous_3)
DA:11,18
DA:16,0
DA:17,0
DA:18,0
DA:19,0
DA:20,0
DA:21,0
LF:7
LH:1
BRF:0
BRH:0
end_of_record
TN:
SF:/home/travis/build/MaibornWolff/codecharta/visualization/app/codeCharta/ui/mapTreeViewSearch/mapTreeViewSearch.component.ts
FN:31,(anonymous_0)
FN:41,(anonymous_1)
FN:45,(anonymous_2)
FN:47,(anonymous_3)
FN:56,(anonymous_4)
FN:61,(anonymous_5)
FN:69,(anonymous_6)
FN:74,(anonymous_7)
FN:78,(anonymous_8)
FN:85,(anonymous_9)
FN:90,(anonymous_10)
FN:99,(anonymous_11)
FN:100,(anonymous_12)
FN:103,(anonymous_13)
FN:104,(anonymous_14)
FN:107,(anonymous_15)
FN:108,(anonymous_16)
FN:111,(anonymous_17)
FN:114,(anonymous_18)
FNF:19
FNH:13
FNDA:11,(anonymous_0)
FNDA:1,(anonymous_1)
FNDA:0,(anonymous_2)
FNDA:0,(anonymous_3)
FNDA:1,(anonymous_4)
FNDA:3,(anonymous_5)
FNDA:2,(anonymous_6)
FNDA:3,(anonymous_7)
FNDA:0,(anonymous_8)
FNDA:0,(anonymous_9)
FNDA:4,(anonymous_10)
FNDA:1,(anonymous_11)
FNDA:5,(anonymous_12)
FNDA:8,(anonymous_13)
FNDA:9,(anonymous_14)
FNDA:8,(anonymous_15)
FNDA:2,(anonymous_16)
FNDA:0,(anonymous_17)
FNDA:0,(anonymous_18)
DA:12,11
DA:28,11
DA:32,11
DA:33,11
DA:34,11
DA:35,11
DA:37,11
DA:38,11
DA:42,1
DA:48,0
DA:49,0
DA:50,0
DA:52,0
DA:53,0
DA:57,1
DA:58,1
DA:62,3
DA:70,2
DA:71,2
DA:75,3
DA:79,0
DA:80,0
DA:82,0
DA:85,0
DA:86,0
DA:91,4
DA:92,4
DA:94,4
DA:95,4
DA:96,4
DA:100,5
DA:104,9
DA:108,8
DA:112,0
DA:114,0
DA:120,18
LF:36
LH:24
BRDA:48,0,0,0
BRDA:48,0,1,0
BRDA:75,1,0,3
BRDA:75,1,1,3
BRDA:79,2,0,0
BRDA:79,2,1,0
BRDA:100,3,0,5
BRDA:100,3,1,2
BRDA:104,4,0,9
BRDA:104,4,1,8
BRDA:114,5,0,0
BRDA:114,5,1,0
BRF:12
BRH:6
end_of_record
TN:
SF:/home/travis/build/MaibornWolff/codecharta/visualization/app/codeCharta/ui/mapTreeViewSearch/mapTreeViewSearch.module.ts
FNF:0
FNH:0
DA:8,18
LF:1
LH:1
BRF:0
BRH:0
end_of_record
TN:
SF:/home/travis/build/MaibornWolff/codecharta/visualization/app/codeCharta/ui/metricChooser/metricChooser.component.ts
FN:35,(anonymous_0)
FN:41,(anonymous_1)
FN:45,(anonymous_2)
FN:50,(anonymous_3)
FN:52,(anonymous_4)
FN:64,(anonymous_5)
FN:70,(anonymous_6)
FN:72,(anonymous_7)
FN:82,(anonymous_8)
FN:88,(anonymous_9)
FN:97,(anonymous_10)
FN:106,(anonymous_11)
FN:114,(anonymous_12)
FN:116,(anonymous_13)
FN:144,(anonymous_14)
FN:146,(anonymous_15)
FNF:16
FNH:13
FNDA:16,(anonymous_0)
FNDA:1,(anonymous_1)
FNDA:5,(anonymous_2)
FNDA:0,(anonymous_3)
FNDA:5,(anonymous_4)
FNDA:5,(anonymous_5)
FNDA:30,(anonymous_6)
FNDA:19,(anonymous_7)
FNDA:1,(anonymous_8)
FNDA:1,(anonymous_9)
FNDA:1,(anonymous_10)
FNDA:1,(anonymous_11)
FNDA:0,(anonymous_12)
FNDA:7,(anonymous_13)
FNDA:0,(anonymous_14)
FNDA:4,(anonymous_15)
DA:22,16
DA:35,16
DA:36,16
DA:37,16
DA:38,16
DA:42,1
DA:46,5
DA:47,5
DA:53,5
DA:58,5
DA:59,5
DA:60,3
DA:65,5
DA:67,5
DA:68,5
DA:69,15
DA:70,30
DA:72,19
DA:74,9
DA:77,15
DA:79,5
DA:83,1
DA:84,1
DA:85,1
DA:89,1
DA:98,1
DA:107,1
DA:117,7
DA:118,6
DA:119,6
DA:120,6
DA:122,6
DA:123,4
DA:124,4
DA:125,4
DA:127,4
DA:129,2
DA:130,2
DA:131,2
DA:132,2
DA:135,1
DA:136,1
DA:137,1
DA:138,1
DA:139,1
DA:140,1
DA:147,4
DA:152,4
DA:153,3
DA:154,1
DA:155,0
DA:157,1
DA:162,19
DA:168,19
DA:174,19
LF:55
LH:54
BRDA:59,0,0,3
BRDA:59,0,1,2
BRDA:72,1,0,9
BRDA:72,1,1,6
BRDA:72,2,0,15
BRDA:72,2,1,12
BRDA:117,3,0,6
BRDA:117,3,1,1
BRDA:117,4,0,7
BRDA:117,4,1,7
BRDA:117,4,2,7
BRDA:117,4,3,6
BRDA:122,5,0,4
BRDA:122,5,1,2
BRDA:152,6,0,3
BRDA:152,6,1,1
BRDA:154,7,0,0
BRDA:154,7,1,1
BRF:18
BRH:17
end_of_record
TN:
SF:/home/travis/build/MaibornWolff/codecharta/visualization/app/codeCharta/ui/metricChooser/metricChooser.module.ts
FNF:0
FNH:0
DA:5,19
DA:7,19
LF:2
LH:2
BRF:0
BRH:0
end_of_record
TN:
SF:/home/travis/build/MaibornWolff/codecharta/visualization/app/codeCharta/ui/nodeContextMenu/nodeContextMenu.component.ts
FN:25,(anonymous_0)
FN:34,(anonymous_1)
FN:37,(anonymous_2)
FN:41,(anonymous_3)
FN:45,(anonymous_4)
FN:46,(anonymous_5)
FN:52,(anonymous_6)
FN:63,(anonymous_7)
FN:72,(anonymous_8)
FN:77,(anonymous_9)
FN:82,(anonymous_10)
FN:87,(anonymous_11)
FN:95,(anonymous_12)
FN:107,(anonymous_13)
FN:110,(anonymous_14)
FN:113,(anonymous_15)
FN:116,(anonymous_16)
FN:119,(anonymous_17)
FN:122,(anonymous_18)
FN:125,(anonymous_19)
FN:130,(anonymous_20)
FN:135,(anonymous_21)
FN:140,(anonymous_22)
FN:141,(anonymous_23)
FN:146,(anonymous_24)
FN:151,(anonymous_25)
FN:156,(anonymous_26)
FN:161,(anonymous_27)
FN:166,(anonymous_28)
FN:174,(anonymous_29)
FN:178,(anonymous_30)
FNF:31
FNH:29
FNDA:37,(anonymous_0)
FNDA:1,(anonymous_1)
FNDA:1,(anonymous_2)
FNDA:0,(anonymous_3)
FNDA:1,(anonymous_4)
FNDA:1,(anonymous_5)
FNDA:1,(anonymous_6)
FNDA:4,(anonymous_7)
FNDA:0,(anonymous_8)
FNDA:1,(anonymous_9)
FNDA:1,(anonymous_10)
FNDA:2,(anonymous_11)
FNDA:7,(anonymous_12)
FNDA:3,(anonymous_13)
FNDA:3,(anonymous_14)
FNDA:2,(anonymous_15)
FNDA:2,(anonymous_16)
FNDA:1,(anonymous_17)
FNDA:1,(anonymous_18)
FNDA:1,(anonymous_19)
FNDA:1,(anonymous_20)
FNDA:1,(anonymous_21)
FNDA:3,(anonymous_22)
FNDA:3,(anonymous_23)
FNDA:1,(anonymous_24)
FNDA:1,(anonymous_25)
FNDA:1,(anonymous_26)
FNDA:1,(anonymous_27)
FNDA:5,(anonymous_28)
FNDA:3,(anonymous_29)
FNDA:3,(anonymous_30)
DA:10,37
DA:26,37
DA:27,37
DA:28,37
DA:29,37
DA:30,37
DA:31,37
DA:32,37
DA:34,37
DA:35,1
DA:37,37
DA:38,1
DA:41,37
DA:42,37
DA:46,1
DA:47,1
DA:53,1
DA:54,1
DA:57,1
DA:58,1
DA:59,1
DA:64,4
DA:65,4
DA:66,4
DA:73,0
DA:74,0
DA:78,1
DA:79,1
DA:83,1
DA:84,1
DA:88,2
DA:89,1
DA:91,1
DA:96,7
DA:97,4
DA:100,3
DA:101,2
DA:103,1
DA:108,3
DA:110,3
DA:114,2
DA:116,2
DA:120,1
DA:121,1
DA:122,1
DA:126,1
DA:127,1
DA:131,1
DA:132,1
DA:136,1
DA:137,1
DA:141,3
DA:142,3
DA:147,1
DA:148,1
DA:152,1
DA:153,1
DA:157,1
DA:158,1
DA:162,1
DA:163,1
DA:167,5
DA:175,3
DA:179,3
DA:183,19
LF:65
LH:63
BRDA:88,0,0,1
BRDA:88,0,1,1
BRDA:96,1,0,4
BRDA:96,1,1,3
BRDA:96,2,0,7
BRDA:96,2,1,5
BRDA:100,3,0,2
BRDA:100,3,1,1
BRDA:116,4,0,2
BRDA:116,4,1,2
BRDA:122,5,0,1
BRDA:122,5,1,1
BRDA:122,5,2,1
BRDA:168,6,0,5
BRDA:168,6,1,2
BRDA:168,6,2,1
BRF:16
BRH:16
end_of_record
TN:
SF:/home/travis/build/MaibornWolff/codecharta/visualization/app/codeCharta/ui/nodeContextMenu/nodeContextMenu.module.ts
FNF:0
FNH:0
DA:8,18
LF:1
LH:1
BRF:0
BRH:0
end_of_record
TN:
SF:/home/travis/build/MaibornWolff/codecharta/visualization/app/codeCharta/ui/nodeContextMenu/nodeContextMenu.po.ts
FN:2,(anonymous_6)
FN:4,(anonymous_7)
FNF:2
FNH:0
FNDA:0,(anonymous_6)
FNDA:0,(anonymous_7)
DA:2,0
DA:5,0
LF:2
LH:0
BRF:0
BRH:0
end_of_record
TN:
SF:/home/travis/build/MaibornWolff/codecharta/visualization/app/codeCharta/ui/optionsPanel/optionsPanel.component.ts
FN:20,(anonymous_0)
FN:24,(anonymous_1)
FN:30,(anonymous_2)
FNF:3
FNH:0
FNDA:0,(anonymous_0)
FNDA:0,(anonymous_1)
FNDA:0,(anonymous_2)
DA:8,0
DA:20,0
DA:21,0
DA:25,0
DA:26,0
DA:27,0
DA:31,0
DA:37,18
LF:8
LH:1
BRDA:30,0,0,0
BRF:1
BRH:0
end_of_record
TN:
SF:/home/travis/build/MaibornWolff/codecharta/visualization/app/codeCharta/ui/optionsPanel/optionsPanel.module.ts
FNF:0
FNH:0
DA:7,18
LF:1
LH:1
BRF:0
BRH:0
end_of_record
TN:
SF:/home/travis/build/MaibornWolff/codecharta/visualization/app/codeCharta/ui/rangeSlider/rangeSlider.component.ts
FN:28,(anonymous_0)
FN:37,(anonymous_1)
FN:49,(anonymous_2)
FN:54,(anonymous_3)
FN:67,(anonymous_4)
FN:73,(anonymous_5)
FN:79,(anonymous_6)
FN:90,(anonymous_7)
FN:101,(anonymous_8)
FN:107,(anonymous_9)
FN:115,(anonymous_10)
FN:126,(anonymous_11)
FNF:12
FNH:12
FNDA:7,(anonymous_0)
FNDA:6,(anonymous_1)
FNDA:4,(anonymous_2)
FNDA:3,(anonymous_3)
FNDA:1,(anonymous_4)
FNDA:1,(anonymous_5)
FNDA:2,(anonymous_6)
FNDA:4,(anonymous_7)
FNDA:4,(anonymous_8)
FNDA:1,(anonymous_9)
FNDA:3,(anonymous_10)
FNDA:4,(anonymous_11)
DA:12,7
DA:13,7
DA:14,7
DA:15,7
DA:17,7
DA:29,7
DA:30,7
DA:31,7
DA:32,7
DA:34,7
DA:38,6
DA:39,6
DA:42,6
DA:43,4
DA:44,4
DA:45,4
DA:50,4
DA:51,4
DA:55,3
DA:57,3
DA:68,1
DA:69,1
DA:70,1
DA:74,1
DA:75,1
DA:76,1
DA:80,2
DA:91,4
DA:92,4
DA:93,4
DA:94,4
DA:96,4
DA:97,4
DA:98,4
DA:102,4
DA:103,4
DA:104,4
DA:108,1
DA:116,3
DA:118,3
DA:123,3
DA:127,4
DA:128,4
DA:129,4
DA:130,4
DA:132,4
DA:133,4
DA:134,4
DA:138,18
LF:49
LH:49
BRDA:38,0,0,6
BRDA:38,0,1,0
BRDA:42,1,0,4
BRDA:42,1,1,2
BRDA:42,2,0,6
BRDA:42,2,1,4
BRDA:54,3,0,0
BRDA:103,4,0,1
BRDA:103,4,1,3
BRDA:116,5,0,3
BRDA:116,5,1,0
BRDA:119,6,0,0
BRDA:119,6,1,3
BRDA:121,7,0,0
BRDA:121,7,1,3
BRF:15
BRH:10
end_of_record
TN:
SF:/home/travis/build/MaibornWolff/codecharta/visualization/app/codeCharta/ui/rangeSlider/rangeSlider.module.ts
FNF:0
FNH:0
DA:7,18
DA:9,18
LF:2
LH:2
BRF:0
BRH:0
end_of_record
TN:
SF:/home/travis/build/MaibornWolff/codecharta/visualization/app/codeCharta/ui/resetSettingsButton/resetSettingsButton.component.ts
FN:9,(anonymous_0)
FN:11,(anonymous_1)
FN:19,(anonymous_2)
FN:25,(anonymous_3)
FNF:4
FNH:4
FNDA:7,(anonymous_0)
FNDA:7,(anonymous_1)
FNDA:16,(anonymous_2)
FNDA:32,(anonymous_3)
DA:6,7
DA:9,7
DA:12,7
DA:16,7
DA:17,7
DA:19,7
DA:20,16
DA:22,16
DA:23,16
DA:25,16
DA:26,32
DA:27,22
DA:28,14
DA:30,22
DA:31,9
DA:33,13
DA:34,13
DA:40,7
DA:41,4
DA:46,19
LF:20
LH:20
BRDA:26,0,0,22
BRDA:26,0,1,10
BRDA:27,1,0,14
BRDA:27,1,1,8
BRDA:30,2,0,9
BRDA:30,2,1,13
BRDA:40,3,0,4
BRDA:40,3,1,3
BRF:8
BRH:8
end_of_record
TN:
SF:/home/travis/build/MaibornWolff/codecharta/visualization/app/codeCharta/ui/resetSettingsButton/resetSettingsButton.module.ts
FNF:0
FNH:0
DA:7,19
LF:1
LH:1
BRF:0
BRH:0
end_of_record
TN:
SF:/home/travis/build/MaibornWolff/codecharta/visualization/app/codeCharta/ui/revisionChooser/revisionChooser.component.ts
FN:44,(anonymous_0)
FN:48,(anonymous_1)
FN:56,(anonymous_2)
FN:64,(anonymous_3)
FN:70,(anonymous_4)
FN:75,(anonymous_5)
FN:80,(anonymous_6)
FN:84,(anonymous_7)
FN:89,(anonymous_8)
FN:98,(anonymous_9)
FN:107,(anonymous_10)
FN:110,(anonymous_11)
FN:116,(anonymous_12)
FN:128,(anonymous_13)
FN:129,(anonymous_14)
FN:133,(anonymous_15)
FN:137,(anonymous_16)
FN:140,(anonymous_17)
FN:141,(anonymous_18)
FN:146,(anonymous_19)
FNF:20
FNH:20
FNDA:21,(anonymous_0)
FNDA:6,(anonymous_1)
FNDA:6,(anonymous_2)
FNDA:2,(anonymous_3)
FNDA:1,(anonymous_4)
FNDA:2,(anonymous_5)
FNDA:1,(anonymous_6)
FNDA:1,(anonymous_7)
FNDA:1,(anonymous_8)
FNDA:1,(anonymous_9)
FNDA:2,(anonymous_10)
FNDA:1,(anonymous_11)
FNDA:4,(anonymous_12)
FNDA:1,(anonymous_13)
FNDA:2,(anonymous_14)
FNDA:1,(anonymous_15)
FNDA:1,(anonymous_16)
FNDA:2,(anonymous_17)
FNDA:1,(anonymous_18)
FNDA:2,(anonymous_19)
DA:20,21
DA:44,21
DA:45,21
DA:49,6
DA:50,6
DA:51,6
DA:52,6
DA:53,6
DA:57,6
DA:59,6
DA:60,2
DA:61,2
DA:62,4
DA:63,1
DA:64,2
DA:65,3
DA:66,2
DA:68,2
DA:70,1
DA:73,2
DA:75,2
DA:81,1
DA:85,1
DA:86,1
DA:90,1
DA:91,1
DA:95,1
DA:99,1
DA:103,1
DA:104,1
DA:108,2
DA:110,2
DA:111,1
DA:113,2
DA:117,4
DA:118,1
DA:119,1
DA:120,3
DA:121,1
DA:122,2
DA:123,1
DA:124,1
DA:129,2
DA:130,1
DA:134,1
DA:138,1
DA:140,2
DA:141,1
DA:143,1
DA:147,2
DA:148,1
DA:149,1
DA:150,0
DA:151,0
DA:152,0
DA:154,0
DA:156,1
DA:157,1
DA:162,19
DA:167,19
LF:60
LH:56
BRDA:59,0,0,2
BRDA:59,0,1,4
BRDA:62,1,0,1
BRDA:62,1,1,3
BRDA:65,2,0,2
BRDA:65,2,1,1
BRDA:70,3,0,1
BRDA:70,3,1,1
BRDA:75,4,0,1
BRDA:75,4,1,1
BRDA:117,5,0,1
BRDA:117,5,1,3
BRDA:120,6,0,1
BRDA:120,6,1,2
BRDA:122,7,0,1
BRDA:122,7,1,1
BRDA:147,8,0,1
BRDA:147,8,1,1
BRDA:149,9,0,0
BRDA:149,9,1,1
BRDA:151,10,0,0
BRDA:151,10,1,0
BRDA:156,11,0,1
BRDA:156,11,1,0
BRF:24
BRH:20
end_of_record
TN:
SF:/home/travis/build/MaibornWolff/codecharta/visualization/app/codeCharta/ui/revisionChooser/revisionChooser.module.ts
FNF:0
FNH:0
DA:5,19
DA:7,19
LF:2
LH:2
BRF:0
BRH:0
end_of_record
TN:
SF:/home/travis/build/MaibornWolff/codecharta/visualization/app/codeCharta/ui/revisionChooser/revisionChooser.po.ts
FN:2,(anonymous_6)
FN:4,(anonymous_7)
FN:5,(anonymous_9)
FN:8,(anonymous_10)
FN:12,(anonymous_12)
FN:14,(anonymous_14)
FNF:6
FNH:0
FNDA:0,(anonymous_6)
FNDA:0,(anonymous_7)
FNDA:0,(anonymous_9)
FNDA:0,(anonymous_10)
FNDA:0,(anonymous_12)
FNDA:0,(anonymous_14)
DA:2,0
DA:5,0
DA:9,0
DA:13,0
DA:14,0
DA:16,0
LF:6
LH:0
BRF:0
BRH:0
end_of_record
TN:
SF:/home/travis/build/MaibornWolff/codecharta/visualization/app/codeCharta/ui/revisionChooser/revisionChooserFileDropdown.po.ts
FN:2,(anonymous_6)
FN:4,(anonymous_7)
FN:6,(anonymous_9)
FN:10,(anonymous_10)
FN:14,(anonymous_12)
FN:16,(anonymous_14)
FNF:6
FNH:0
FNDA:0,(anonymous_6)
FNDA:0,(anonymous_7)
FNDA:0,(anonymous_9)
FNDA:0,(anonymous_10)
FNDA:0,(anonymous_12)
FNDA:0,(anonymous_14)
DA:2,0
DA:5,0
DA:6,0
DA:11,0
DA:15,0
DA:16,0
DA:18,0
LF:7
LH:0
BRF:0
BRH:0
end_of_record
TN:
SF:/home/travis/build/MaibornWolff/codecharta/visualization/app/codeCharta/ui/ribbonBar/ribbonBar.component.ts
FN:24,(anonymous_0)
FN:28,(anonymous_1)
FN:32,(anonymous_2)
FN:34,(anonymous_3)
FN:38,(anonymous_4)
FN:46,(anonymous_5)
FN:51,(anonymous_6)
FN:56,(anonymous_7)
FN:60,(anonymous_8)
FNF:9
FNH:0
FNDA:0,(anonymous_0)
FNDA:0,(anonymous_1)
FNDA:0,(anonymous_2)
FNDA:0,(anonymous_3)
FNDA:0,(anonymous_4)
FNDA:0,(anonymous_5)
FNDA:0,(anonymous_6)
FNDA:0,(anonymous_7)
FNDA:0,(anonymous_8)
DA:11,0
DA:14,0
DA:15,0
DA:17,0
DA:24,0
DA:25,0
DA:29,0
DA:35,0
DA:39,0
DA:40,0
DA:42,0
DA:47,0
DA:48,0
DA:52,0
DA:53,0
DA:57,0
DA:61,0
DA:65,18
LF:18
LH:1
BRDA:39,0,0,0
BRDA:39,0,1,0
BRF:2
BRH:0
end_of_record
TN:
SF:/home/travis/build/MaibornWolff/codecharta/visualization/app/codeCharta/ui/ribbonBar/ribbonBar.module.ts
FNF:0
FNH:0
DA:6,18
DA:8,18
LF:2
LH:2
BRF:0
BRH:0
end_of_record
TN:
SF:/home/travis/build/MaibornWolff/codecharta/visualization/app/codeCharta/ui/ribbonBar/ribbonBar.po.ts
FN:2,(anonymous_6)
FN:4,(anonymous_7)
FNF:2
FNH:0
FNDA:0,(anonymous_6)
FNDA:0,(anonymous_7)
DA:2,0
DA:5,0
DA:6,0
LF:3
LH:0
BRF:0
BRH:0
end_of_record
TN:
SF:/home/travis/build/MaibornWolff/codecharta/visualization/app/codeCharta/ui/scenarioDropDown/scenarioDropDown.component.ts
FN:20,(anonymous_0)
FN:28,(anonymous_1)
FN:32,(anonymous_2)
FN:34,(anonymous_3)
FN:38,(anonymous_4)
FNF:5
FNH:4
FNDA:4,(anonymous_0)
FNDA:1,(anonymous_1)
FNDA:0,(anonymous_2)
FNDA:1,(anonymous_3)
FNDA:1,(anonymous_4)
DA:12,4
DA:21,4
DA:22,4
DA:23,4
DA:25,4
DA:29,1
DA:35,1
DA:39,1
DA:40,1
DA:41,1
DA:45,19
LF:11
LH:11
BRF:0
BRH:0
end_of_record
TN:
SF:/home/travis/build/MaibornWolff/codecharta/visualization/app/codeCharta/ui/scenarioDropDown/scenarioDropDown.module.ts
FNF:0
FNH:0
DA:4,19
LF:1
LH:1
BRF:0
BRH:0
end_of_record
TN:
SF:/home/travis/build/MaibornWolff/codecharta/visualization/app/codeCharta/ui/settingsPanel/settingsPanel.component.ts
FN:12,(anonymous_0)
FN:16,(anonymous_1)
FN:20,(anonymous_2)
FN:27,(anonymous_3)
FN:31,(anonymous_4)
FNF:5
FNH:0
FNDA:0,(anonymous_0)
FNDA:0,(anonymous_1)
FNDA:0,(anonymous_2)
FNDA:0,(anonymous_3)
FNDA:0,(anonymous_4)
DA:8,0
DA:12,0
DA:13,0
DA:17,0
DA:21,0
DA:22,0
DA:24,0
DA:28,0
DA:29,0
DA:31,0
DA:32,0
DA:37,18
LF:12
LH:1
BRDA:21,0,0,0
BRDA:21,0,1,0
BRF:2
BRH:0
end_of_record
TN:
SF:/home/travis/build/MaibornWolff/codecharta/visualization/app/codeCharta/ui/settingsPanel/settingsPanel.module.ts
FNF:0
FNH:0
DA:12,18
LF:1
LH:1
BRF:0
BRH:0
end_of_record
TN:
SF:/home/travis/build/MaibornWolff/codecharta/visualization/app/codeCharta/ui/settingsPanel/settingsPanel.po.ts
FN:4,(anonymous_6)
FN:6,(anonymous_7)
FN:11,(anonymous_9)
FN:18,(anonymous_11)
FNF:4
FNH:0
FNDA:0,(anonymous_6)
FNDA:0,(anonymous_7)
FNDA:0,(anonymous_9)
FNDA:0,(anonymous_11)
DA:1,0
DA:4,0
DA:7,0
DA:8,0
DA:12,0
DA:15,0
DA:19,0
DA:20,0
LF:8
LH:0
BRF:0
BRH:0
end_of_record
TN:
SF:/home/travis/build/MaibornWolff/codecharta/visualization/app/codeCharta/ui/sidenav/sidenav.component.ts
FN:5,(anonymous_0)
FN:7,(anonymous_1)
FN:11,(anonymous_2)
FNF:3
FNH:0
FNDA:0,(anonymous_0)
FNDA:0,(anonymous_1)
FNDA:0,(anonymous_2)
DA:5,0
DA:8,0
DA:12,0
DA:16,18
DA:22,18
LF:5
LH:2
BRF:0
BRH:0
end_of_record
TN:
SF:/home/travis/build/MaibornWolff/codecharta/visualization/app/codeCharta/ui/sidenav/sidenav.module.ts
FNF:0
FNH:0
DA:9,18
LF:1
LH:1
BRF:0
BRH:0
end_of_record
TN:
SF:/home/travis/build/MaibornWolff/codecharta/visualization/app/codeCharta/ui/viewCube/viewCube.component.ts
FN:28,(anonymous_0)
FN:47,(anonymous_1)
FN:57,(anonymous_2)
FN:71,(anonymous_3)
FN:76,(anonymous_4)
FN:82,(anonymous_5)
FN:91,(anonymous_6)
FN:92,(anonymous_7)
FN:99,(anonymous_8)
FN:103,(anonymous_9)
FN:107,(anonymous_10)
FN:116,(anonymous_11)
FN:121,(anonymous_12)
FN:129,(anonymous_13)
FN:134,(anonymous_14)
FN:225,(anonymous_15)
FNF:16
FNH:0
FNDA:0,(anonymous_0)
FNDA:0,(anonymous_1)
FNDA:0,(anonymous_2)
FNDA:0,(anonymous_3)
FNDA:0,(anonymous_4)
FNDA:0,(anonymous_5)
FNDA:0,(anonymous_6)
FNDA:0,(anonymous_7)
FNDA:0,(anonymous_8)
FNDA:0,(anonymous_9)
FNDA:0,(anonymous_10)
FNDA:0,(anonymous_11)
FNDA:0,(anonymous_12)
FNDA:0,(anonymous_13)
FNDA:0,(anonymous_14)
FNDA:0,(anonymous_15)
DA:15,0
DA:16,0
DA:17,0
DA:19,0
DA:21,0
DA:29,0
DA:30,0
DA:31,0
DA:32,0
DA:34,0
DA:35,0
DA:36,0
DA:37,0
DA:38,0
DA:39,0
DA:40,0
DA:41,0
DA:43,0
DA:44,0
DA:48,0
DA:49,0
DA:50,0
DA:51,0
DA:52,0
DA:54,0
DA:58,0
DA:60,0
DA:61,0
DA:62,0
DA:63,0
DA:65,0
DA:67,0
DA:68,0
DA:72,0
DA:73,0
DA:77,0
DA:78,0
DA:79,0
DA:83,0
DA:84,0
DA:85,0
DA:92,0
DA:93,0
DA:94,0
DA:96,0
DA:100,0
DA:104,0
DA:108,0
DA:112,0
DA:113,0
DA:117,0
DA:118,0
DA:122,0
DA:126,0
DA:130,0
DA:131,0
DA:135,0
DA:137,0
DA:138,0
DA:140,0
DA:141,0
DA:143,0
DA:144,0
DA:147,0
DA:148,0
DA:150,0
DA:151,0
DA:153,0
DA:154,0
DA:157,0
DA:158,0
DA:160,0
DA:161,0
DA:163,0
DA:164,0
DA:167,0
DA:168,0
DA:170,0
DA:171,0
DA:173,0
DA:174,0
DA:177,0
DA:178,0
DA:180,0
DA:181,0
DA:183,0
DA:184,0
DA:187,0
DA:188,0
DA:190,0
DA:191,0
DA:194,0
DA:195,0
DA:197,0
DA:198,0
DA:200,0
DA:201,0
DA:204,0
DA:205,0
DA:207,0
DA:208,0
DA:210,0
DA:211,0
DA:214,0
DA:215,0
DA:217,0
DA:218,0
DA:220,0
DA:221,0
DA:226,0
DA:227,0
DA:228,0
DA:229,0
DA:230,0
DA:231,0
DA:232,0
DA:233,0
DA:234,0
DA:235,0
DA:236,0
DA:238,0
DA:239,0
DA:240,0
DA:241,0
DA:242,0
DA:243,0
DA:244,0
DA:245,0
DA:246,0
DA:248,0
DA:249,0
DA:250,0
DA:252,0
DA:256,18
LF:134
LH:1
BRDA:136,0,0,0
BRDA:136,0,1,0
BRDA:136,0,2,0
BRDA:136,0,3,0
BRDA:136,0,4,0
BRDA:136,0,5,0
BRDA:136,0,6,0
BRDA:136,0,7,0
BRDA:136,0,8,0
BRDA:136,0,9,0
BRDA:136,0,10,0
BRDA:136,0,11,0
BRDA:136,0,12,0
BRDA:136,0,13,0
BRDA:136,0,14,0
BRDA:136,0,15,0
BRDA:136,0,16,0
BRDA:136,0,17,0
BRDA:136,0,18,0
BRDA:136,0,19,0
BRDA:136,0,20,0
BRDA:136,0,21,0
BRDA:136,0,22,0
BRDA:136,0,23,0
BRDA:136,0,24,0
BRDA:136,0,25,0
BRF:26
BRH:0
end_of_record
TN:
SF:/home/travis/build/MaibornWolff/codecharta/visualization/app/codeCharta/ui/viewCube/viewCube.materials.ts
FN:3,(anonymous_0)
FN:4,(anonymous_1)
FN:5,(anonymous_2)
FNF:3
FNH:0
FNDA:0,(anonymous_0)
FNDA:0,(anonymous_1)
FNDA:0,(anonymous_2)
DA:3,18
DA:4,18
DA:5,18
LF:3
LH:3
BRF:0
BRH:0
end_of_record
TN:
SF:/home/travis/build/MaibornWolff/codecharta/visualization/app/codeCharta/ui/viewCube/viewCube.meshGenerator.ts
FN:5,(anonymous_0)
FN:16,(anonymous_1)
FN:118,(anonymous_2)
FN:167,(anonymous_3)
FN:206,(anonymous_4)
FN:226,(anonymous_5)
FNF:6
FNH:0
FNDA:0,(anonymous_0)
FNDA:0,(anonymous_1)
FNDA:0,(anonymous_2)
FNDA:0,(anonymous_3)
FNDA:0,(anonymous_4)
FNDA:0,(anonymous_5)
DA:6,0
DA:7,0
DA:9,0
DA:10,0
DA:11,0
DA:13,0
DA:21,0
DA:33,0
DA:45,0
DA:46,0
DA:47,0
DA:48,0
DA:59,0
DA:60,0
DA:61,0
DA:62,0
DA:63,0
DA:128,0
DA:134,0
DA:135,0
DA:136,0
DA:137,0
DA:138,0
DA:139,0
DA:140,0
DA:141,0
DA:142,0
DA:143,0
DA:144,0
DA:145,0
DA:146,0
DA:147,0
DA:148,0
DA:149,0
DA:150,0
DA:151,0
DA:152,0
DA:154,0
DA:172,0
DA:176,0
DA:180,0
DA:181,0
DA:182,0
DA:183,0
DA:188,0
DA:189,0
DA:190,0
DA:191,0
DA:192,0
DA:207,0
DA:208,0
DA:209,0
DA:210,0
DA:211,0
DA:212,0
DA:213,0
DA:214,0
DA:215,0
DA:216,0
DA:217,0
DA:218,0
DA:227,0
DA:228,0
DA:229,0
DA:230,0
DA:231,0
DA:232,0
DA:233,0
DA:234,0
DA:235,0
DA:236,0
DA:237,0
LF:72
LH:0
BRF:0
BRH:0
end_of_record
TN:
SF:/home/travis/build/MaibornWolff/codecharta/visualization/app/codeCharta/ui/viewCube/viewCube.module.ts
FNF:0
FNH:0
DA:7,18
LF:1
LH:1
BRF:0
BRH:0
end_of_record
TN:
SF:/home/travis/build/MaibornWolff/codecharta/visualization/app/codeCharta/ui/viewCube/viewCube.mouseEvents.service.ts
FN:27,(anonymous_0)
FN:29,(anonymous_1)
FN:36,(anonymous_2)
FN:41,(anonymous_3)
FN:50,(anonymous_4)
FN:59,(anonymous_5)
FN:64,(anonymous_6)
FN:68,(anonymous_7)
FN:78,(anonymous_8)
FN:97,(anonymous_9)
FN:106,(anonymous_10)
FN:110,(anonymous_11)
FN:115,(anonymous_12)
FN:120,(anonymous_13)
FN:124,(anonymous_14)
FN:127,(anonymous_15)
FN:133,(anonymous_16)
FN:134,(anonymous_17)
FN:138,(anonymous_18)
FN:142,(anonymous_19)
FNF:20
FNH:0
FNDA:0,(anonymous_0)
FNDA:0,(anonymous_1)
FNDA:0,(anonymous_2)
FNDA:0,(anonymous_3)
FNDA:0,(anonymous_4)
FNDA:0,(anonymous_5)
FNDA:0,(anonymous_6)
FNDA:0,(anonymous_7)
FNDA:0,(anonymous_8)
FNDA:0,(anonymous_9)
FNDA:0,(anonymous_10)
FNDA:0,(anonymous_11)
FNDA:0,(anonymous_12)
FNDA:0,(anonymous_13)
FNDA:0,(anonymous_14)
FNDA:0,(anonymous_15)
FNDA:0,(anonymous_16)
FNDA:0,(anonymous_17)
FNDA:0,(anonymous_18)
FNDA:0,(anonymous_19)
DA:17,19
DA:18,19
DA:19,19
DA:20,19
DA:25,0
DA:27,0
DA:30,0
DA:31,0
DA:32,0
DA:33,0
DA:37,0
DA:38,0
DA:39,0
DA:42,0
DA:43,0
DA:48,0
DA:51,0
DA:52,0
DA:60,0
DA:61,0
DA:62,0
DA:63,0
DA:64,0
DA:65,0
DA:69,0
DA:70,0
DA:71,0
DA:75,0
DA:79,0
DA:80,0
DA:81,0
DA:82,0
DA:84,0
DA:85,0
DA:89,0
DA:90,0
DA:93,0
DA:98,0
DA:99,0
DA:100,0
DA:102,0
DA:107,0
DA:111,0
DA:112,0
DA:116,0
DA:117,0
DA:121,0
DA:125,0
DA:128,0
DA:134,0
DA:135,0
DA:138,0
DA:139,0
DA:142,0
DA:143,0
LF:55
LH:4
BRDA:42,0,0,0
BRDA:42,0,1,0
BRDA:51,1,0,0
BRDA:51,1,1,0
BRDA:65,2,0,0
BRDA:65,2,1,0
BRDA:80,3,0,0
BRDA:80,3,1,0
BRDA:81,4,0,0
BRDA:81,4,1,0
BRDA:81,5,0,0
BRDA:81,5,1,0
BRDA:84,6,0,0
BRDA:84,6,1,0
BRDA:89,7,0,0
BRDA:89,7,1,0
BRDA:99,8,0,0
BRDA:99,8,1,0
BRF:18
BRH:0
end_of_record
TN:
SF:/home/travis/build/MaibornWolff/codecharta/visualization/app/codeCharta/ui/weblinksPanel/weblinksPanel.component.ts
FNF:0
FNH:0
DA:5,18
LF:1
LH:1
BRF:0
BRH:0
end_of_record
TN:
SF:/home/travis/build/MaibornWolff/codecharta/visualization/app/codeCharta/ui/weblinksPanel/weblinksPanel.module.ts
FNF:0
FNH:0
DA:7,18
LF:1
LH:1
BRF:0
BRH:0
end_of_record
TN:
SF:/home/travis/build/MaibornWolff/codecharta/visualization/app/codeCharta/util/aggregationGenerator.ts
FN:8,(anonymous_0)
FN:22,(anonymous_1)
FN:55,(anonymous_2)
FN:56,(anonymous_3)
FN:67,(anonymous_4)
FN:86,(anonymous_5)
FN:98,(anonymous_6)
FN:104,(anonymous_7)
FNF:8
FNH:8
FNDA:4,(anonymous_0)
FNDA:3,(anonymous_1)
FNDA:3,(anonymous_2)
FNDA:8,(anonymous_3)
FNDA:8,(anonymous_4)
FNDA:16,(anonymous_5)
FNDA:32,(anonymous_6)
FNDA:3,(anonymous_7)
DA:5,19
DA:6,19
DA:9,4
DA:10,1
DA:13,3
DA:15,3
DA:16,8
DA:17,8
DA:19,3
DA:23,3
DA:48,3
DA:49,8
DA:51,3
DA:52,3
DA:56,3
DA:57,8
DA:58,8
DA:59,28
DA:60,12
DA:62,28
DA:68,8
DA:73,8
DA:74,8
DA:77,8
DA:78,40
DA:79,16
DA:82,8
DA:83,8
DA:87,16
DA:88,24
DA:89,24
DA:92,24
DA:93,8
DA:99,32
DA:100,32
DA:101,32
DA:105,3
DA:106,3
LF:38
LH:38
BRDA:9,0,0,1
BRDA:9,0,1,3
BRDA:59,1,0,12
BRDA:59,1,1,16
BRDA:73,2,0,8
BRDA:73,2,1,0
BRDA:78,3,0,16
BRDA:78,3,1,24
BRDA:88,4,0,24
BRDA:88,4,1,0
BRDA:92,5,0,8
BRDA:92,5,1,16
BRF:12
BRH:10
end_of_record
TN:
SF:/home/travis/build/MaibornWolff/codecharta/visualization/app/codeCharta/util/codeMapHelper.ts
FN:8,(anonymous_0)
FN:16,(anonymous_1)
FN:23,(anonymous_2)
FN:31,(anonymous_3)
FN:35,(anonymous_4)
FN:38,(anonymous_5)
FN:39,(anonymous_6)
FN:42,(anonymous_7)
FN:44,(anonymous_8)
FN:45,(anonymous_9)
FN:52,(anonymous_10)
FN:57,(anonymous_11)
FN:57,(anonymous_12)
FN:61,(anonymous_13)
FN:65,(anonymous_14)
FN:68,(anonymous_15)
FNF:16
FNH:16
FNDA:3,(anonymous_0)
FNDA:14,(anonymous_1)
FNDA:78,(anonymous_2)
FNDA:59,(anonymous_3)
FNDA:4,(anonymous_4)
FNDA:9,(anonymous_5)
FNDA:9,(anonymous_6)
FNDA:13,(anonymous_7)
FNDA:2,(anonymous_8)
FNDA:41,(anonymous_9)
FNDA:93,(anonymous_10)
FNDA:4,(anonymous_11)
FNDA:3,(anonymous_12)
FNDA:51,(anonymous_13)
FNDA:7,(anonymous_14)
FNDA:1,(anonymous_15)
DA:9,3
DA:10,3
DA:11,2
DA:13,1
DA:17,14
DA:19,14
DA:20,1
DA:23,13
DA:24,78
DA:25,11
DA:28,13
DA:32,59
DA:36,4
DA:38,9
DA:39,9
DA:43,13
DA:44,12
DA:45,41
DA:46,12
DA:48,1
DA:53,93
DA:54,89
DA:57,4
DA:58,4
DA:62,51
DA:64,51
DA:65,50
DA:67,50
DA:68,4
DA:69,4
DA:72,51
LF:31
LH:31
BRDA:10,0,0,2
BRDA:10,0,1,1
BRDA:19,1,0,1
BRDA:19,1,1,13
BRDA:24,2,0,11
BRDA:24,2,1,67
BRDA:24,3,0,78
BRDA:24,3,1,12
BRDA:43,4,0,12
BRDA:43,4,1,1
BRDA:53,5,0,89
BRDA:53,5,1,4
BRDA:64,6,0,50
BRDA:64,6,1,1
BRDA:67,7,0,4
BRDA:67,7,1,46
BRF:16
BRH:16
end_of_record
TN:
SF:/home/travis/build/MaibornWolff/codecharta/visualization/app/codeCharta/util/colorConverter.ts
FN:4,(anonymous_0)
FN:8,(anonymous_1)
FN:14,(anonymous_2)
FN:19,(anonymous_3)
FN:24,(anonymous_4)
FN:35,(anonymous_5)
FN:40,(anonymous_6)
FN:54,(anonymous_7)
FN:60,(anonymous_8)
FN:68,(anonymous_9)
FN:72,(anonymous_10)
FN:81,(anonymous_11)
FNF:12
FNH:12
FNDA:11,(anonymous_0)
FNDA:2,(anonymous_1)
FNDA:8,(anonymous_2)
FNDA:2,(anonymous_3)
FNDA:1,(anonymous_4)
FNDA:9,(anonymous_5)
FNDA:1,(anonymous_6)
FNDA:19,(anonymous_7)
FNDA:29,(anonymous_8)
FNDA:19,(anonymous_9)
FNDA:38,(anonymous_10)
FNDA:19,(anonymous_11)
DA:5,11
DA:9,2
DA:10,2
DA:11,2
DA:15,8
DA:16,8
DA:20,2
DA:21,2
DA:25,1
DA:36,9
DA:37,9
DA:41,1
DA:42,1
DA:43,1
DA:44,1
DA:46,1
DA:47,1
DA:48,1
DA:49,1
DA:51,1
DA:55,19
DA:56,19
DA:57,19
DA:61,29
DA:62,29
DA:63,2
DA:65,29
DA:69,19
DA:73,38
DA:74,38
DA:75,38
DA:76,38
DA:77,38
DA:78,38
DA:82,19
LF:35
LH:35
BRDA:14,0,0,7
BRDA:62,1,0,2
BRDA:62,1,1,27
BRF:3
BRH:3
end_of_record
TN:
SF:/home/travis/build/MaibornWolff/codecharta/visualization/app/codeCharta/util/dataMocks.ts
FNF:0
FNH:0
DA:5,34
DA:36,34
DA:79,34
DA:98,34
DA:107,34
DA:114,34
DA:131,34
DA:189,34
DA:235,34
DA:293,34
DA:345,34
DA:387,34
DA:433,34
DA:456,34
DA:479,34
DA:486,34
LF:16
LH:16
BRF:0
BRH:0
end_of_record
TN:
SF:/home/travis/build/MaibornWolff/codecharta/visualization/app/codeCharta/util/deltaGenerator.ts
FN:7,(anonymous_0)
FN:17,(anonymous_1)
FN:22,(anonymous_2)
FN:23,(anonymous_3)
FN:30,(anonymous_4)
FN:36,(anonymous_5)
FN:47,(anonymous_6)
FN:56,(anonymous_7)
FN:63,(anonymous_8)
FN:66,(anonymous_9)
FN:70,(anonymous_10)
FN:78,(anonymous_11)
FN:86,(anonymous_12)
FNF:13
FNH:13
FNDA:3,(anonymous_0)
FNDA:6,(anonymous_1)
FNDA:42,(anonymous_2)
FNDA:42,(anonymous_3)
FNDA:3,(anonymous_4)
FNDA:24,(anonymous_5)
FNDA:18,(anonymous_6)
FNDA:25,(anonymous_7)
FNDA:29,(anonymous_8)
FNDA:57,(anonymous_9)
FNDA:40,(anonymous_10)
FNDA:3,(anonymous_11)
FNDA:3,(anonymous_12)
DA:8,3
DA:9,3
DA:10,3
DA:12,3
DA:13,3
DA:14,3
DA:18,6
DA:20,6
DA:22,42
DA:24,42
DA:25,42
DA:27,6
DA:34,3
DA:36,3
DA:37,24
DA:38,24
DA:39,17
DA:40,17
DA:42,7
DA:43,7
DA:47,3
DA:48,18
DA:49,1
DA:50,1
DA:53,3
DA:57,25
DA:58,25
DA:59,25
DA:60,25
DA:64,29
DA:66,29
DA:67,57
DA:70,29
DA:71,40
DA:72,10
DA:75,29
DA:79,3
DA:87,3
LF:38
LH:38
BRDA:38,0,0,17
BRDA:38,0,1,7
BRDA:48,1,0,1
BRDA:48,1,1,17
BRDA:67,2,0,32
BRDA:67,2,1,25
BRDA:71,3,0,10
BRDA:71,3,1,30
BRF:8
BRH:8
end_of_record
TN:
SF:/home/travis/build/MaibornWolff/codecharta/visualization/app/codeCharta/util/fileDownloader.ts
FN:8,(anonymous_0)
FN:13,(anonymous_1)
FN:27,(anonymous_2)
FN:29,(anonymous_3)
FN:35,(anonymous_4)
FN:39,(anonymous_5)
FN:46,(anonymous_6)
FN:60,(anonymous_7)
FNF:8
FNH:7
FNDA:7,(anonymous_0)
FNDA:7,(anonymous_1)
FNDA:7,(anonymous_2)
FNDA:35,(anonymous_3)
FNDA:14,(anonymous_4)
FNDA:14,(anonymous_5)
FNDA:14,(anonymous_6)
FNDA:0,(anonymous_7)
DA:6,19
DA:9,7
DA:10,7
DA:14,7
DA:16,7
DA:28,7
DA:29,7
DA:30,35
DA:32,7
DA:36,14
DA:40,14
DA:41,14
DA:47,14
DA:49,14
DA:50,6
DA:51,8
DA:52,2
DA:53,6
DA:54,2
DA:56,4
DA:61,0
DA:62,0
DA:63,0
DA:66,0
DA:67,0
DA:68,0
DA:70,0
DA:71,0
DA:72,0
DA:73,0
DA:74,0
LF:31
LH:20
BRDA:49,0,0,6
BRDA:49,0,1,8
BRDA:51,1,0,2
BRDA:51,1,1,6
BRDA:53,2,0,2
BRDA:53,2,1,4
BRDA:62,3,0,0
BRDA:62,3,1,0
BRF:8
BRH:6
end_of_record
TN:
SF:/home/travis/build/MaibornWolff/codecharta/visualization/app/codeCharta/util/fileStateHelper.ts
FN:4,(anonymous_0)
FN:5,(anonymous_1)
FN:5,(anonymous_2)
FN:8,(anonymous_3)
FN:9,(anonymous_4)
FN:12,(anonymous_5)
FN:13,(anonymous_6)
FN:17,(anonymous_7)
FN:22,(anonymous_8)
FN:27,(anonymous_9)
FN:32,(anonymous_10)
FN:33,(anonymous_11)
FN:33,(anonymous_12)
FNF:13
FNH:13
FNDA:3,(anonymous_0)
FNDA:6,(anonymous_1)
FNDA:3,(anonymous_2)
FNDA:10,(anonymous_3)
FNDA:16,(anonymous_4)
FNDA:3,(anonymous_5)
FNDA:4,(anonymous_6)
FNDA:3,(anonymous_7)
FNDA:9,(anonymous_8)
FNDA:6,(anonymous_9)
FNDA:18,(anonymous_10)
FNDA:40,(anonymous_11)
FNDA:26,(anonymous_12)
DA:5,6
DA:9,16
DA:13,4
DA:14,3
DA:18,3
DA:19,3
DA:23,9
DA:24,9
DA:28,6
DA:29,6
DA:33,40
LF:11
LH:11
BRDA:14,0,0,2
BRDA:14,0,1,1
BRDA:24,1,0,9
BRDA:24,1,1,8
BRDA:29,2,0,6
BRDA:29,2,1,3
BRF:6
BRH:6
end_of_record
TN:
SF:/home/travis/build/MaibornWolff/codecharta/visualization/app/codeCharta/util/fileValidator.ts
FN:4,(anonymous_0)
FN:25,(anonymous_1)
FNF:2
FNH:2
FNDA:30,(anonymous_0)
FNDA:15,(anonymous_1)
DA:5,30
DA:6,19
DA:9,11
DA:10,11
DA:11,22
DA:13,11
DA:14,1
DA:17,10
DA:18,20
DA:19,0
DA:22,10
DA:26,15
DA:27,4
DA:29,11
DA:30,11
DA:31,11
DA:33,11
DA:34,1
DA:42,9
LF:19
LH:18
BRDA:5,0,0,19
BRDA:5,0,1,11
BRDA:5,1,0,30
BRDA:5,1,1,11
BRDA:13,2,0,1
BRDA:13,2,1,10
BRDA:18,3,0,0
BRDA:18,3,1,20
BRDA:26,4,0,4
BRDA:26,4,1,11
BRDA:33,5,0,1
BRDA:33,5,1,9
BRDA:42,6,0,5
BRDA:42,6,1,4
BRF:14
BRH:13
end_of_record
TN:
SF:/home/travis/build/MaibornWolff/codecharta/visualization/app/codeCharta/util/mapBuilder.ts
FN:5,(anonymous_0)
FN:8,(anonymous_1)
FN:20,(anonymous_2)
FN:30,(anonymous_3)
FN:31,(anonymous_4)
FN:34,(anonymous_5)
FN:40,(anonymous_6)
FNF:7
FNH:7
FNDA:4,(anonymous_0)
FNDA:31,(anonymous_1)
FNDA:4,(anonymous_2)
FNDA:4,(anonymous_3)
FNDA:51,(anonymous_4)
FNDA:33,(anonymous_5)
FNDA:79,(anonymous_6)
DA:6,4
DA:8,4
DA:9,31
DA:10,31
DA:11,31
DA:12,4
DA:14,27
DA:17,4
DA:21,4
DA:31,51
DA:35,33
DA:36,33
DA:37,33
DA:41,79
DA:42,33
DA:44,46
DA:45,26
DA:46,46
DA:47,46
DA:48,20
LF:20
LH:20
BRDA:11,0,0,4
BRDA:11,0,1,27
BRDA:37,1,0,4
BRDA:37,1,1,29
BRDA:41,2,0,33
BRDA:41,2,1,46
BRDA:41,3,0,79
BRDA:41,3,1,50
BRDA:44,4,0,26
BRDA:44,4,1,20
BRDA:44,5,0,46
BRDA:44,5,1,46
BRDA:47,6,0,20
BRDA:47,6,1,26
BRF:14
BRH:14
end_of_record
TN:
SF:/home/travis/build/MaibornWolff/codecharta/visualization/app/codeCharta/util/nodeDecorator.ts
FN:9,(anonymous_0)
FN:18,(anonymous_1)
FN:25,(anonymous_2)
FN:26,(anonymous_3)
FN:36,(anonymous_4)
FN:60,(anonymous_5)
FN:63,(anonymous_6)
FN:68,(anonymous_7)
FN:75,(anonymous_8)
FN:78,(anonymous_9)
FN:87,(anonymous_10)
FN:90,(anonymous_11)
FN:91,(anonymous_12)
FN:100,(anonymous_13)
FN:103,(anonymous_14)
FN:109,(anonymous_15)
FN:114,(anonymous_16)
FN:116,(anonymous_17)
FN:123,(anonymous_18)
FN:124,(anonymous_19)
FN:127,(anonymous_20)
FNF:21
FNH:21
FNDA:15,(anonymous_0)
FNDA:37,(anonymous_1)
FNDA:15,(anonymous_2)
FNDA:71,(anonymous_3)
FNDA:71,(anonymous_4)
FNDA:37,(anonymous_5)
FNDA:221,(anonymous_6)
FNDA:497,(anonymous_7)
FNDA:15,(anonymous_8)
FNDA:72,(anonymous_9)
FNDA:15,(anonymous_10)
FNDA:40,(anonymous_11)
FNDA:132,(anonymous_12)
FNDA:15,(anonymous_13)
FNDA:66,(anonymous_14)
FNDA:66,(anonymous_15)
FNDA:102,(anonymous_16)
FNDA:218,(anonymous_17)
FNDA:86,(anonymous_18)
FNDA:206,(anonymous_19)
FNDA:120,(anonymous_20)
DA:10,15
DA:11,15
DA:12,15
DA:13,15
DA:14,15
DA:15,15
DA:20,37
DA:21,37
DA:22,37
DA:26,15
DA:27,71
DA:36,15
DA:37,71
DA:38,6
DA:39,6
DA:40,6
DA:41,6
DA:42,6
DA:43,1
DA:45,6
DA:46,6
DA:47,6
DA:48,65
DA:49,25
DA:50,50
DA:55,15
DA:56,15
DA:61,37
DA:62,37
DA:63,37
DA:64,221
DA:68,497
DA:72,37
DA:76,15
DA:77,15
DA:78,15
DA:79,72
DA:80,72
DA:81,72
DA:82,72
DA:88,15
DA:89,15
DA:90,15
DA:91,40
DA:92,132
DA:93,51
DA:101,15
DA:102,15
DA:103,15
DA:104,66
DA:114,102
DA:116,66
DA:117,218
DA:118,86
DA:124,206
DA:126,86
DA:127,120
DA:130,0
LF:58
LH:57
BRDA:28,0,0,71
BRDA:28,0,1,71
BRDA:28,0,2,32
BRDA:28,0,3,7
BRDA:28,0,4,6
BRDA:37,1,0,6
BRDA:37,1,1,65
BRDA:42,2,0,1
BRDA:42,2,1,5
BRDA:48,3,0,25
BRDA:48,3,1,40
BRDA:48,4,0,65
BRDA:48,4,1,65
BRDA:48,4,2,26
BRDA:55,5,0,15
BRDA:55,5,1,0
BRDA:55,6,0,15
BRDA:55,6,1,15
BRDA:61,7,0,37
BRDA:61,7,1,0
BRDA:61,8,0,37
BRDA:61,8,1,37
BRDA:76,9,0,15
BRDA:76,9,1,0
BRDA:76,10,0,15
BRDA:76,10,1,15
BRDA:81,11,0,2
BRDA:81,11,1,70
BRDA:88,12,0,15
BRDA:88,12,1,0
BRDA:88,13,0,15
BRDA:88,13,1,15
BRDA:88,13,2,15
BRDA:92,14,0,51
BRDA:92,14,1,81
BRDA:101,15,0,15
BRDA:101,15,1,0
BRDA:101,16,0,15
BRDA:101,16,1,15
BRDA:117,17,0,86
BRDA:117,17,1,132
BRDA:117,18,0,218
BRDA:117,18,1,86
BRDA:126,19,0,86
BRDA:126,19,1,0
BRF:45
BRH:39
end_of_record
TN:
SF:/home/travis/build/MaibornWolff/codecharta/visualization/app/codeCharta/util/scenarioHelper.ts
FN:12,(anonymous_0)
FN:13,(anonymous_1)
FN:16,(anonymous_2)
FN:17,(anonymous_3)
FN:25,(anonymous_4)
FN:26,(anonymous_5)
FN:29,(anonymous_6)
FN:30,(anonymous_7)
FNF:8
FNH:8
FNDA:2,(anonymous_0)
FNDA:8,(anonymous_1)
FNDA:2,(anonymous_2)
FNDA:6,(anonymous_3)
FNDA:1,(anonymous_4)
FNDA:1,(anonymous_5)
FNDA:1,(anonymous_6)
FNDA:1,(anonymous_7)
DA:10,20
DA:13,8
DA:17,6
DA:18,2
DA:26,1
DA:30,1
LF:6
LH:6
BRDA:19,0,0,2
BRDA:19,0,1,1
BRDA:19,0,2,1
BRF:3
BRH:3
end_of_record
TN:
SF:/home/travis/build/MaibornWolff/codecharta/visualization/app/codeCharta/util/settingsMerger.ts
FN:10,(anonymous_0)
FN:26,(anonymous_1)
FN:40,(anonymous_2)
FN:52,(anonymous_3)
FN:64,(anonymous_4)
FN:71,(anonymous_5)
FN:78,(anonymous_6)
FN:82,(anonymous_7)
FN:96,(anonymous_8)
FN:108,(anonymous_9)
FN:114,(anonymous_10)
FNF:11
FNH:8
FNDA:12,(anonymous_0)
FNDA:20,(anonymous_1)
FNDA:9,(anonymous_2)
FNDA:20,(anonymous_3)
FNDA:11,(anonymous_4)
FNDA:0,(anonymous_5)
FNDA:0,(anonymous_6)
FNDA:20,(anonymous_7)
FNDA:12,(anonymous_8)
FNDA:0,(anonymous_9)
FNDA:12,(anonymous_10)
DA:5,34
DA:6,34
DA:7,34
DA:8,34
DA:11,12
DA:12,0
DA:15,12
DA:17,12
DA:18,20
DA:19,20
DA:20,20
DA:23,12
DA:27,20
DA:28,1
DA:31,19
DA:32,18
DA:40,18
DA:42,18
DA:43,7
DA:44,14
DA:47,11
DA:53,20
DA:54,0
DA:57,20
DA:58,8
DA:64,11
DA:65,8
DA:66,7
DA:72,0
DA:73,0
DA:75,0
DA:79,0
DA:83,20
DA:84,20
DA:85,9
DA:86,9
DA:89,20
DA:90,9
DA:91,6
DA:97,12
DA:109,0
DA:110,0
DA:111,0
DA:115,12
DA:116,12
DA:117,12
DA:118,12
LF:47
LH:38
BRDA:10,0,0,10
BRDA:11,1,0,0
BRDA:11,1,1,12
BRDA:12,2,0,0
BRDA:12,2,1,0
BRDA:27,3,0,1
BRDA:27,3,1,19
BRDA:34,4,0,0
BRDA:34,4,1,18
BRDA:36,5,0,0
BRDA:36,5,1,18
BRDA:40,6,0,9
BRDA:40,6,1,9
BRDA:42,7,0,7
BRDA:42,7,1,11
BRDA:53,8,0,0
BRDA:53,8,1,20
BRDA:60,9,0,0
BRDA:60,9,1,8
BRDA:64,10,0,11
BRDA:64,10,1,1
BRDA:65,11,0,7
BRDA:65,11,1,1
BRDA:72,12,0,0
BRDA:72,12,1,0
BRDA:84,13,0,9
BRDA:84,13,1,11
BRDA:84,14,0,20
BRDA:84,14,1,20
BRDA:89,15,0,9
BRDA:89,15,1,11
BRDA:89,16,0,20
BRDA:89,16,1,20
BRF:33
BRH:24
end_of_record
TN:
SF:/home/travis/build/MaibornWolff/codecharta/visualization/app/codeCharta/util/treeMapGenerator.ts
FN:25,(anonymous_0)
FN:30,(anonymous_1)
FN:34,(anonymous_2)
FN:40,(anonymous_3)
FN:42,(anonymous_4)
FN:53,(anonymous_5)
FN:56,(anonymous_6)
FN:61,(anonymous_7)
FN:66,(anonymous_8)
FN:109,(anonymous_9)
FN:113,(anonymous_10)
FN:134,(anonymous_11)
FN:138,(anonymous_12)
FNF:13
FNH:13
FNDA:9,(anonymous_0)
FNDA:2,(anonymous_1)
FNDA:12,(anonymous_2)
FNDA:9,(anonymous_3)
FNDA:36,(anonymous_4)
FNDA:36,(anonymous_5)
FNDA:9,(anonymous_6)
FNDA:11,(anonymous_7)
FNDA:36,(anonymous_8)
FNDA:36,(anonymous_9)
FNDA:36,(anonymous_10)
FNDA:20,(anonymous_11)
FNDA:16,(anonymous_12)
DA:19,19
DA:20,19
DA:21,19
DA:22,19
DA:23,19
DA:26,9
DA:27,9
DA:31,2
DA:32,2
DA:35,12
DA:37,2
DA:41,9
DA:42,36
DA:43,9
DA:44,9
DA:53,36
DA:61,11
DA:62,9
DA:63,9
DA:74,36
DA:75,36
DA:77,36
DA:78,29
DA:81,36
DA:82,0
DA:85,36
DA:97,36
DA:98,11
DA:99,11
DA:100,27
DA:104,11
DA:106,36
DA:110,36
DA:114,36
DA:116,36
DA:117,0
DA:120,36
DA:121,1
DA:124,35
DA:125,25
DA:126,5
DA:128,20
DA:131,35
DA:135,20
DA:137,20
DA:138,20
DA:139,16
DA:140,6
DA:145,20
DA:146,20
DA:148,0
LF:51
LH:48
BRDA:50,0,0,9
BRDA:50,0,1,0
BRDA:51,1,0,9
BRDA:51,1,1,0
BRDA:71,2,0,9
BRDA:72,3,0,9
BRDA:74,4,0,36
BRDA:74,4,1,0
BRDA:77,5,0,29
BRDA:77,5,1,7
BRDA:77,6,0,36
BRDA:77,6,1,7
BRDA:81,7,0,0
BRDA:81,7,1,36
BRDA:97,8,0,11
BRDA:97,8,1,25
BRDA:97,9,0,36
BRDA:97,9,1,11
BRDA:110,10,0,36
BRDA:110,10,1,36
BRDA:110,10,2,3
BRDA:110,10,3,1
BRDA:116,11,0,0
BRDA:116,11,1,36
BRDA:120,12,0,1
BRDA:120,12,1,35
BRDA:124,13,0,25
BRDA:124,13,1,10
BRDA:124,14,0,35
BRDA:124,14,1,19
BRDA:125,15,0,5
BRDA:125,15,1,20
BRDA:125,16,0,25
BRDA:125,16,1,25
BRDA:126,17,0,5
BRDA:126,17,1,0
BRDA:137,18,0,20
BRDA:137,18,1,0
BRDA:139,19,0,6
BRDA:139,19,1,10
BRDA:139,20,0,16
BRDA:139,20,1,14
BRDA:145,21,0,20
BRDA:145,21,1,0
BRF:44
BRH:36
end_of_record
TN:
SF:/home/travis/build/MaibornWolff/codecharta/visualization/app/codeCharta/util/treeMapHelper.ts
FN:6,(anonymous_0)
FN:16,(anonymous_1)
FN:20,(anonymous_2)
FN:68,(anonymous_3)
FN:70,(anonymous_4)
FN:80,(anonymous_5)
FN:83,(anonymous_6)
FN:88,(anonymous_7)
FN:89,(anonymous_8)
FNF:9
FNH:9
FNDA:9,(anonymous_0)
FNDA:95,(anonymous_1)
FNDA:44,(anonymous_2)
FNDA:50,(anonymous_3)
FNDA:32,(anonymous_4)
FNDA:4,(anonymous_5)
FNDA:4,(anonymous_6)
FNDA:2,(anonymous_7)
FNDA:3,(anonymous_8)
DA:7,9
DA:8,9
DA:9,4
DA:10,5
DA:13,9
DA:17,95
DA:31,44
DA:32,44
DA:33,37
DA:36,44
DA:37,44
DA:38,3
DA:41,44
DA:69,50
DA:70,50
DA:71,4
DA:74,50
DA:75,2
DA:77,50
DA:81,4
DA:83,4
DA:89,3
LF:22
LH:22
BRDA:8,0,0,4
BRDA:8,0,1,5
BRDA:8,1,0,9
BRDA:8,1,1,4
BRDA:17,2,0,95
BRDA:17,2,1,26
BRDA:32,3,0,37
BRDA:32,3,1,7
BRDA:37,4,0,3
BRDA:37,4,1,41
BRDA:44,5,0,33
BRDA:44,5,1,11
BRDA:56,6,0,3
BRDA:56,6,1,41
BRDA:55,7,0,44
BRDA:55,7,1,5
BRDA:58,8,0,44
BRDA:58,8,1,0
BRDA:58,9,0,0
BRDA:58,9,1,0
BRDA:58,9,2,0
BRDA:70,10,0,4
BRDA:70,10,1,46
BRDA:70,11,0,50
BRDA:70,11,1,50
BRDA:74,12,0,2
BRDA:74,12,1,48
BRDA:74,13,0,50
BRDA:74,13,1,50
BRDA:74,13,2,2
BRDA:75,14,0,0
BRDA:75,14,1,2
BRDA:83,15,0,4
BRDA:83,15,1,4
BRDA:83,15,2,4
BRF:35
BRH:30
end_of_record
TN:
SF:/home/travis/build/MaibornWolff/codecharta/visualization/app/codeCharta/util/urlExtractor.ts
FN:8,(anonymous_0)
FN:10,(anonymous_1)
FN:24,(anonymous_2)
FN:37,(anonymous_3)
FN:39,(anonymous_4)
FN:48,(anonymous_5)
FN:49,(anonymous_6)
FN:51,(anonymous_7)
FNF:8
FNH:8
FNDA:27,(anonymous_0)
FNDA:5,(anonymous_1)
FNDA:21,(anonymous_2)
FNDA:5,(anonymous_3)
FNDA:5,(anonymous_4)
FNDA:4,(anonymous_5)
FNDA:4,(anonymous_6)
FNDA:2,(anonymous_7)
DA:6,19
DA:8,27
DA:11,5
DA:12,5
DA:13,5
DA:15,5
DA:16,3
DA:18,2
DA:19,0
DA:21,2
DA:25,21
DA:27,21
DA:28,18
DA:31,21
DA:32,1
DA:35,21
DA:37,21
DA:38,5
DA:40,5
DA:45,21
DA:49,4
DA:50,4
DA:51,2
DA:52,2
DA:53,1
DA:54,1
DA:56,1
DA:60,2
LF:28
LH:27
BRDA:15,0,0,3
BRDA:15,0,1,2
BRDA:18,1,0,0
BRDA:18,1,1,2
BRDA:27,2,0,18
BRDA:27,2,1,3
BRDA:31,3,0,1
BRDA:31,3,1,20
BRDA:50,4,0,2
BRDA:50,4,1,2
BRDA:50,5,0,4
BRDA:50,5,1,2
BRDA:52,6,0,1
BRDA:52,6,1,1
BRF:14
BRH:13
end_of_record
TN:
SF:/home/travis/build/MaibornWolff/codecharta/visualization/app/testVille/testVille.component.ts
FNF:0
FNH:0
DA:2,0
DA:4,0
LF:2
LH:0
BRF:0
BRH:0
end_of_record
TN:
SF:/home/travis/build/MaibornWolff/codecharta/visualization/app/testVille/testVille.ts
FNF:0
FNH:0
DA:2,0
DA:3,0
DA:6,0
LF:3
LH:0
BRF:0
BRH:0
end_of_record
